Log file open, 10/20/19 14:10:42
LogWindows: Failed to load 'aqProf.dll' (GetLastError=126)
LogWindows: File 'aqProf.dll' does not exist
LogWindows: Failed to load 'VtuneApi.dll' (GetLastError=126)
LogWindows: File 'VtuneApi.dll' does not exist
LogWindows: Failed to load 'VtuneApi32e.dll' (GetLastError=126)
LogWindows: File 'VtuneApi32e.dll' does not exist
LogInit: Display: Running engine for game: HorrorGame
LogPlatformFile: Not using cached read wrapper
LogInit: Display: RandInit(357372286) SRandInit(357372287).
LogInit: Read version file with build ID '3944462'
LogInit: Overriding engine version to CL 4033788, compatible CL 3944462
LogInit: Registered custom module enumerator with build ID '3944462'
LogTaskGraph: Started task graph with 5 named threads and 14 total threads with 3 sets of task threads.
LogStats: Stats thread started at 0.364679
LogD3D11RHI: Aftermath initialized
LogICUInternationalization: Display: ICU TimeZone Detection - Raw Offset: -6:00, Platform Override: ''
LogModuleManager: Display: Found up-to-date module file ../../../Engine/Plugins/2D/Paper2D/Binaries/Win64/UE4Editor-Paper2D.dll (API version 3944462).
LogModuleManager: Display: Found up-to-date module file ../../../Engine/Plugins/2D/Paper2D/Binaries/Win64/UE4Editor-Paper2DEditor.dll (API version 3944462).
LogModuleManager: Display: Found up-to-date module file ../../../Engine/Plugins/2D/Paper2D/Binaries/Win64/UE4Editor-PaperSpriteSheetImporter.dll (API version 3944462).
LogModuleManager: Display: Found up-to-date module file ../../../Engine/Plugins/2D/Paper2D/Binaries/Win64/UE4Editor-PaperTiledImporter.dll (API version 3944462).
LogModuleManager: Display: Found up-to-date module file ../../../Engine/Plugins/2D/Paper2D/Binaries/Win64/UE4Editor-SmartSnapping.dll (API version 3944462).
LogModuleManager: Display: Found up-to-date module file ../../../Engine/Plugins/Blendables/LightPropagationVolume/Binaries/Win64/UE4Editor-LightPropagationVolumeRuntime.dll (API version 3944462).
LogModuleManager: Display: Found up-to-date module file ../../../Engine/Plugins/Blendables/LightPropagationVolume/Binaries/Win64/UE4Editor-LightPropagationVolumeEditor.dll (API version 3944462).
LogModuleManager: Display: Found up-to-date module file ../../../Engine/Plugins/Developer/CLionSourceCodeAccess/Binaries/Win64/UE4Editor-CLionSourceCodeAccess.dll (API version 3944462).
LogModuleManager: Display: Found up-to-date module file ../../../Engine/Plugins/Developer/GitSourceControl/Binaries/Win64/UE4Editor-GitSourceControl.dll (API version 3944462).
LogModuleManager: Display: Found up-to-date module file ../../../Engine/Plugins/Developer/PerforceSourceControl/Binaries/Win64/UE4Editor-PerforceSourceControl.dll (API version 3944462).
LogModuleManager: Display: Found up-to-date module file ../../../Engine/Plugins/Developer/SubversionSourceControl/Binaries/Win64/UE4Editor-SubversionSourceControl.dll (API version 3944462).
LogModuleManager: Display: Found up-to-date module file ../../../Engine/Plugins/Developer/UObjectPlugin/Binaries/Win64/UE4Editor-UObjectPlugin.dll (API version 3944462).
LogModuleManager: Display: Found up-to-date module file ../../../Engine/Plugins/Developer/VisualStudioCodeSourceCodeAccess/Binaries/Win64/UE4Editor-VisualStudioCodeSourceCodeAccess.dll (API version 3944462).
LogModuleManager: Display: Found up-to-date module file ../../../Engine/Plugins/Developer/VisualStudioSourceCodeAccess/Binaries/Win64/UE4Editor-VisualStudioSourceCodeAccess.dll (API version 3944462).
LogModuleManager: Display: Found up-to-date module file ../../../Engine/Plugins/Editor/AssetManagerEditor/Binaries/Win64/UE4Editor-AssetManagerEditor.dll (API version 3944462).
LogModuleManager: Display: Found up-to-date module file ../../../Engine/Plugins/Editor/CryptoKeys/Binaries/Win64/UE4Editor-CryptoKeys.dll (API version 3944462).
LogModuleManager: Display: Found up-to-date module file ../../../Engine/Plugins/Editor/CryptoKeys/Binaries/Win64/UE4Editor-CryptoKeysOpenSSL.dll (API version 3944462).
LogModuleManager: Display: Found up-to-date module file ../../../Engine/Plugins/Editor/DataValidation/Binaries/Win64/UE4Editor-DataValidation.dll (API version 3944462).
LogModuleManager: Display: Found up-to-date module file ../../../Engine/Plugins/Editor/FacialAnimation/Binaries/Win64/UE4Editor-FacialAnimation.dll (API version 3944462).
LogModuleManager: Display: Found up-to-date module file ../../../Engine/Plugins/Editor/FacialAnimation/Binaries/Win64/UE4Editor-FacialAnimationEditor.dll (API version 3944462).
LogModuleManager: Display: Found up-to-date module file ../../../Engine/Plugins/Editor/GameplayTagsEditor/Binaries/Win64/UE4Editor-GameplayTagsEditor.dll (API version 3944462).
LogModuleManager: Display: Found up-to-date module file ../../../Engine/Plugins/Editor/MobileLauncherProfileWizard/Binaries/Win64/UE4Editor-MobileLauncherProfileWizard.dll (API version 3944462).
LogModuleManager: Display: Found up-to-date module file ../../../Engine/Plugins/Editor/PluginBrowser/Binaries/Win64/UE4Editor-PluginBrowser.dll (API version 3944462).
LogModuleManager: Display: Found up-to-date module file ../../../Engine/Plugins/Editor/SpeedTreeImporter/Binaries/Win64/UE4Editor-SpeedTreeImporter.dll (API version 3944462).
LogModuleManager: Display: Found up-to-date module file ../../../Engine/Plugins/Enterprise/DatasmithContent/Binaries/Win64/UE4Editor-DatasmithContent.dll (API version 3944462).
LogModuleManager: Display: Found up-to-date module file ../../../Engine/Plugins/Experimental/AlembicImporter/Binaries/Win64/UE4Editor-AlembicImporter.dll (API version 3944462).
LogModuleManager: Display: Found up-to-date module file ../../../Engine/Plugins/Experimental/AlembicImporter/Binaries/Win64/UE4Editor-AlembicLibrary.dll (API version 3944462).
LogModuleManager: Display: Found up-to-date module file ../../../Engine/Plugins/Experimental/CharacterAI/Binaries/Win64/UE4Editor-CharacterAI.dll (API version 3944462).
LogModuleManager: Display: Found up-to-date module file ../../../Engine/Plugins/Experimental/HTML5Networking/Binaries/Win64/UE4Editor-HTML5Networking.dll (API version 3944462).
LogModuleManager: Display: Found up-to-date module file ../../../Engine/Plugins/Media/AndroidMedia/Binaries/Win64/UE4Editor-AndroidMediaEditor.dll (API version 3944462).
LogModuleManager: Display: Found up-to-date module file ../../../Engine/Plugins/Media/AndroidMedia/Binaries/Win64/UE4Editor-AndroidMediaFactory.dll (API version 3944462).
LogModuleManager: Display: Found up-to-date module file ../../../Engine/Plugins/Media/AvfMedia/Binaries/Win64/UE4Editor-AvfMediaEditor.dll (API version 3944462).
LogModuleManager: Display: Found up-to-date module file ../../../Engine/Plugins/Media/AvfMedia/Binaries/Win64/UE4Editor-AvfMediaFactory.dll (API version 3944462).
LogModuleManager: Display: Found up-to-date module file ../../../Engine/Plugins/Media/AvfMedia/Binaries/Win64/UE4Editor-AvfMediaFactory.dll (API version 3944462).
LogModuleManager: Display: Found up-to-date module file ../../../Engine/Plugins/Media/ImgMedia/Binaries/Win64/UE4Editor-ImgMedia.dll (API version 3944462).
LogModuleManager: Display: Found up-to-date module file ../../../Engine/Plugins/Media/ImgMedia/Binaries/Win64/UE4Editor-ImgMediaEditor.dll (API version 3944462).
LogModuleManager: Display: Found up-to-date module file ../../../Engine/Plugins/Media/ImgMedia/Binaries/Win64/UE4Editor-ImgMediaFactory.dll (API version 3944462).
LogModuleManager: Display: Found up-to-date module file ../../../Engine/Plugins/Media/ImgMedia/Binaries/Win64/UE4Editor-ImgMediaFactory.dll (API version 3944462).
LogModuleManager: Display: Found up-to-date module file ../../../Engine/Plugins/Media/ImgMedia/Binaries/Win64/UE4Editor-OpenExrWrapper.dll (API version 3944462).
LogModuleManager: Display: Found up-to-date module file ../../../Engine/Plugins/Media/LinearTimecode/Binaries/Win64/UE4Editor-LinearTimecode.dll (API version 3944462).
LogModuleManager: Display: Found up-to-date module file ../../../Engine/Plugins/Media/MediaCompositing/Binaries/Win64/UE4Editor-MediaCompositing.dll (API version 3944462).
LogModuleManager: Display: Found up-to-date module file ../../../Engine/Plugins/Media/MediaCompositing/Binaries/Win64/UE4Editor-MediaCompositingEditor.dll (API version 3944462).
LogModuleManager: Display: Found up-to-date module file ../../../Engine/Plugins/Media/MediaPlayerEditor/Binaries/Win64/UE4Editor-MediaPlayerEditor.dll (API version 3944462).
LogModuleManager: Display: Found up-to-date module file ../../../Engine/Plugins/Media/WmfMedia/Binaries/Win64/UE4Editor-WmfMedia.dll (API version 3944462).
LogModuleManager: Display: Found up-to-date module file ../../../Engine/Plugins/Media/WmfMedia/Binaries/Win64/UE4Editor-WmfMediaEditor.dll (API version 3944462).
LogModuleManager: Display: Found up-to-date module file ../../../Engine/Plugins/Media/WmfMedia/Binaries/Win64/UE4Editor-WmfMediaFactory.dll (API version 3944462).
LogModuleManager: Display: Found up-to-date module file ../../../Engine/Plugins/Media/WmfMedia/Binaries/Win64/UE4Editor-WmfMediaFactory.dll (API version 3944462).
LogModuleManager: Display: Found up-to-date module file ../../../Engine/Plugins/Messaging/TcpMessaging/Binaries/Win64/UE4Editor-TcpMessaging.dll (API version 3944462).
LogModuleManager: Display: Found up-to-date module file ../../../Engine/Plugins/Messaging/UdpMessaging/Binaries/Win64/UE4Editor-UdpMessaging.dll (API version 3944462).
LogModuleManager: Display: Found up-to-date module file ../../../Engine/Plugins/MovieScene/ActorSequence/Binaries/Win64/UE4Editor-ActorSequence.dll (API version 3944462).
LogModuleManager: Display: Found up-to-date module file ../../../Engine/Plugins/MovieScene/LevelSequenceEditor/Binaries/Win64/UE4Editor-LevelSequenceEditor.dll (API version 3944462).
LogModuleManager: Display: Found up-to-date module file ../../../Engine/Plugins/MovieScene/MatineeToLevelSequence/Binaries/Win64/UE4Editor-MatineeToLevelSequence.dll (API version 3944462).
LogModuleManager: Display: Found up-to-date module file ../../../Engine/Plugins/NetcodeUnitTest/NetcodeUnitTest/Binaries/Win64/UE4Editor-NetcodeUnitTest.dll (API version 3944462).
LogModuleManager: Display: Found up-to-date module file ../../../Engine/Plugins/NetcodeUnitTest/NUTUnrealEngine4/Binaries/Win64/UE4Editor-NUTUnrealEngine4.dll (API version 3944462).
LogModuleManager: Display: Found up-to-date module file ../../../Engine/Plugins/Online/OnlineSubsystem/Binaries/Win64/UE4Editor-OnlineSubsystem.dll (API version 3944462).
LogModuleManager: Display: Found up-to-date module file ../../../Engine/Plugins/Runtime/AndroidPermission/Binaries/Win64/UE4Editor-AndroidPermission.dll (API version 3944462).
LogModuleManager: Display: Found up-to-date module file ../../../Engine/Plugins/Online/OnlineSubsystemNull/Binaries/Win64/UE4Editor-OnlineSubsystemNull.dll (API version 3944462).
LogModuleManager: Display: Found up-to-date module file ../../../Engine/Plugins/Online/OnlineSubsystemUtils/Binaries/Win64/UE4Editor-OnlineSubsystemUtils.dll (API version 3944462).
LogModuleManager: Display: Found up-to-date module file ../../../Engine/Plugins/Online/OnlineSubsystemUtils/Binaries/Win64/UE4Editor-OnlineBlueprintSupport.dll (API version 3944462).
LogModuleManager: Display: Found up-to-date module file ../../../Engine/Plugins/Runtime/AndroidDeviceProfileSelector/Binaries/Win64/UE4Editor-AndroidDeviceProfileSelector.dll (API version 3944462).
LogModuleManager: Display: Found up-to-date module file ../../../Engine/Plugins/Runtime/AppleARKit/Binaries/Win64/UE4Editor-AppleARKit.dll (API version 3944462).
LogModuleManager: Display: Found up-to-date module file ../../../Engine/Plugins/Runtime/ProceduralMeshComponent/Binaries/Win64/UE4Editor-ProceduralMeshComponent.dll (API version 3944462).
LogModuleManager: Display: Found up-to-date module file ../../../Engine/Plugins/Runtime/ProceduralMeshComponent/Binaries/Win64/UE4Editor-ProceduralMeshComponentEditor.dll (API version 3944462).
LogModuleManager: Display: Found up-to-date module file ../../../Engine/Plugins/Animation/LiveLink/Binaries/Win64/UE4Editor-LiveLink.dll (API version 3944462).
LogModuleManager: Display: Found up-to-date module file ../../../Engine/Plugins/Animation/LiveLink/Binaries/Win64/UE4Editor-LiveLinkEditor.dll (API version 3944462).
LogModuleManager: Display: Found up-to-date module file ../../../Engine/Plugins/Runtime/ArchVisCharacter/Binaries/Win64/UE4Editor-ArchVisCharacter.dll (API version 3944462).
LogModuleManager: Display: Found up-to-date module file ../../../Engine/Plugins/Runtime/AudioCapture/Binaries/Win64/UE4Editor-AudioCapture.dll (API version 3944462).
LogModuleManager: Display: Found up-to-date module file ../../../Engine/Plugins/Runtime/AudioCapture/Binaries/Win64/UE4Editor-AudioCaptureEditor.dll (API version 3944462).
LogModuleManager: Display: Found up-to-date module file ../../../Engine/Plugins/Runtime/CableComponent/Binaries/Win64/UE4Editor-CableComponent.dll (API version 3944462).
LogModuleManager: Display: Found up-to-date module file ../../../Engine/Plugins/Runtime/CustomMeshComponent/Binaries/Win64/UE4Editor-CustomMeshComponent.dll (API version 3944462).
LogModuleManager: Display: Found up-to-date module file ../../../Engine/Plugins/Runtime/ExampleDeviceProfileSelector/Binaries/Win64/UE4Editor-ExampleDeviceProfileSelector.dll (API version 3944462).
LogModuleManager: Display: Found up-to-date module file ../../../Engine/Plugins/Runtime/ImmediatePhysics/Binaries/Win64/UE4Editor-ImmediatePhysics.dll (API version 3944462).
LogModuleManager: Display: Found up-to-date module file ../../../Engine/Plugins/Runtime/ImmediatePhysics/Binaries/Win64/UE4Editor-ImmediatePhysicsEditor.dll (API version 3944462).
LogModuleManager: Display: Found up-to-date module file ../../../Engine/Plugins/Runtime/LocationServicesBPLibrary/Binaries/Win64/UE4Editor-LocationServicesBPLibrary.dll (API version 3944462).
LogModuleManager: Display: Found up-to-date module file ../../../Engine/Plugins/Runtime/MobilePatchingUtils/Binaries/Win64/UE4Editor-MobilePatchingUtils.dll (API version 3944462).
LogModuleManager: Display: Found up-to-date module file ../../../Engine/Plugins/Runtime/Oculus/OculusVR/Binaries/Win64/UE4Editor-OculusHMD.dll (API version 3944462).
LogModuleManager: Display: Found up-to-date module file ../../../Engine/Plugins/Runtime/Oculus/OculusVR/Binaries/Win64/UE4Editor-OculusInput.dll (API version 3944462).
LogModuleManager: Display: Found up-to-date module file ../../../Engine/Plugins/Runtime/Oculus/OculusVR/Binaries/Win64/UE4Editor-OculusEditor.dll (API version 3944462).
LogModuleManager: Display: Found up-to-date module file ../../../Engine/Plugins/Runtime/PhysXVehicles/Binaries/Win64/UE4Editor-PhysXVehicles.dll (API version 3944462).
LogModuleManager: Display: Found up-to-date module file ../../../Engine/Plugins/Runtime/PhysXVehicles/Binaries/Win64/UE4Editor-PhysXVehiclesEditor.dll (API version 3944462).
LogModuleManager: Display: Found up-to-date module file ../../../Engine/Plugins/Runtime/RuntimePhysXCooking/Binaries/Win64/UE4Editor-RuntimePhysXCooking.dll (API version 3944462).
LogModuleManager: Display: Found up-to-date module file ../../../Engine/Plugins/Runtime/Steam/SteamVR/Binaries/Win64/UE4Editor-SteamVR.dll (API version 3944462).
LogModuleManager: Display: Found up-to-date module file ../../../Engine/Plugins/Runtime/Steam/SteamVR/Binaries/Win64/UE4Editor-SteamVRController.dll (API version 3944462).
LogModuleManager: Display: Found up-to-date module file ../../../Engine/Plugins/Runtime/WindowsMoviePlayer/Binaries/Win64/UE4Editor-WindowsMoviePlayer.dll (API version 3944462).
LogPluginManager: Mounting plugin Paper2D
LogPluginManager: Mounting plugin LiveLink
LogPluginManager: Mounting plugin LightPropagationVolume
LogPluginManager: Mounting plugin CLionSourceCodeAccess
LogPluginManager: Mounting plugin CodeLiteSourceCodeAccess
LogPluginManager: Mounting plugin GitSourceControl
LogPluginManager: Mounting plugin KDevelopSourceCodeAccess
LogPluginManager: Mounting plugin NullSourceCodeAccess
LogPluginManager: Mounting plugin PerforceSourceControl
LogPluginManager: Mounting plugin SubversionSourceControl
LogPluginManager: Mounting plugin UObjectPlugin
LogPluginManager: Mounting plugin VisualStudioCodeSourceCodeAccess
LogPluginManager: Mounting plugin VisualStudioSourceCodeAccess
LogPluginManager: Mounting plugin XCodeSourceCodeAccess
LogPluginManager: Mounting plugin AssetManagerEditor
LogPluginManager: Mounting plugin CryptoKeys
LogPluginManager: Mounting plugin DataValidation
LogPluginManager: Mounting plugin FacialAnimation
LogPluginManager: Mounting plugin GameplayTagsEditor
LogPluginManager: Mounting plugin MobileLauncherProfileWizard
LogPluginManager: Mounting plugin PluginBrowser
LogPluginManager: Mounting plugin SpeedTreeImporter
LogPluginManager: Mounting plugin DatasmithContent
LogPluginManager: Mounting plugin AlembicImporter
LogPluginManager: Mounting plugin CharacterAI
LogPluginManager: Mounting plugin HTML5Networking
LogPluginManager: Mounting plugin AndroidMedia
LogPluginManager: Mounting plugin AvfMedia
LogPluginManager: Mounting plugin ImgMedia
LogPluginManager: Mounting plugin LinearTimecode
LogPluginManager: Mounting plugin MediaCompositing
LogPluginManager: Mounting plugin MediaPlayerEditor
LogPluginManager: Mounting plugin WmfMedia
LogPluginManager: Mounting plugin TcpMessaging
LogPluginManager: Mounting plugin UdpMessaging
LogPluginManager: Mounting plugin ActorSequence
LogPluginManager: Mounting plugin LevelSequenceEditor
LogPluginManager: Mounting plugin MatineeToLevelSequence
LogPluginManager: Mounting plugin NetcodeUnitTest
LogPluginManager: Mounting plugin NUTUnrealEngine4
LogPluginManager: Mounting plugin OnlineSubsystemGooglePlay
LogPluginManager: Mounting plugin OnlineSubsystemIOS
LogPluginManager: Mounting plugin OnlineSubsystem
LogPluginManager: Mounting plugin OnlineSubsystemNull
LogPluginManager: Mounting plugin OnlineSubsystemUtils
LogPluginManager: Mounting plugin AndroidDeviceProfileSelector
LogPluginManager: Mounting plugin AndroidMoviePlayer
LogPluginManager: Mounting plugin AndroidPermission
LogPluginManager: Mounting plugin AppleARKit
LogPluginManager: Mounting plugin AppleMoviePlayer
LogPluginManager: Mounting plugin ArchVisCharacter
LogPluginManager: Mounting plugin AudioCapture
LogPluginManager: Mounting plugin CableComponent
LogPluginManager: Mounting plugin CustomMeshComponent
LogPluginManager: Mounting plugin ExampleDeviceProfileSelector
LogPluginManager: Mounting plugin GoogleCloudMessaging
LogPluginManager: Mounting plugin ImmediatePhysics
LogPluginManager: Mounting plugin IOSDeviceProfileSelector
LogPluginManager: Mounting plugin LinuxDeviceProfileSelector
LogPluginManager: Mounting plugin LocationServicesBPLibrary
LogPluginManager: Mounting plugin MobilePatchingUtils
LogPluginManager: Mounting plugin OculusVR
LogPluginManager: Plugin shader directory ../../../Engine/Plugins/Runtime/Oculus/OculusVR/Shaders found
LogPluginManager: Mapping shader source directory ../../../Engine/Plugins/Runtime/Oculus/OculusVR/Shaders to virtual directory /Plugin/OculusVR
LogPluginManager: Mounting plugin PhysXVehicles
LogPluginManager: Mounting plugin ProceduralMeshComponent
LogPluginManager: Mounting plugin RuntimePhysXCooking
LogPluginManager: Mounting plugin SteamVR
LogPluginManager: Mounting plugin WindowsMoviePlayer
LogStreaming: Display: Took  6.828s to configure plugins.
LogInit: Using libcurl 7.47.1
LogInit:  - built for x86_64-pc-win32
LogInit:  - supports SSL with OpenSSL/1.0.2g
LogInit:  - supports HTTP deflate (compression) using libz 1.2.8
LogInit:  - other features:
LogInit:      CURL_VERSION_SSL
LogInit:      CURL_VERSION_LIBZ
LogInit:      CURL_VERSION_IPV6
LogInit:      CURL_VERSION_ASYNCHDNS
LogInit:      CURL_VERSION_LARGEFILE
LogInit:      CURL_VERSION_IDN
LogInit:  CurlRequestOptions (configurable via config and command line):
LogInit:  - bVerifyPeer = false  - Libcurl will NOT verify peer certificate
LogInit:  - bUseHttpProxy = false  - Libcurl will NOT use HTTP proxy
LogInit:  - bDontReuseConnections = false  - Libcurl will reuse connections
LogInit:  - CertBundlePath = nullptr  - Libcurl will use whatever was configured at build time.
LogInit:  - MaxHostConnections = 16  - Libcurl will limit the number of connections to a host
LogInit:  - LocalHostAddr = Default
LogInit: WinSock: version 1.1 (2.2), MaxSocks=32767, MaxUdp=65467
LogInit: WinSock: I am LAPTOP-E69DGUHC (10.0.0.12:0)
LogInit: Build: ++UE4+Release-4.19-CL-4033788
LogInit: Engine Version: 4.19.2-4033788+++UE4+Release-4.19
LogInit: Compatible Engine Version: 4.19.0-3944462+++UE4+Release-4.19
LogInit: Net CL: 3944462
LogDevObjectVersion: Number of dev versions registered: 18
LogDevObjectVersion:   Dev-Blueprints (B0D832E4-1F89-4F0D-ACCF-7EB736FD4AA2): 10
LogDevObjectVersion:   Dev-Build (E1C64328-A22C-4D53-A36C-8E866417BD8C): 0
LogDevObjectVersion:   Dev-Core (375EC13C-06E4-48FB-B500-84F0262A717E): 2
LogDevObjectVersion:   Dev-Editor (E4B068ED-F494-42E9-A231-DA0B2E46BB41): 23
LogDevObjectVersion:   Dev-Framework (CFFC743F-43B0-4480-9391-14DF171D2073): 33
LogDevObjectVersion:   Dev-Mobile (B02B49B5-BB20-44E9-A304-32B752E40360): 2
LogDevObjectVersion:   Dev-Networking (A4E4105C-59A1-49B5-A7C5-40C4547EDFEE): 0
LogDevObjectVersion:   Dev-Online (39C831C9-5AE6-47DC-9A44-9C173E1C8E7C): 0
LogDevObjectVersion:   Dev-Physics (78F01B33-EBEA-4F98-B9B4-84EACCB95AA2): 0
LogDevObjectVersion:   Dev-Platform (6631380F-2D4D-43E0-8009-CF276956A95A): 0
LogDevObjectVersion:   Dev-Rendering (12F88B9F-8875-4AFC-A67C-D90C383ABD29): 25
LogDevObjectVersion:   Dev-Sequencer (7B5AE74C-D270-4C10-A958-57980B212A5A): 6
LogDevObjectVersion:   Dev-VR (D7296918-1DD6-4BDD-9DE2-64A83CC13884): 1
LogDevObjectVersion:   Dev-LoadTimes (C2A15278-BFE7-4AFE-6C17-90FF531DF755): 1
LogDevObjectVersion:   Private-Geometry (6EACA3D4-40EC-4CC1-B786-8BED09428FC5): 2
LogDevObjectVersion:   Dev-AnimPhys (29E575DD-E0A3-4627-9D10-D276232CDCEA): 16
LogDevObjectVersion:   Dev-ReflectionCapture (6B266CEC-1EC7-4B8F-A30B-E4D90942FC07): 1
LogDevObjectVersion:   Dev-Automation (0DF73D61-A23F-47EA-B727-89E90C41499A): 1
LogInit: Compiled (64-bit): Apr 27 2018 02:06:57
LogInit: Compiled with Visual C++: 19.00.24215.01
LogInit: Build Configuration: Development
LogInit: Branch Name: ++UE4+Release-4.19
LogInit: Command Line: 
LogInit: Base Directory: C:/Program Files/Epic Games/UE_4.19/Engine/Binaries/Win64/
LogInit: Installed Engine Build: 1
LogStreaming: Display: Took  0.004s to delete old logs.
LogInit: Presizing for max 8388607 objects, including 0 objects not considered by GC, pre-allocating 0 bytes for permanent pool.
LogInit: Object subsystem initialized
[2019.10.20-19.10.50:240][  0]LogInit: Selected Device Profile: [Windows]
[2019.10.20-19.10.50:240][  0]LogInit: Applying CVar settings loaded from the selected device profile: [Windows]
[2019.10.20-19.10.50:307][  0]LogInit: Computer: LAPTOP-E69DGUHC
[2019.10.20-19.10.50:307][  0]LogInit: User: Ami
[2019.10.20-19.10.50:307][  0]LogInit: CPU Page size=4096, Cores=4
[2019.10.20-19.10.50:307][  0]LogInit: High frequency timer resolution =10.000000 MHz
[2019.10.20-19.10.50:307][  0]LogMemory: Memory total: Physical=15.5GB (16GB approx)
[2019.10.20-19.10.50:308][  0]LogMemory: Platform Memory Stats for Windows
[2019.10.20-19.10.50:308][  0]LogMemory: Process Physical Memory: 272.86 MB used, 272.86 MB peak
[2019.10.20-19.10.50:308][  0]LogMemory: Process Virtual Memory: 266.14 MB used, 266.14 MB peak
[2019.10.20-19.10.50:308][  0]LogMemory: Physical Memory: 9329.89 MB used,  6504.39 MB free, 15834.28 MB total
[2019.10.20-19.10.50:308][  0]LogMemory: Virtual Memory: 4769.61 MB used,  6504.39 MB free, 134217728.00 MB total
[2019.10.20-19.10.50:532][  0]LogInit: Using OS detected language (en-US).
[2019.10.20-19.10.50:532][  0]LogInit: Using OS detected locale (en-US).
[2019.10.20-19.10.50:776][  0]LogTextLocalizationManager: No specific localization for 'en-US' exists, so the 'en' localization will be used.
[2019.10.20-19.10.52:034][  0]LogStreaming: Display: Took  1.501s to EndInitTextLocalization.
[2019.10.20-19.10.52:034][  0]LogInit: Setting process to per monitor DPI aware
[2019.10.20-19.10.52:431][  0]LogSlate: New Slate User Created.  User Index 0, Is Virtual User: 0
[2019.10.20-19.10.52:431][  0]LogSlate: Slate User Registered.  User Index 0, Is Virtual User: 0
[2019.10.20-19.11.02:874][  0]LogD3D11RHI: D3D11 adapters:
[2019.10.20-19.11.02:969][  0]LogD3D11RHI:    0. 'AMD Radeon R7 Graphics' (Feature Level 11_0)
[2019.10.20-19.11.02:969][  0]LogD3D11RHI:       487/0/7917 MB DedicatedVideo/DedicatedSystem/SharedSystem, Outputs:1, VendorId:0x1002
[2019.10.20-19.11.02:980][  0]LogD3D11RHI:    1. 'Microsoft Basic Render Driver' (Feature Level 11_0)
[2019.10.20-19.11.02:980][  0]LogD3D11RHI:       0/0/7917 MB DedicatedVideo/DedicatedSystem/SharedSystem, Outputs:0, VendorId:0x1414
[2019.10.20-19.11.02:980][  0]LogD3D11RHI: Chosen D3D11 Adapter: 0
[2019.10.20-19.11.03:016][  0]LogD3D11RHI: Creating new Direct3DDevice
[2019.10.20-19.11.03:017][  0]LogD3D11RHI:     GPU DeviceId: 0x9874 (for the marketing name, search the web for "GPU Device Id")
[2019.10.20-19.11.03:017][  0]LogWindows: EnumDisplayDevices:
[2019.10.20-19.11.03:017][  0]LogWindows:    0. 'AMD Radeon R7 Graphics' (P:1 D:1)
[2019.10.20-19.11.03:018][  0]LogWindows:    1. 'AMD Radeon R7 Graphics' (P:0 D:0)
[2019.10.20-19.11.03:019][  0]LogWindows:    2. 'AMD Radeon R7 Graphics' (P:0 D:0)
[2019.10.20-19.11.03:020][  0]LogWindows: DebugString: GetVideoDriverDetailsInvalid PrimaryIsNotTheChoosenAdapter GetVideoDriverDetailsInvalid PrimaryIsNotTheChoosenAdapter GetVideoDriverDetailsInvalid PrimaryIsNotTheChoosenAdapter FoundDriverCount:0 
[2019.10.20-19.11.03:020][  0]LogD3D11RHI:     Adapter Name: AMD Radeon R7 Graphics
[2019.10.20-19.11.03:020][  0]LogD3D11RHI:   Driver Version: Unknown (internal:Unknown, unified:Unknown)
[2019.10.20-19.11.03:020][  0]LogD3D11RHI:      Driver Date: Unknown
[2019.10.20-19.11.03:020][  0]LogRHI: Texture pool is 341 MB (70% of 487 MB)
[2019.10.20-19.11.03:275][  0]LogD3D11RHI: Async texture creation enabled
[2019.10.20-19.11.03:302][  0]LogD3D11RHI: GPU Timing Frequency: 100.000000 (Debug: 2 1)
[2019.10.20-19.11.03:308][  0]LogShaderCompilers: Guid format shader working directory is -17 characters bigger than the processId version (../../../../../../Users/Ami/Desktop/Capstone/SoundHorrorGame/Intermediate/Shaders/WorkingDirectory/22776/).
[2019.10.20-19.11.03:309][  0]LogShaderCompilers: Cleaned the shader compiler working directory 'C:/Users/Ami/AppData/Local/Temp/UnrealShaderWorkingDir/4F34E758470FFAAFCE8239983FD3822F/'.
[2019.10.20-19.11.04:563][  0]LogTemp: Display: Loaded TP AllDesktopTargetPlatform
[2019.10.20-19.11.04:625][  0]LogTemp: Display: Loaded TP MacClientTargetPlatform
[2019.10.20-19.11.04:686][  0]LogTemp: Display: Loaded TP MacNoEditorTargetPlatform
[2019.10.20-19.11.04:749][  0]LogTemp: Display: Loaded TP MacServerTargetPlatform
[2019.10.20-19.11.04:826][  0]LogTemp: Display: Loaded TP MacTargetPlatform
[2019.10.20-19.11.04:895][  0]LogTemp: Display: Loaded TP WindowsClientTargetPlatform
[2019.10.20-19.11.04:960][  0]LogTemp: Display: Loaded TP WindowsNoEditorTargetPlatform
[2019.10.20-19.11.05:023][  0]LogTemp: Display: Loaded TP WindowsServerTargetPlatform
[2019.10.20-19.11.05:056][  0]LogTemp: Display: Loaded TP WindowsTargetPlatform
[2019.10.20-19.11.05:110][  0]LogTemp: Display: Loaded TP Android_ASTCTargetPlatform
[2019.10.20-19.11.05:169][  0]LogTemp: Display: Loaded TP Android_ATCTargetPlatform
[2019.10.20-19.11.05:228][  0]LogTemp: Display: Loaded TP Android_DXTTargetPlatform
[2019.10.20-19.11.05:283][  0]LogTemp: Display: Loaded TP Android_ETC1aTargetPlatform
[2019.10.20-19.11.05:337][  0]LogTemp: Display: Loaded TP Android_ETC1TargetPlatform
[2019.10.20-19.11.05:403][  0]LogTemp: Display: Loaded TP Android_ETC2TargetPlatform
[2019.10.20-19.11.05:521][  0]LogTemp: Display: Loaded TP Android_MultiTargetPlatform
[2019.10.20-19.11.05:522][  0]LogTemp: Display: Loaded TP Android_PVRTCTargetPlatform
[2019.10.20-19.11.05:604][  0]LogTemp: Display: Loaded TP AndroidTargetPlatform
[2019.10.20-19.11.05:614][  0]LogTemp: Display: Loaded TP HTML5TargetPlatform
[2019.10.20-19.11.05:735][  0]LogTemp: Display: Loaded TP IOSTargetPlatform
[2019.10.20-19.11.05:787][  0]LogTemp: Display: Loaded TP TVOSTargetPlatform
[2019.10.20-19.11.05:843][  0]LogTemp: Display: Loaded TP LinuxClientTargetPlatform
[2019.10.20-19.11.05:898][  0]LogTemp: Display: Loaded TP LinuxNoEditorTargetPlatform
[2019.10.20-19.11.05:953][  0]LogTemp: Display: Loaded TP LinuxServerTargetPlatform
[2019.10.20-19.11.06:023][  0]LogTemp: Display: Loaded TP LinuxTargetPlatform
[2019.10.20-19.11.06:023][  0]LogTargetPlatformManager: Display: Building Assets For Windows
[2019.10.20-19.11.06:838][  0]LogXGEController: Cannot use XGE Controller as Incredibuild is not installed on this machine.
[2019.10.20-19.11.06:839][  0]LogShaderCompilers: Cannot use XGE Shader Compiler as Incredibuild is not installed on this machine.
[2019.10.20-19.11.06:839][  0]LogShaderCompilers: Display: Using Local Shader Compiler.
[2019.10.20-19.11.15:550][  0]LogDerivedDataCache: Display: Max Cache Size: 512 MB
[2019.10.20-19.11.16:109][  0]LogDerivedDataCache: Loaded boot cache 0.56s 74MB C:/Users/Ami/AppData/Local/UnrealEngine/4.19/DerivedDataCache/Boot.ddc.
[2019.10.20-19.11.16:109][  0]LogDerivedDataCache: Display: Loaded Boot cache: C:/Users/Ami/AppData/Local/UnrealEngine/4.19/DerivedDataCache/Boot.ddc
[2019.10.20-19.11.16:110][  0]LogDerivedDataCache: FDerivedDataBackendGraph:  Pak pak cache file ../../../../../../Users/Ami/Desktop/Capstone/SoundHorrorGame/DerivedDataCache/DDC.ddp not found, will not use a pak cache.
[2019.10.20-19.11.16:110][  0]LogDerivedDataCache: Unable to find inner node Pak for hierarchical cache Hierarchy.
[2019.10.20-19.11.16:110][  0]LogDerivedDataCache: FDerivedDataBackendGraph:  CompressedPak pak cache file ../../../../../../Users/Ami/Desktop/Capstone/SoundHorrorGame/DerivedDataCache/Compressed.ddp not found, will not use a pak cache.
[2019.10.20-19.11.16:110][  0]LogDerivedDataCache: Unable to find inner node CompressedPak for hierarchical cache Hierarchy.
[2019.10.20-19.11.16:161][  0]LogDerivedDataCache: Display: Pak cache opened for reading ../../../Engine/DerivedDataCache/Compressed.ddp.
[2019.10.20-19.11.16:180][  0]LogDerivedDataCache: Using Local data cache path C:/Users/Ami/AppData/Local/UnrealEngine/Common/DerivedDataCache: Writable
[2019.10.20-19.11.16:180][  0]LogDerivedDataCache: Shared data cache path not found in *engine.ini, will not use an Shared cache.
[2019.10.20-19.11.16:180][  0]LogDerivedDataCache: Unable to find inner node Shared for hierarchical cache Hierarchy.
[2019.10.20-19.11.16:219][  0]LogMaterial: Verifying Global Shaders for PCD3D_SM5
[2019.10.20-19.11.16:220][  0]LogSlate: Using Freetype 2.6.0
[2019.10.20-19.11.16:235][  0]LogSlate: SlateFontCache - WITH_FREETYPE: 1, WITH_HARFBUZZ: 1
[2019.10.20-19.11.16:236][  0]LogSlate: SlateFontCache - WITH_FREETYPE: 1, WITH_HARFBUZZ: 1
[2019.10.20-19.11.19:225][  0]LogAssetRegistry: FAssetRegistry took 0.0754 seconds to start up
[2019.10.20-19.11.21:080][  0]LogInit: Selected Device Profile: [Windows]
[2019.10.20-19.11.21:851][  0]LogSimplygon: Simplygon DLL not present - disabling.
[2019.10.20-19.11.21:862][  0]LogMeshReduction: Using SimplygonSwarm for distributed automatic mesh merging
[2019.10.20-19.11.21:862][  0]LogMeshReduction: Using QuadricMeshReduction for automatic static mesh reduction
[2019.10.20-19.11.21:862][  0]LogMeshReduction: No automatic skeletal mesh reduction module available
[2019.10.20-19.11.21:862][  0]LogMeshReduction: No automatic mesh merging module available
[2019.10.20-19.11.21:862][  0]LogMeshMerging: No automatic mesh merging module available
[2019.10.20-19.11.21:989][  0]LogNetVersion: HorrorGame , NetCL: 3944462, EngineNetVer: 2, GameNetVer: 0 (Checksum: 4288917511)
[2019.10.20-19.11.23:181][  0]LogPackageLocalizationCache: Processed 9 localized package path(s) for 2 prioritized culture(s) in 0.245186 seconds
[2019.10.20-19.11.23:193][  0]LogUObjectArray: 36728 objects as part of root set at end of initial load.
[2019.10.20-19.11.23:193][  0]LogUObjectAllocator: 7314312 out of 0 bytes used by permanent object pool.
[2019.10.20-19.11.23:193][  0]LogUObjectArray: CloseDisregardForGC: 0/0 objects in disregard for GC pool
[2019.10.20-19.11.56:618][  0]LogTcpMessaging: Initializing TcpMessaging bridge
[2019.10.20-19.11.56:793][  0]LogUdpMessaging: Initializing bridge on interface 0.0.0.0:0 to multicast group 230.0.0.1:6666.
[2019.10.20-19.11.59:334][  0]SourceControl: Source control is disabled
[2019.10.20-19.11.59:334][  0]SourceControl: Source control is disabled
[2019.10.20-19.11.59:483][  0]SourceControl: Source control is disabled
[2019.10.20-19.11.59:635][  0]SourceControl: Source control is disabled
[2019.10.20-19.12.03:181][  0]LogAndroidPermission: UAndroidPermissionCallbackProxy::GetInstance
[2019.10.20-19.12.04:742][  0]LogOcInput: OculusInput pre-init called
[2019.10.20-19.12.05:671][  0]LogEngine: Initializing Engine...
[2019.10.20-19.12.05:679][  0]LogHMD: Failed to initialize OpenVR with code 110
[2019.10.20-19.12.05:683][  0]LogStats: UGameplayTagsManager::ConstructGameplayTagTree: Construct from data asset -  0.000 s
[2019.10.20-19.12.05:683][  0]LogStats: UGameplayTagsManager::ConstructGameplayTagTree: GameplayTagTreeChangedEvent.Broadcast -  0.000 s
[2019.10.20-19.12.06:829][  0]LogAIModule: Creating AISystem for world Untitled
[2019.10.20-19.12.07:058][  0]LogInit: XAudio2 using 'Speaker/Headphone (Realtek High Definition Audio)' : 2 channels at 48 kHz using 32 bits per sample (channel mask 0x3)
[2019.10.20-19.12.07:338][  0]LogInit: FAudioDevice initialized.
[2019.10.20-19.12.07:725][  0]LogDerivedDataCache: Saved boot cache 0.39s 74MB C:/Users/Ami/AppData/Local/UnrealEngine/4.19/DerivedDataCache/Boot.ddc.
[2019.10.20-19.12.07:770][  0]LogInit: Texture streaming: Enabled
[2019.10.20-19.12.07:858][  0]LogEngineSessionManager: EngineSessionManager initialized
[2019.10.20-19.12.07:935][  0]LogInit: Transaction tracking system initialized
[2019.10.20-19.12.08:069][  0]BlueprintLog: New page: Editor Load
[2019.10.20-19.12.08:800][  0]LocalizationService: Localization service is disabled
[2019.10.20-19.12.09:900][  0]LogConsoleResponse: Display: 
[2019.10.20-19.12.10:445][  0]LogCook: Display: Max memory allowance for cook 16384mb min free memory 0mb
[2019.10.20-19.12.10:445][  0]LogCook: Display: Mobile HDR setting 1
[2019.10.20-19.12.10:445][  0]LogGameplayTags: Display: UGameplayTagsManager::DoneAddingNativeTags. DelegateIsBound: 0
[2019.10.20-19.12.10:445][  0]LogStats: UGameplayTagsManager::ConstructGameplayTagTree: Construct from data asset -  0.000 s
[2019.10.20-19.12.10:445][  0]LogStats: UGameplayTagsManager::ConstructGameplayTagTree: GameplayTagTreeChangedEvent.Broadcast -  0.000 s
[2019.10.20-19.12.10:625][  0]LogFileCache: Scanning file cache for directory 'C:/Users/Ami/Desktop/Capstone/SoundHorrorGame/Content/' took 0.04s
[2019.10.20-19.12.12:889][  0]SourceControl: Source control is disabled
[2019.10.20-19.12.12:889][  0]Cmd: MAP LOAD FILE="../../../../../../Users/Ami/Desktop/Capstone/SoundHorrorGame/Content/FirstPersonBP/Maps/FirstPersonExampleMap.umap" TEMPLATE=0 SHOWPROGRESS=1 FEATURELEVEL=3
[2019.10.20-19.12.12:891][  0]LightingResults: New page: Lighting Build
[2019.10.20-19.12.12:901][  0]MapCheck: New page: Map Check
[2019.10.20-19.12.12:901][  0]LightingResults: New page: Lighting Build
[2019.10.20-19.12.13:112][  0]LogUObjectGlobals: Created PersistentFrame Addr=0x000001a5fea52520, Size=72, Default__FirstPerson_AnimBP_C Function /Game/FirstPerson/Animations/FirstPerson_AnimBP.FirstPerson_AnimBP_C:ExecuteUbergraph_FirstPerson_AnimBP
[2019.10.20-19.12.13:141][  0]LogUObjectGlobals: Destroyed PersistentFrame Addr=0x000001a5fea52520, Size=72
[2019.10.20-19.12.13:141][  0]LogUObjectGlobals: Created PersistentFrame Addr=0x000001a58851f970, Size=72, Default__FirstPerson_AnimBP_C Function /Engine/Transient.REINST_FirstPerson_AnimBP_C_0:ExecuteUbergraph_FirstPerson_AnimBP
[2019.10.20-19.12.13:171][  0]LogUObjectGlobals: Created PersistentFrame Addr=0x000001a5884d5ad0, Size=72, Default__FirstPerson_AnimBP_C Function /Game/FirstPerson/Animations/FirstPerson_AnimBP.FirstPerson_AnimBP_C:ExecuteUbergraph_FirstPerson_AnimBP
[2019.10.20-19.12.13:218][  0]LogUObjectGlobals: Created PersistentFrame Addr=0x000001a5884bfc00, Size=256, Default__FirstPersonProjectile_C Function /Game/FirstPersonBP/Blueprints/FirstPersonProjectile.FirstPersonProjectile_C:ExecuteUbergraph_FirstPersonProjectile
[2019.10.20-19.12.13:231][  0]LogUObjectGlobals: Destroyed PersistentFrame Addr=0x000001a5884bfc00, Size=256
[2019.10.20-19.12.13:231][  0]LogUObjectGlobals: Created PersistentFrame Addr=0x000001a5884bfc00, Size=256, Default__FirstPersonProjectile_C Function /Engine/Transient.REINST_FirstPersonProjectile_C_4:ExecuteUbergraph_FirstPersonProjectile
[2019.10.20-19.12.13:237][  0]LogUObjectGlobals: Created PersistentFrame Addr=0x000001a5884bd300, Size=256, Default__FirstPersonProjectile_C Function /Game/FirstPersonBP/Blueprints/FirstPersonProjectile.FirstPersonProjectile_C:ExecuteUbergraph_FirstPersonProjectile
[2019.10.20-19.12.13:470][  0]LogUObjectGlobals: Created PersistentFrame Addr=0x000001a58911f240, Size=264, Default__FirstPersonCharacter_C Function /Game/FirstPersonBP/Blueprints/FirstPersonCharacter.FirstPersonCharacter_C:ExecuteUbergraph_FirstPersonCharacter
[2019.10.20-19.12.13:501][  0]LogUObjectGlobals: Destroyed PersistentFrame Addr=0x000001a58911f240, Size=264
[2019.10.20-19.12.13:501][  0]LogUObjectGlobals: Created PersistentFrame Addr=0x000001a58911f240, Size=264, Default__FirstPersonCharacter_C Function /Engine/Transient.REINST_FirstPersonCharacter_C_6:ExecuteUbergraph_FirstPersonCharacter
[2019.10.20-19.12.13:520][  0]LogUObjectGlobals: Created PersistentFrame Addr=0x000001a58911ce00, Size=264, Default__FirstPersonCharacter_C Function /Game/FirstPersonBP/Blueprints/FirstPersonCharacter.FirstPersonCharacter_C:ExecuteUbergraph_FirstPersonCharacter
[2019.10.20-19.12.13:859][  0]LogUObjectGlobals: Created PersistentFrame Addr=0x000001a588863dd0, Size=52, Default__FirstPersonHUD_C Function /Game/FirstPersonBP/Blueprints/FirstPersonHUD.FirstPersonHUD_C:ExecuteUbergraph_FirstPersonHUD
[2019.10.20-19.12.13:871][  0]LogUObjectGlobals: Destroyed PersistentFrame Addr=0x000001a588863dd0, Size=52
[2019.10.20-19.12.13:872][  0]LogUObjectGlobals: Created PersistentFrame Addr=0x000001a588863dd0, Size=52, Default__FirstPersonHUD_C Function /Engine/Transient.REINST_FirstPersonHUD_C_10:ExecuteUbergraph_FirstPersonHUD
[2019.10.20-19.12.13:879][  0]LogUObjectGlobals: Created PersistentFrame Addr=0x000001a5888638c8, Size=52, Default__FirstPersonHUD_C Function /Game/FirstPersonBP/Blueprints/FirstPersonHUD.FirstPersonHUD_C:ExecuteUbergraph_FirstPersonHUD
[2019.10.20-19.12.14:241][  0]LogUObjectGlobals: Created PersistentFrame Addr=0x000001a58884e800, Size=96, Default__FirstPersonExampleMap_C Function /Game/FirstPersonBP/Maps/FirstPersonExampleMap.FirstPersonExampleMap_C:ExecuteUbergraph_FirstPersonExampleMap
[2019.10.20-19.12.14:248][  0]LogUObjectGlobals: Destroyed PersistentFrame Addr=0x000001a58884e800, Size=96
[2019.10.20-19.12.14:248][  0]LogUObjectGlobals: Created PersistentFrame Addr=0x000001a58884e800, Size=96, Default__FirstPersonExampleMap_C Function /Engine/Transient.REINST_FirstPersonExampleMap_C_14:ExecuteUbergraph_FirstPersonExampleMap
[2019.10.20-19.12.14:256][  0]LogUObjectGlobals: Created PersistentFrame Addr=0x000001a5893b79a0, Size=96, Default__FirstPersonExampleMap_C Function /Game/FirstPersonBP/Maps/FirstPersonExampleMap.FirstPersonExampleMap_C:ExecuteUbergraph_FirstPersonExampleMap
[2019.10.20-19.12.14:928][  0]LogSkeletalMesh: Skeletal Mesh found in DDC [10.953000ms] /Game/FirstPerson/FPWeapon/Mesh/SK_FPGun.SK_FPGun
[2019.10.20-19.12.14:978][  0]LogSkeletalMesh: Skeletal Mesh found in DDC [17.823000ms] /Game/FirstPerson/Character/Mesh/SK_Mannequin_Arms.SK_Mannequin_Arms
[2019.10.20-19.12.15:944][  0]LogAIModule: Creating AISystem for world FirstPersonExampleMap
[2019.10.20-19.12.16:037][  0]LogEditorServer: Finished looking for orphan Actors (0.000 secs)
[2019.10.20-19.12.16:093][  0]LogUObjectGlobals: Destroyed PersistentFrame Addr=0x000001a58851f970, Size=72
[2019.10.20-19.12.16:093][  0]LogUObjectGlobals: Destroyed PersistentFrame Addr=0x000001a5884bfc00, Size=256
[2019.10.20-19.12.16:094][  0]LogUObjectGlobals: Destroyed PersistentFrame Addr=0x000001a58911f240, Size=264
[2019.10.20-19.12.16:094][  0]LogUObjectGlobals: Destroyed PersistentFrame Addr=0x000001a588863dd0, Size=52
[2019.10.20-19.12.16:094][  0]LogUObjectGlobals: Destroyed PersistentFrame Addr=0x000001a58884e800, Size=96
[2019.10.20-19.12.16:097][  0]Cmd: MAP CHECKDEP NOCLEARLOG
[2019.10.20-19.12.16:882][  0]MapCheck: Map check complete: 0 Error(s), 0 Warning(s), took 784.07ms to complete.
[2019.10.20-19.12.16:884][  0]LogFileHelpers: Loading map 'FirstPersonExampleMap' took 3.995
[2019.10.20-19.12.17:305][  0]LogCollectionManager: Loaded 0 collections in 0.008176 seconds
[2019.10.20-19.12.17:368][  0]LogFileCache: Scanning file cache for directory 'C:/Users/Ami/Desktop/Capstone/SoundHorrorGame/Saved/Collections/' took 0.01s
[2019.10.20-19.12.17:368][  0]LogFileCache: Scanning file cache for directory 'C:/Users/Ami/Desktop/Capstone/SoundHorrorGame/Content/Developers/Ami/Collections/' took 0.01s
[2019.10.20-19.12.17:368][  0]LogFileCache: Scanning file cache for directory 'C:/Users/Ami/Desktop/Capstone/SoundHorrorGame/Content/Collections/' took 0.01s
[2019.10.20-19.12.17:368][  0]LogCollectionManager: Rebuilt the GUID cache for 0 collections in 0.000001 seconds
[2019.10.20-19.12.17:398][  0]LogContentBrowser: Native class hierarchy populated in 0.0290 seconds. Added 2452 classes and 558 folders.
[2019.10.20-19.12.17:424][  0]LogContentBrowser: Native class hierarchy updated for 'WidgetCarousel' in 0.0007 seconds. Added 0 classes and 0 folders.
[2019.10.20-19.12.18:437][  0]LogContentBrowser: Native class hierarchy updated for 'AddContentDialog' in 0.0006 seconds. Added 0 classes and 0 folders.
[2019.10.20-19.12.18:449][  0]LogContentBrowser: Native class hierarchy updated for 'SceneOutliner' in 0.0006 seconds. Added 1 classes and 2 folders.
[2019.10.20-19.12.18:562][  0]LogSlate: Took 0.064181 seconds to synchronously load lazily loaded font '../../../Engine/Content/Slate/Fonts/Roboto-Regular.ttf' (155K)
[2019.10.20-19.12.18:590][  0]LogSlate: Took 0.023759 seconds to synchronously load lazily loaded font '../../../Engine/Content/Slate/Fonts/Roboto-Bold.ttf' (160K)
[2019.10.20-19.12.18:603][  0]LogSlate: Took 0.001036 seconds to synchronously load lazily loaded font '../../../Engine/Content/Editor/Slate/Fonts/FontAwesome.ttf' (139K)
[2019.10.20-19.12.18:874][  0]LogRenderer: Reallocating scene render targets to support 964x436 Format 10 NumSamples 1 (Frame:1).
[2019.10.20-19.12.19:576][  0]LogContentBrowser: Native class hierarchy updated for 'HierarchicalLODOutliner' in 0.0006 seconds. Added 0 classes and 0 folders.
[2019.10.20-19.12.19:576][  0]LogLoad: (Engine Initialization) Total time: 101.97 seconds
[2019.10.20-19.12.19:576][  0]LogLoad: (Engine Initialization) Total Blueprint compile time: 0.00 seconds
[2019.10.20-19.12.19:628][  0]LogContentStreaming: Texture pool size now 1000 MB
[2019.10.20-19.12.19:710][  0]LogSlate: Took 0.000666 seconds to synchronously load lazily loaded font '../../../Engine/Content/Slate/Fonts/Roboto-Light.ttf' (167K)
[2019.10.20-19.12.19:848][  2]LogAssetRegistry: Asset discovery search completed in 60.6507 seconds
[2019.10.20-19.12.19:852][  2]LogCollectionManager: Rebuilt the object cache for 0 collections in 0.000001 seconds (found 0 objects)
[2019.10.20-19.12.19:852][  2]LogCollectionManager: Fixed up redirectors for 0 collections in 0.000147 seconds (updated 0 objects)
[2019.10.20-19.12.20:401][ 12]LogEditorViewport: Clicking on Actor (LMB): StaticMeshActor (Wall_Door_400x407)
[2019.10.20-19.12.20:906][ 14]LogSlate: Took 0.000980 seconds to synchronously load lazily loaded font '../../../Engine/Content/Slate/Fonts/Roboto-Light.ttf' (167K)
[2019.10.20-19.12.35:389][269]LogSlate: Window 'HorrorGame - Unreal Editor' being destroyed
[2019.10.20-19.12.35:392][269]LogWindowsTextInputMethodSystem: Display: IME system now deactivated.
[2019.10.20-19.12.36:280][270]Cmd: QUIT_EDITOR
[2019.10.20-19.12.36:470][270]LogSlate: Slate User Destroyed.  User Index 0, Is Virtual User: 0
[2019.10.20-19.12.36:474][270]LogExit: Preparing to exit.
[2019.10.20-19.12.37:230][270]LogDirectoryWatcher: A directory notification for 'C:/Users/Ami/Desktop/Capstone/SoundHorrorGame/Content/' was aborted.
[2019.10.20-19.12.37:547][270]LogExit: Editor shut down
[2019.10.20-19.12.37:601][270]LogExit: Transaction tracking system shut down
[2019.10.20-19.12.37:630][270]LogUObjectGlobals: Destroyed PersistentFrame Addr=0x000001a5884d5ad0, Size=72
[2019.10.20-19.12.37:631][270]LogUObjectGlobals: Destroyed PersistentFrame Addr=0x000001a5884bd300, Size=256
[2019.10.20-19.12.37:642][270]LogUObjectGlobals: Destroyed PersistentFrame Addr=0x000001a58911ce00, Size=264
[2019.10.20-19.12.37:647][270]LogUObjectGlobals: Destroyed PersistentFrame Addr=0x000001a5888638c8, Size=52
[2019.10.20-19.12.37:658][270]LogUObjectGlobals: Destroyed PersistentFrame Addr=0x000001a5893b79a0, Size=96
[2019.10.20-19.12.37:935][270]LogDirectoryWatcher: A directory notification for '../../../Engine/Content/' was aborted.
[2019.10.20-19.12.37:935][270]LogDirectoryWatcher: A directory notification for '../../../../../../Users/Ami/Desktop/Capstone/SoundHorrorGame/Content/' was aborted.
[2019.10.20-19.12.37:935][270]LogDirectoryWatcher: A directory notification for '../../Plugins/2D/Paper2D/Content/' was aborted.
[2019.10.20-19.12.37:935][270]LogDirectoryWatcher: A directory notification for '../../Plugins/Enterprise/DatasmithContent/Content/' was aborted.
[2019.10.20-19.12.37:936][270]LogDirectoryWatcher: A directory notification for '../../Plugins/Media/MediaCompositing/Content/' was aborted.
[2019.10.20-19.12.37:936][270]LogDirectoryWatcher: A directory notification for '../../Plugins/Runtime/AppleARKit/Content/' was aborted.
[2019.10.20-19.12.37:937][270]LogDirectoryWatcher: A directory notification for '../../Plugins/Runtime/Oculus/OculusVR/Content/' was aborted.
[2019.10.20-19.12.37:937][270]LogDirectoryWatcher: A directory notification for '../../Plugins/Runtime/Steam/SteamVR/Content/' was aborted.
[2019.10.20-19.12.38:193][270]LogExit: Object subsystem successfully closed.
[2019.10.20-19.12.38:237][270]LogShaderCompilers: Display: Shaders left to compile 0
[2019.10.20-19.12.38:249][270]LogD3D11RHI: Shutdown
[2019.10.20-19.12.38:249][270]LogD3D11RHI: CleanupD3DDevice
[2019.10.20-19.12.38:259][270]LogD3D11RHI: ~FD3D11DynamicRHI
[2019.10.20-19.12.38:458][270]LogModuleManager: Shutting down and abandoning module HierarchicalLODOutliner (574)
[2019.10.20-19.12.38:459][270]LogModuleManager: Shutting down and abandoning module SceneOutliner (572)
[2019.10.20-19.12.38:493][270]LogModuleManager: Shutting down and abandoning module AddContentDialog (570)
[2019.10.20-19.12.38:500][270]LogDirectoryWatcher: A directory notification for 'C:/Program Files/Epic Games/UE_4.19/FeaturePacks/' was aborted.
[2019.10.20-19.12.38:505][270]LogModuleManager: Shutting down and abandoning module WidgetCarousel (569)
[2019.10.20-19.12.38:506][270]LogModuleManager: Shutting down and abandoning module EditorWidgets (566)
[2019.10.20-19.12.38:506][270]LogModuleManager: Shutting down and abandoning module CollectionManager (564)
[2019.10.20-19.12.38:506][270]LogDirectoryWatcher: A directory notification for 'C:/Users/Ami/Desktop/Capstone/SoundHorrorGame/Content/Collections/' was aborted.
[2019.10.20-19.12.38:507][270]LogDirectoryWatcher: A directory notification for 'C:/Users/Ami/Desktop/Capstone/SoundHorrorGame/Content/Developers/Ami/Collections/' was aborted.
[2019.10.20-19.12.38:507][270]LogDirectoryWatcher: A directory notification for 'C:/Users/Ami/Desktop/Capstone/SoundHorrorGame/Saved/Collections/' was aborted.
[2019.10.20-19.12.38:507][270]LogModuleManager: Shutting down and abandoning module StatsViewer (562)
[2019.10.20-19.12.38:507][270]LogModuleManager: Shutting down and abandoning module FoliageEdit (560)
[2019.10.20-19.12.38:507][270]LogModuleManager: Shutting down and abandoning module LandscapeEditor (558)
[2019.10.20-19.12.38:507][270]LogModuleManager: Shutting down and abandoning module MeshPaintMode (556)
[2019.10.20-19.12.38:507][270]LogModuleManager: Shutting down and abandoning module SceneDepthPickerMode (554)
[2019.10.20-19.12.38:507][270]LogModuleManager: Shutting down and abandoning module ActorPickerMode (552)
[2019.10.20-19.12.38:507][270]LogModuleManager: Shutting down and abandoning module GeometryMode (550)
[2019.10.20-19.12.38:507][270]LogModuleManager: Shutting down and abandoning module TextureAlignMode (548)
[2019.10.20-19.12.38:507][270]LogModuleManager: Shutting down and abandoning module BspMode (546)
[2019.10.20-19.12.38:508][270]LogModuleManager: Shutting down and abandoning module PIEPreviewDeviceProfileSelector (544)
[2019.10.20-19.12.38:508][270]LogModuleManager: Shutting down and abandoning module HardwareSurvey (542)
[2019.10.20-19.12.38:508][270]LogModuleManager: Shutting down and abandoning module SequenceRecorderSections (540)
[2019.10.20-19.12.38:508][270]LogModuleManager: Shutting down and abandoning module AutomationWorker (538)
[2019.10.20-19.12.38:508][270]LogModuleManager: Shutting down and abandoning module AudioCaptureEditor (536)
[2019.10.20-19.12.38:508][270]LogModuleManager: Shutting down and abandoning module SequenceRecorder (535)
[2019.10.20-19.12.38:508][270]LogModuleManager: Shutting down and abandoning module MatineeToLevelSequence (532)
[2019.10.20-19.12.38:508][270]LogModuleManager: Shutting down and abandoning module LevelSequenceEditor (530)
[2019.10.20-19.12.38:509][270]LogModuleManager: Shutting down and abandoning module PlacementMode (529)
[2019.10.20-19.12.38:509][270]LogModuleManager: Shutting down and abandoning module MaterialEditor (528)
[2019.10.20-19.12.38:509][270]LogModuleManager: Shutting down and abandoning module WmfMediaFactory (524)
[2019.10.20-19.12.38:509][270]LogModuleManager: Shutting down and abandoning module WmfMediaEditor (522)
[2019.10.20-19.12.38:509][270]LogModuleManager: Shutting down and abandoning module MediaPlayerEditor (520)
[2019.10.20-19.12.38:509][270]LogModuleManager: Shutting down and abandoning module OpenExrWrapper (518)
[2019.10.20-19.12.38:510][270]LogModuleManager: Shutting down and abandoning module ImgMediaFactory (516)
[2019.10.20-19.12.38:510][270]LogModuleManager: Shutting down and abandoning module ImgMediaEditor (514)
[2019.10.20-19.12.38:510][270]LogModuleManager: Shutting down and abandoning module AvfMediaFactory (512)
[2019.10.20-19.12.38:511][270]LogModuleManager: Shutting down and abandoning module AvfMediaEditor (510)
[2019.10.20-19.12.38:511][270]LogModuleManager: Shutting down and abandoning module AndroidMediaFactory (508)
[2019.10.20-19.12.38:511][270]LogModuleManager: Shutting down and abandoning module AndroidMediaEditor (506)
[2019.10.20-19.12.38:511][270]LogModuleManager: Shutting down and abandoning module CharacterAI (504)
[2019.10.20-19.12.38:511][270]LogModuleManager: Shutting down and abandoning module SmartSnapping (502)
[2019.10.20-19.12.38:511][270]LogModuleManager: Shutting down and abandoning module SessionServices (500)
[2019.10.20-19.12.38:511][270]LogModuleManager: Shutting down and abandoning module ViewportSnapping (498)
[2019.10.20-19.12.38:511][270]LogModuleManager: Shutting down and abandoning module ViewportInteraction (496)
[2019.10.20-19.12.38:511][270]LogModuleManager: Shutting down and abandoning module ClothPainter (494)
[2019.10.20-19.12.38:511][270]LogModuleManager: Shutting down and abandoning module SkeletalMeshEditor (493)
[2019.10.20-19.12.38:511][270]LogModuleManager: Shutting down and abandoning module LogVisualizer (490)
[2019.10.20-19.12.38:512][270]LogModuleManager: Shutting down and abandoning module IntroTutorials (488)
[2019.10.20-19.12.38:512][270]LogModuleManager: Shutting down and abandoning module GameProjectGeneration (487)
[2019.10.20-19.12.38:512][270]LogModuleManager: Shutting down and abandoning module IOSPlatformEditor (484)
[2019.10.20-19.12.38:512][270]LogModuleManager: Shutting down and abandoning module HTML5PlatformEditor (482)
[2019.10.20-19.12.38:512][270]LogModuleManager: Shutting down and abandoning module AndroidPlatformEditor (480)
[2019.10.20-19.12.38:512][270]LogModuleManager: Shutting down and abandoning module AndroidDeviceDetection (479)
[2019.10.20-19.12.39:484][270]LogModuleManager: Shutting down and abandoning module WindowsPlatformEditor (476)
[2019.10.20-19.12.39:484][270]LogModuleManager: Shutting down and abandoning module IOSRuntimeSettings (474)
[2019.10.20-19.12.39:484][270]LogModuleManager: Shutting down and abandoning module AndroidRuntimeSettings (472)
[2019.10.20-19.12.39:484][270]LogModuleManager: Shutting down and abandoning module InputBindingEditor (470)
[2019.10.20-19.12.39:484][270]LogModuleManager: Shutting down and abandoning module MergeActors (468)
[2019.10.20-19.12.39:485][270]LogModuleManager: Shutting down and abandoning module LocalizationDashboard (466)
[2019.10.20-19.12.39:485][270]LogModuleManager: Shutting down and abandoning module LocalizationService (465)
[2019.10.20-19.12.39:485][270]LogModuleManager: Shutting down and abandoning module HardwareTargeting (462)
[2019.10.20-19.12.39:485][270]LogModuleManager: Shutting down and abandoning module DeviceProfileEditor (460)
[2019.10.20-19.12.39:485][270]LogModuleManager: Shutting down and abandoning module UndoHistory (458)
[2019.10.20-19.12.39:485][270]LogModuleManager: Shutting down and abandoning module XmlParser (456)
[2019.10.20-19.12.39:485][270]LogModuleManager: Shutting down and abandoning module Blutility (454)
[2019.10.20-19.12.39:485][270]LogModuleManager: Shutting down and abandoning module ProjectSettingsViewer (452)
[2019.10.20-19.12.39:485][270]LogModuleManager: Shutting down and abandoning module ProjectTargetPlatformEditor (451)
[2019.10.20-19.12.39:485][270]LogModuleManager: Shutting down and abandoning module EditorSettingsViewer (448)
[2019.10.20-19.12.39:486][270]LogModuleManager: Shutting down and abandoning module SettingsEditor (446)
[2019.10.20-19.12.39:486][270]LogModuleManager: Shutting down and abandoning module ProjectLauncher (444)
[2019.10.20-19.12.39:486][270]LogModuleManager: Shutting down and abandoning module SessionFrontend (442)
[2019.10.20-19.12.39:486][270]LogModuleManager: Shutting down and abandoning module ProfilerClient (440)
[2019.10.20-19.12.39:486][270]LogModuleManager: Shutting down and abandoning module DeviceManager (438)
[2019.10.20-19.12.39:486][270]LogModuleManager: Shutting down and abandoning module TargetDeviceServices (437)
[2019.10.20-19.12.39:552][270]LogModuleManager: Shutting down and abandoning module AutomationController (434)
[2019.10.20-19.12.39:552][270]LogModuleManager: Shutting down and abandoning module AutomationWindow (432)
[2019.10.20-19.12.39:552][270]LogModuleManager: Shutting down and abandoning module Layers (430)
[2019.10.20-19.12.39:552][270]LogModuleManager: Shutting down and abandoning module ComponentVisualizers (428)
[2019.10.20-19.12.39:552][270]LogModuleManager: Shutting down and abandoning module DetailCustomizations (426)
[2019.10.20-19.12.39:552][270]LogModuleManager: Shutting down and abandoning module PackagesDialog (424)
[2019.10.20-19.12.39:552][270]LogModuleManager: Shutting down and abandoning module Persona (422)
[2019.10.20-19.12.39:553][270]LogModuleManager: Shutting down and abandoning module AdvancedPreviewScene (421)
[2019.10.20-19.12.39:553][270]LogModuleManager: Shutting down and abandoning module AnimGraph (419)
[2019.10.20-19.12.39:553][270]LogModuleManager: Shutting down and abandoning module Kismet (416)
[2019.10.20-19.12.39:554][270]LogModuleManager: Shutting down and abandoning module GraphEditor (414)
[2019.10.20-19.12.39:555][270]LogModuleManager: Shutting down and abandoning module ClassViewer (412)
[2019.10.20-19.12.39:555][270]LogModuleManager: Shutting down and abandoning module Toolbox (410)
[2019.10.20-19.12.39:555][270]LogModuleManager: Shutting down and abandoning module ModuleUI (408)
[2019.10.20-19.12.39:555][270]LogModuleManager: Shutting down and abandoning module MovieSceneTools (406)
[2019.10.20-19.12.39:555][270]LogModuleManager: Shutting down and abandoning module OutputLog (404)
[2019.10.20-19.12.39:556][270]LogModuleManager: Shutting down and abandoning module GammaUI (402)
[2019.10.20-19.12.39:556][270]LogModuleManager: Shutting down and abandoning module Documentation (400)
[2019.10.20-19.12.39:556][270]LogModuleManager: Shutting down and abandoning module MovieSceneTracks (398)
[2019.10.20-19.12.39:556][270]LogModuleManager: Shutting down and abandoning module MovieScene (396)
[2019.10.20-19.12.39:556][270]LogModuleManager: Shutting down and abandoning module StreamingPauseRendering (394)
[2019.10.20-19.12.39:557][270]LogModuleManager: Shutting down and abandoning module LauncherPlatform (392)
[2019.10.20-19.12.39:557][270]LogModuleManager: Shutting down and abandoning module AnalyticsET (390)
[2019.10.20-19.12.39:557][270]LogModuleManager: Shutting down and abandoning module PortalServices (388)
[2019.10.20-19.12.39:557][270]LogModuleManager: Shutting down and abandoning module PortalRpc (386)
[2019.10.20-19.12.39:557][270]LogModuleManager: Shutting down and abandoning module MessagingRpc (384)
[2019.10.20-19.12.39:557][270]LogModuleManager: Shutting down and abandoning module AIModule (382)
[2019.10.20-19.12.39:557][270]LogModuleManager: Shutting down and abandoning module GameplayDebugger (381)
[2019.10.20-19.12.39:557][270]LogModuleManager: Shutting down and abandoning module AITestSuite (379)
[2019.10.20-19.12.39:557][270]LogModuleManager: Shutting down and abandoning module DesktopPlatform (376)
[2019.10.20-19.12.39:557][270]LogModuleManager: Shutting down and abandoning module ProfilerService (374)
[2019.10.20-19.12.39:751][270]LogModuleManager: Shutting down and abandoning module TaskGraph (372)
[2019.10.20-19.12.39:751][270]LogModuleManager: Shutting down and abandoning module SteamVRController (370)
[2019.10.20-19.12.39:751][270]LogModuleManager: Shutting down and abandoning module ProceduralMeshComponentEditor (368)
[2019.10.20-19.12.39:751][270]LogModuleManager: Shutting down and abandoning module ProceduralMeshComponent (366)
[2019.10.20-19.12.39:751][270]LogModuleManager: Shutting down and abandoning module OculusInput (364)
[2019.10.20-19.12.39:752][270]LogModuleManager: Shutting down and abandoning module MobilePatchingUtils (362)
[2019.10.20-19.12.39:752][270]LogModuleManager: Shutting down and abandoning module CustomMeshComponent (360)
[2019.10.20-19.12.39:752][270]LogModuleManager: Shutting down and abandoning module CableComponent (358)
[2019.10.20-19.12.39:752][270]LogModuleManager: Shutting down and abandoning module AudioCapture (356)
[2019.10.20-19.12.39:752][270]LogModuleManager: Shutting down and abandoning module ArchVisCharacter (354)
[2019.10.20-19.12.39:752][270]LogModuleManager: Shutting down and abandoning module AndroidPermission (352)
[2019.10.20-19.12.39:752][270]LogModuleManager: Shutting down and abandoning module NUTUnrealEngine4 (348)
[2019.10.20-19.12.39:752][270]LogModuleManager: Shutting down and abandoning module NetcodeUnitTest (346)
[2019.10.20-19.12.39:752][270]LogModuleManager: Shutting down and abandoning module MediaCompositingEditor (344)
[2019.10.20-19.12.39:752][270]LogModuleManager: Shutting down and abandoning module MediaCompositing (342)
[2019.10.20-19.12.39:752][270]LogModuleManager: Shutting down and abandoning module LinearTimecode (340)
[2019.10.20-19.12.39:753][270]LogModuleManager: Shutting down and abandoning module ImgMedia (338)
[2019.10.20-19.12.39:768][270]LogModuleManager: Shutting down and abandoning module HTML5Networking (336)
[2019.10.20-19.12.39:768][270]LogModuleManager: Shutting down and abandoning module AlembicImporter (334)
[2019.10.20-19.12.39:768][270]LogModuleManager: Shutting down and abandoning module AlembicLibrary (333)
[2019.10.20-19.12.39:769][270]LogModuleManager: Shutting down and abandoning module GeometryCache (332)
[2019.10.20-19.12.39:769][270]LogModuleManager: Shutting down and abandoning module GeometryCacheEd (331)
[2019.10.20-19.12.39:769][270]LogModuleManager: Shutting down and abandoning module DatasmithContent (326)
[2019.10.20-19.12.39:769][270]LogModuleManager: Shutting down and abandoning module SpeedTreeImporter (324)
[2019.10.20-19.12.39:769][270]LogModuleManager: Shutting down and abandoning module PluginBrowser (322)
[2019.10.20-19.12.39:769][270]LogModuleManager: Shutting down and abandoning module MobileLauncherProfileWizard (320)
[2019.10.20-19.12.39:769][270]LogModuleManager: Shutting down and abandoning module CryptoKeysOpenSSL (318)
[2019.10.20-19.12.39:769][270]LogModuleManager: Shutting down and abandoning module CryptoKeys (316)
[2019.10.20-19.12.39:769][270]LogModuleManager: Shutting down and abandoning module VisualStudioSourceCodeAccess (314)
[2019.10.20-19.12.39:769][270]LogModuleManager: Shutting down and abandoning module VisualStudioCodeSourceCodeAccess (312)
[2019.10.20-19.12.39:769][270]LogModuleManager: Shutting down and abandoning module UObjectPlugin (310)
[2019.10.20-19.12.39:769][270]LogModuleManager: Shutting down and abandoning module SubversionSourceControl (308)
[2019.10.20-19.12.39:770][270]LogModuleManager: Shutting down and abandoning module PerforceSourceControl (306)
[2019.10.20-19.12.39:770][270]LogModuleManager: Shutting down and abandoning module GitSourceControl (304)
[2019.10.20-19.12.39:770][270]LogModuleManager: Shutting down and abandoning module SourceControl (303)
[2019.10.20-19.12.39:770][270]LogModuleManager: Shutting down and abandoning module CLionSourceCodeAccess (300)
[2019.10.20-19.12.39:772][270]LogModuleManager: Shutting down and abandoning module LightPropagationVolumeEditor (298)
[2019.10.20-19.12.39:774][270]LogModuleManager: Shutting down and abandoning module PaperTiledImporter (296)
[2019.10.20-19.12.39:774][270]LogModuleManager: Shutting down and abandoning module PaperSpriteSheetImporter (294)
[2019.10.20-19.12.39:774][270]LogModuleManager: Shutting down and abandoning module Paper2DEditor (292)
[2019.10.20-19.12.39:775][270]LogModuleManager: Shutting down and abandoning module MeshPaint (291)
[2019.10.20-19.12.39:775][270]LogModuleManager: Shutting down and abandoning module RuntimePhysXCooking (288)
[2019.10.20-19.12.39:775][270]LogModuleManager: Shutting down and abandoning module PhysXVehiclesEditor (286)
[2019.10.20-19.12.39:775][270]LogModuleManager: Shutting down and abandoning module PhysXVehicles (284)
[2019.10.20-19.12.39:775][270]LogModuleManager: Shutting down and abandoning module OculusEditor (282)
[2019.10.20-19.12.39:775][270]LogModuleManager: Shutting down and abandoning module LocationServicesBPLibrary (280)
[2019.10.20-19.12.39:775][270]LogModuleManager: Shutting down and abandoning module ImmediatePhysicsEditor (278)
[2019.10.20-19.12.39:775][270]LogModuleManager: Shutting down and abandoning module ImmediatePhysics (276)
[2019.10.20-19.12.39:775][270]LogModuleManager: Shutting down and abandoning module ActorSequence (274)
[2019.10.20-19.12.39:775][270]LogModuleManager: Shutting down and abandoning module UdpMessaging (272)
[2019.10.20-19.12.39:878][270]LogModuleManager: Shutting down and abandoning module TcpMessaging (270)
[2019.10.20-19.12.39:979][270]LogModuleManager: Shutting down and abandoning module GameplayTagsEditor (268)
[2019.10.20-19.12.39:979][270]LogModuleManager: Shutting down and abandoning module FacialAnimationEditor (266)
[2019.10.20-19.12.39:979][270]LogModuleManager: Shutting down and abandoning module FacialAnimation (264)
[2019.10.20-19.12.39:979][270]LogModuleManager: Shutting down and abandoning module DataValidation (262)
[2019.10.20-19.12.39:980][270]LogModuleManager: Shutting down and abandoning module AssetManagerEditor (260)
[2019.10.20-19.12.39:981][270]LogModuleManager: Shutting down and abandoning module LevelEditor (259)
[2019.10.20-19.12.39:990][270]LogModuleManager: Shutting down and abandoning module PixelInspectorModule (258)
[2019.10.20-19.12.39:991][270]LogModuleManager: Shutting down and abandoning module CommonMenuExtensions (256)
[2019.10.20-19.12.39:999][270]LogModuleManager: Shutting down and abandoning module MainFrame (254)
[2019.10.20-19.12.39:999][270]LogModuleManager: Shutting down and abandoning module HotReload (253)
[2019.10.20-19.12.40:008][270]LogModuleManager: Shutting down and abandoning module ContentBrowser (249)
[2019.10.20-19.12.40:017][270]LogModuleManager: Shutting down and abandoning module TreeMap (247)
[2019.10.20-19.12.40:018][270]LogModuleManager: Shutting down and abandoning module LightPropagationVolumeRuntime (244)
[2019.10.20-19.12.40:018][270]LogModuleManager: Shutting down and abandoning module LiveLinkEditor (242)
[2019.10.20-19.12.40:018][270]LogModuleManager: Shutting down and abandoning module LiveLink (240)
[2019.10.20-19.12.40:898][270]LogModuleManager: Shutting down and abandoning module Paper2D (238)
[2019.10.20-19.12.40:898][270]LogModuleManager: Shutting down and abandoning module WindowsMoviePlayer (236)
[2019.10.20-19.12.40:899][270]LogModuleManager: Shutting down and abandoning module WmfMedia (234)
[2019.10.20-19.12.40:910][270]LogModuleManager: Shutting down and abandoning module Media (233)
[2019.10.20-19.12.40:919][270]LogModuleManager: Shutting down and abandoning module PacketHandler (230)
[2019.10.20-19.12.40:920][270]LogModuleManager: Shutting down and abandoning module ClothingSystemEditor (228)
[2019.10.20-19.12.40:920][270]LogModuleManager: Shutting down and abandoning module ClothingSystemRuntime (226)
[2019.10.20-19.12.40:920][270]LogModuleManager: Shutting down and abandoning module MediaAssets (224)
[2019.10.20-19.12.40:921][270]LogModuleManager: Shutting down and abandoning module Overlay (222)
[2019.10.20-19.12.40:921][270]LogModuleManager: Shutting down and abandoning module OverlayEditor (221)
[2019.10.20-19.12.40:921][270]LogModuleManager: Shutting down and abandoning module VREditor (218)
[2019.10.20-19.12.40:921][270]LogModuleManager: Shutting down and abandoning module StringTableEditor (216)
[2019.10.20-19.12.40:921][270]LogModuleManager: Shutting down and abandoning module GameplayTasksEditor (214)
[2019.10.20-19.12.40:921][270]LogModuleManager: Shutting down and abandoning module BehaviorTreeEditor (212)
[2019.10.20-19.12.40:922][270]LogModuleManager: Shutting down and abandoning module FunctionalTesting (210)
[2019.10.20-19.12.40:922][270]LogModuleManager: Shutting down and abandoning module CollisionAnalyzer (208)
[2019.10.20-19.12.40:922][270]LogModuleManager: Shutting down and abandoning module WorkspaceMenuStructure (207)
[2019.10.20-19.12.40:922][270]LogModuleManager: Shutting down and abandoning module UMG (204)
[2019.10.20-19.12.40:922][270]LogModuleManager: Shutting down and abandoning module UMGEditor (203)
[2019.10.20-19.12.40:923][270]LogModuleManager: Shutting down and abandoning module Sequencer (202)
[2019.10.20-19.12.40:923][270]LogModuleManager: Shutting down and abandoning module MessageLog (199)
[2019.10.20-19.12.40:923][270]LogModuleManager: Shutting down and abandoning module SlateReflector (194)
[2019.10.20-19.12.40:924][270]LogModuleManager: Shutting down and abandoning module Slate (192)
[2019.10.20-19.12.40:924][270]LogModuleManager: Shutting down and abandoning module EditorStyle (190)
[2019.10.20-19.12.40:941][270]LogModuleManager: Shutting down and abandoning module MRMesh (188)
[2019.10.20-19.12.40:942][270]LogModuleManager: Shutting down and abandoning module SourceCodeAccess (186)
[2019.10.20-19.12.40:943][270]LogModuleManager: Shutting down and abandoning module HeadMountedDisplay (184)
[2019.10.20-19.12.40:943][270]LogModuleManager: Shutting down and abandoning module XAudio2 (182)
[2019.10.20-19.12.40:944][270]LogModuleManager: Shutting down and abandoning module Networking (180)
[2019.10.20-19.12.40:944][270]LogModuleManager: Shutting down and abandoning module Core (178)
[2019.10.20-19.12.40:944][270]LogModuleManager: Shutting down and abandoning module LevelSequence (176)
[2019.10.20-19.12.40:945][270]LogModuleManager: Shutting down and abandoning module KismetCompiler (174)
[2019.10.20-19.12.40:947][270]LogModuleManager: Shutting down and abandoning module MeshUtilities (172)
[2019.10.20-19.12.40:947][270]LogModuleManager: Shutting down and abandoning module MeshMergeUtilities (171)
[2019.10.20-19.12.40:947][270]LogModuleManager: Shutting down and abandoning module MeshReductionInterface (170)
[2019.10.20-19.12.40:947][270]LogModuleManager: Shutting down and abandoning module SimplygonSwarm (169)
[2019.10.20-19.12.40:948][270]LogModuleManager: Shutting down and abandoning module SimplygonMeshReduction (167)
[2019.10.20-19.12.40:948][270]LogModuleManager: Shutting down and abandoning module QuadricMeshReduction (165)
[2019.10.20-19.12.40:948][270]LogModuleManager: Shutting down and abandoning module MaterialBaking (161)
[2019.10.20-19.12.40:948][270]LogModuleManager: Shutting down and abandoning module DirectoryWatcher (157)
[2019.10.20-19.12.40:955][270]LogModuleManager: Shutting down and abandoning module DerivedDataCache (154)
[2019.10.20-19.12.41:022][270]LogDerivedDataCache: Shutdown
[2019.10.20-19.12.41:024][270]LogModuleManager: Shutting down and abandoning module XGEController (152)
[2019.10.20-19.12.41:024][270]LogModuleManager: Shutting down and abandoning module TargetPlatform (150)
[2019.10.20-19.12.41:024][270]LogModuleManager: Shutting down and abandoning module VulkanShaderFormat (149)
[2019.10.20-19.12.41:024][270]LogModuleManager: Shutting down and abandoning module ShaderFormatVectorVM (147)
[2019.10.20-19.12.41:025][270]LogModuleManager: Shutting down and abandoning module ShaderFormatOpenGL (145)
[2019.10.20-19.12.41:026][270]LogModuleManager: Shutting down and abandoning module ShaderFormatD3D (143)
[2019.10.20-19.12.41:026][270]LogModuleManager: Shutting down and abandoning module MetalShaderFormat (141)
[2019.10.20-19.12.41:027][270]LogModuleManager: Shutting down and abandoning module TextureFormatUncompressed (139)
[2019.10.20-19.12.41:027][270]LogModuleManager: Shutting down and abandoning module TextureFormatPVR (137)
[2019.10.20-19.12.41:027][270]LogModuleManager: Shutting down and abandoning module TextureFormatDXT (135)
[2019.10.20-19.12.41:027][270]LogModuleManager: Shutting down and abandoning module TextureFormatIntelISPCTexComp (133)
[2019.10.20-19.12.41:028][270]LogModuleManager: Shutting down and abandoning module TextureFormatASTC (131)
[2019.10.20-19.12.41:028][270]LogModuleManager: Shutting down and abandoning module ImageWrapper (130)
[2019.10.20-19.12.41:028][270]LogModuleManager: Shutting down and abandoning module TextureFormatAndroid (127)
[2019.10.20-19.12.41:028][270]LogModuleManager: Shutting down and abandoning module AudioFormatOpus (125)
[2019.10.20-19.12.41:028][270]LogModuleManager: Shutting down and abandoning module AudioFormatOgg (123)
[2019.10.20-19.12.41:028][270]LogModuleManager: Shutting down and abandoning module AudioFormatADPCM (121)
[2019.10.20-19.12.41:028][270]LogModuleManager: Shutting down and abandoning module LinuxTargetPlatform (119)
[2019.10.20-19.12.41:029][270]LogModuleManager: Shutting down and abandoning module LinuxServerTargetPlatform (117)
[2019.10.20-19.12.41:029][270]LogModuleManager: Shutting down and abandoning module LinuxNoEditorTargetPlatform (115)
[2019.10.20-19.12.41:029][270]LogModuleManager: Shutting down and abandoning module LinuxClientTargetPlatform (113)
[2019.10.20-19.12.41:029][270]LogModuleManager: Shutting down and abandoning module TVOSTargetPlatform (111)
[2019.10.20-19.12.41:029][270]LogModuleManager: Shutting down and abandoning module Messaging (109)
[2019.10.20-19.12.41:029][270]LogModuleManager: Shutting down and abandoning module IOSTargetPlatform (107)
[2019.10.20-19.12.41:030][270]LogModuleManager: Shutting down and abandoning module HTML5TargetPlatform (105)
[2019.10.20-19.12.41:030][270]LogModuleManager: Shutting down and abandoning module AndroidTargetPlatform (103)
[2019.10.20-19.12.41:030][270]LogModuleManager: Shutting down and abandoning module Android_PVRTCTargetPlatform (101)
[2019.10.20-19.12.41:030][270]LogModuleManager: Shutting down and abandoning module Android_MultiTargetPlatform (99)
[2019.10.20-19.12.41:030][270]LogModuleManager: Shutting down and abandoning module Android_ETC2TargetPlatform (97)
[2019.10.20-19.12.41:030][270]LogModuleManager: Shutting down and abandoning module Android_ETC1TargetPlatform (95)
[2019.10.20-19.12.41:030][270]LogModuleManager: Shutting down and abandoning module Android_ETC1aTargetPlatform (93)
[2019.10.20-19.12.41:031][270]LogModuleManager: Shutting down and abandoning module Android_DXTTargetPlatform (91)
[2019.10.20-19.12.41:031][270]LogModuleManager: Shutting down and abandoning module Android_ATCTargetPlatform (89)
[2019.10.20-19.12.41:031][270]LogModuleManager: Shutting down and abandoning module Android_ASTCTargetPlatform (87)
[2019.10.20-19.12.41:031][270]LogModuleManager: Shutting down and abandoning module WindowsTargetPlatform (85)
[2019.10.20-19.12.41:031][270]LogModuleManager: Shutting down and abandoning module WindowsServerTargetPlatform (83)
[2019.10.20-19.12.41:031][270]LogModuleManager: Shutting down and abandoning module WindowsNoEditorTargetPlatform (81)
[2019.10.20-19.12.41:032][270]LogModuleManager: Shutting down and abandoning module WindowsClientTargetPlatform (79)
[2019.10.20-19.12.41:032][270]LogModuleManager: Shutting down and abandoning module MacTargetPlatform (77)
[2019.10.20-19.12.41:036][270]LogModuleManager: Shutting down and abandoning module MacServerTargetPlatform (75)
[2019.10.20-19.12.41:037][270]LogModuleManager: Shutting down and abandoning module MacNoEditorTargetPlatform (73)
[2019.10.20-19.12.41:037][270]LogModuleManager: Shutting down and abandoning module MacClientTargetPlatform (71)
[2019.10.20-19.12.41:038][270]LogModuleManager: Shutting down and abandoning module AllDesktopTargetPlatform (69)
[2019.10.20-19.12.41:038][270]LogModuleManager: Shutting down and abandoning module InputCore (66)
[2019.10.20-19.12.41:038][270]LogModuleManager: Shutting down and abandoning module Settings (64)
[2019.10.20-19.12.41:038][270]LogModuleManager: Shutting down and abandoning module PhysXCooking (62)
[2019.10.20-19.12.41:038][270]LogModuleManager: Shutting down and abandoning module SteamVR (60)
[2019.10.20-19.12.41:039][270]LogModuleManager: Shutting down and abandoning module OculusHMD (58)
[2019.10.20-19.12.41:040][270]LogModuleManager: Shutting down and abandoning module ExampleDeviceProfileSelector (56)
[2019.10.20-19.12.41:040][270]LogModuleManager: Shutting down and abandoning module AppleARKit (54)
[2019.10.20-19.12.41:040][270]LogModuleManager: Shutting down and abandoning module AugmentedReality (51)
[2019.10.20-19.12.41:040][270]LogModuleManager: Shutting down and abandoning module OnlineBlueprintSupport (48)
[2019.10.20-19.12.41:040][270]LogModuleManager: Shutting down and abandoning module OnlineSubsystem (44)
[2019.10.20-19.12.41:041][270]LogModuleManager: Shutting down and abandoning module XMPP (43)
[2019.10.20-19.12.41:041][270]LogModuleManager: Shutting down and abandoning module HTTP (41)
[2019.10.20-19.12.41:041][270]LogHttp: Display: Http module shutting down, but needs to wait on 1 outstanding Http requests:
[2019.10.20-19.12.41:042][270]LogHttp: Display: 	verb=[POST] url=[https://datarouter.ol.epicgames.com/datarouter/api/v1/public/data?SessionID=%7BE55E5619-41CE-9745-AC98-EBA9227A01AD%7D&AppID=UEEditor.Rocket.Release&AppVersion=4.19.2-4033788%2B%2B%2BUE4%2BRelease-4.19&UserID=da4015ac418a8af1a4680e800bb2bb3c%7Ce9d9b70e640d40219747f4542a39a700%7Cf659adc2-81d8-4a61-8a5d-b77682d281d5&AppEnvironment=datacollector-binary&UploadType=eteventstream] status=Processing
[2019.10.20-19.12.41:073][270]LogModuleManager: Shutting down and abandoning module SSL (40)
[2019.10.20-19.12.41:083][270]LogModuleManager: Shutting down and abandoning module AnimationModifiers (36)
[2019.10.20-19.12.41:083][270]LogModuleManager: Shutting down and abandoning module PropertyEditor (35)
[2019.10.20-19.12.41:084][270]LogModuleManager: Shutting down and abandoning module AudioEditor (32)
[2019.10.20-19.12.41:084][270]LogModuleManager: Shutting down and abandoning module TextureCompressor (30)
[2019.10.20-19.12.41:085][270]LogModuleManager: Shutting down and abandoning module ShaderCore (28)
[2019.10.20-19.12.41:085][270]LogModuleManager: Shutting down and abandoning module Landscape (26)
[2019.10.20-19.12.41:085][270]LogModuleManager: Shutting down and abandoning module SlateRHIRenderer (24)
[2019.10.20-19.12.41:092][270]LogModuleManager: Shutting down and abandoning module OpenGLDrv (22)
[2019.10.20-19.12.41:092][270]LogModuleManager: Shutting down and abandoning module D3D11RHI (20)
[2019.10.20-19.12.41:093][270]LogModuleManager: Shutting down and abandoning module AnimGraphRuntime (18)
[2019.10.20-19.12.41:093][270]LogModuleManager: Shutting down and abandoning module Renderer (16)
[2019.10.20-19.12.41:095][270]LogModuleManager: Shutting down and abandoning module Engine (14)
[2019.10.20-19.12.41:096][270]LogModuleManager: Shutting down and abandoning module CoreUObject (12)
[2019.10.20-19.12.41:096][270]LogModuleManager: Shutting down and abandoning module NetworkFile (10)
[2019.10.20-19.12.41:096][270]LogModuleManager: Shutting down and abandoning module CookedIterativeFile (8)
[2019.10.20-19.12.41:096][270]LogModuleManager: Shutting down and abandoning module StreamingFile (6)
[2019.10.20-19.12.41:096][270]LogModuleManager: Shutting down and abandoning module SandboxFile (4)
[2019.10.20-19.12.41:096][270]LogModuleManager: Shutting down and abandoning module PakFile (2)
[2019.10.20-19.12.41:130][270]LogExit: Exiting.
[2019.10.20-19.12.41:283][270]Log file closed, 10/20/19 14:12:41
