Log file open, 10/17/19 17:41:38
LogWindows: Failed to load 'aqProf.dll' (GetLastError=126)
LogWindows: File 'aqProf.dll' does not exist
LogWindows: Failed to load 'VtuneApi.dll' (GetLastError=126)
LogWindows: File 'VtuneApi.dll' does not exist
LogWindows: Failed to load 'VtuneApi32e.dll' (GetLastError=126)
LogWindows: File 'VtuneApi32e.dll' does not exist
LogInit: Display: Running engine for game: HorrorGame
LogPlatformFile: Not using cached read wrapper
LogInit: Display: RandInit(1913851712) SRandInit(1913851712).
LogInit: Read version file with build ID '3944462'
LogInit: Overriding engine version to CL 4033788, compatible CL 3944462
LogInit: Registered custom module enumerator with build ID '3944462'
LogTaskGraph: Started task graph with 5 named threads and 35 total threads with 3 sets of task threads.
LogStats: Stats thread started at 0.389675
LogD3D11RHI: Aftermath initialized
LogICUInternationalization: Display: ICU TimeZone Detection - Raw Offset: -6:00, Platform Override: ''
LogModuleManager: Display: Found up-to-date module file ../../../Engine/Plugins/2D/Paper2D/Binaries/Win64/UE4Editor-Paper2D.dll (API version 3944462).
LogModuleManager: Display: Found up-to-date module file ../../../Engine/Plugins/2D/Paper2D/Binaries/Win64/UE4Editor-Paper2DEditor.dll (API version 3944462).
LogModuleManager: Display: Found up-to-date module file ../../../Engine/Plugins/2D/Paper2D/Binaries/Win64/UE4Editor-PaperSpriteSheetImporter.dll (API version 3944462).
LogModuleManager: Display: Found up-to-date module file ../../../Engine/Plugins/2D/Paper2D/Binaries/Win64/UE4Editor-PaperTiledImporter.dll (API version 3944462).
LogModuleManager: Display: Found up-to-date module file ../../../Engine/Plugins/2D/Paper2D/Binaries/Win64/UE4Editor-SmartSnapping.dll (API version 3944462).
LogModuleManager: Display: Found up-to-date module file ../../../Engine/Plugins/Blendables/LightPropagationVolume/Binaries/Win64/UE4Editor-LightPropagationVolumeRuntime.dll (API version 3944462).
LogModuleManager: Display: Found up-to-date module file ../../../Engine/Plugins/Blendables/LightPropagationVolume/Binaries/Win64/UE4Editor-LightPropagationVolumeEditor.dll (API version 3944462).
LogModuleManager: Display: Found up-to-date module file ../../../Engine/Plugins/Developer/CLionSourceCodeAccess/Binaries/Win64/UE4Editor-CLionSourceCodeAccess.dll (API version 3944462).
LogModuleManager: Display: Found up-to-date module file ../../../Engine/Plugins/Developer/GitSourceControl/Binaries/Win64/UE4Editor-GitSourceControl.dll (API version 3944462).
LogModuleManager: Display: Found up-to-date module file ../../../Engine/Plugins/Developer/PerforceSourceControl/Binaries/Win64/UE4Editor-PerforceSourceControl.dll (API version 3944462).
LogModuleManager: Display: Found up-to-date module file ../../../Engine/Plugins/Developer/SubversionSourceControl/Binaries/Win64/UE4Editor-SubversionSourceControl.dll (API version 3944462).
LogModuleManager: Display: Found up-to-date module file ../../../Engine/Plugins/Developer/UObjectPlugin/Binaries/Win64/UE4Editor-UObjectPlugin.dll (API version 3944462).
LogModuleManager: Display: Found up-to-date module file ../../../Engine/Plugins/Developer/VisualStudioCodeSourceCodeAccess/Binaries/Win64/UE4Editor-VisualStudioCodeSourceCodeAccess.dll (API version 3944462).
LogModuleManager: Display: Found up-to-date module file ../../../Engine/Plugins/Developer/VisualStudioSourceCodeAccess/Binaries/Win64/UE4Editor-VisualStudioSourceCodeAccess.dll (API version 3944462).
LogModuleManager: Display: Found up-to-date module file ../../../Engine/Plugins/Editor/AssetManagerEditor/Binaries/Win64/UE4Editor-AssetManagerEditor.dll (API version 3944462).
LogModuleManager: Display: Found up-to-date module file ../../../Engine/Plugins/Editor/CryptoKeys/Binaries/Win64/UE4Editor-CryptoKeys.dll (API version 3944462).
LogModuleManager: Display: Found up-to-date module file ../../../Engine/Plugins/Editor/CryptoKeys/Binaries/Win64/UE4Editor-CryptoKeysOpenSSL.dll (API version 3944462).
LogModuleManager: Display: Found up-to-date module file ../../../Engine/Plugins/Editor/DataValidation/Binaries/Win64/UE4Editor-DataValidation.dll (API version 3944462).
LogModuleManager: Display: Found up-to-date module file ../../../Engine/Plugins/Editor/FacialAnimation/Binaries/Win64/UE4Editor-FacialAnimation.dll (API version 3944462).
LogModuleManager: Display: Found up-to-date module file ../../../Engine/Plugins/Editor/FacialAnimation/Binaries/Win64/UE4Editor-FacialAnimationEditor.dll (API version 3944462).
LogModuleManager: Display: Found up-to-date module file ../../../Engine/Plugins/Editor/GameplayTagsEditor/Binaries/Win64/UE4Editor-GameplayTagsEditor.dll (API version 3944462).
LogModuleManager: Display: Found up-to-date module file ../../../Engine/Plugins/Editor/MobileLauncherProfileWizard/Binaries/Win64/UE4Editor-MobileLauncherProfileWizard.dll (API version 3944462).
LogModuleManager: Display: Found up-to-date module file ../../../Engine/Plugins/Editor/PluginBrowser/Binaries/Win64/UE4Editor-PluginBrowser.dll (API version 3944462).
LogModuleManager: Display: Found up-to-date module file ../../../Engine/Plugins/Editor/SpeedTreeImporter/Binaries/Win64/UE4Editor-SpeedTreeImporter.dll (API version 3944462).
LogModuleManager: Display: Found up-to-date module file ../../../Engine/Plugins/Enterprise/DatasmithContent/Binaries/Win64/UE4Editor-DatasmithContent.dll (API version 3944462).
LogModuleManager: Display: Found up-to-date module file ../../../Engine/Plugins/Experimental/AlembicImporter/Binaries/Win64/UE4Editor-AlembicImporter.dll (API version 3944462).
LogModuleManager: Display: Found up-to-date module file ../../../Engine/Plugins/Experimental/AlembicImporter/Binaries/Win64/UE4Editor-AlembicLibrary.dll (API version 3944462).
LogModuleManager: Display: Found up-to-date module file ../../../Engine/Plugins/Experimental/CharacterAI/Binaries/Win64/UE4Editor-CharacterAI.dll (API version 3944462).
LogModuleManager: Display: Found up-to-date module file ../../../Engine/Plugins/Experimental/HTML5Networking/Binaries/Win64/UE4Editor-HTML5Networking.dll (API version 3944462).
LogModuleManager: Display: Found up-to-date module file ../../../Engine/Plugins/Media/AndroidMedia/Binaries/Win64/UE4Editor-AndroidMediaEditor.dll (API version 3944462).
LogModuleManager: Display: Found up-to-date module file ../../../Engine/Plugins/Media/AndroidMedia/Binaries/Win64/UE4Editor-AndroidMediaFactory.dll (API version 3944462).
LogModuleManager: Display: Found up-to-date module file ../../../Engine/Plugins/Media/AvfMedia/Binaries/Win64/UE4Editor-AvfMediaEditor.dll (API version 3944462).
LogModuleManager: Display: Found up-to-date module file ../../../Engine/Plugins/Media/AvfMedia/Binaries/Win64/UE4Editor-AvfMediaFactory.dll (API version 3944462).
LogModuleManager: Display: Found up-to-date module file ../../../Engine/Plugins/Media/AvfMedia/Binaries/Win64/UE4Editor-AvfMediaFactory.dll (API version 3944462).
LogModuleManager: Display: Found up-to-date module file ../../../Engine/Plugins/Media/ImgMedia/Binaries/Win64/UE4Editor-ImgMedia.dll (API version 3944462).
LogModuleManager: Display: Found up-to-date module file ../../../Engine/Plugins/Media/ImgMedia/Binaries/Win64/UE4Editor-ImgMediaEditor.dll (API version 3944462).
LogModuleManager: Display: Found up-to-date module file ../../../Engine/Plugins/Media/ImgMedia/Binaries/Win64/UE4Editor-ImgMediaFactory.dll (API version 3944462).
LogModuleManager: Display: Found up-to-date module file ../../../Engine/Plugins/Media/ImgMedia/Binaries/Win64/UE4Editor-ImgMediaFactory.dll (API version 3944462).
LogModuleManager: Display: Found up-to-date module file ../../../Engine/Plugins/Media/ImgMedia/Binaries/Win64/UE4Editor-OpenExrWrapper.dll (API version 3944462).
LogModuleManager: Display: Found up-to-date module file ../../../Engine/Plugins/Media/LinearTimecode/Binaries/Win64/UE4Editor-LinearTimecode.dll (API version 3944462).
LogModuleManager: Display: Found up-to-date module file ../../../Engine/Plugins/Media/MediaCompositing/Binaries/Win64/UE4Editor-MediaCompositing.dll (API version 3944462).
LogModuleManager: Display: Found up-to-date module file ../../../Engine/Plugins/Media/MediaCompositing/Binaries/Win64/UE4Editor-MediaCompositingEditor.dll (API version 3944462).
LogModuleManager: Display: Found up-to-date module file ../../../Engine/Plugins/Media/MediaPlayerEditor/Binaries/Win64/UE4Editor-MediaPlayerEditor.dll (API version 3944462).
LogModuleManager: Display: Found up-to-date module file ../../../Engine/Plugins/Media/WmfMedia/Binaries/Win64/UE4Editor-WmfMedia.dll (API version 3944462).
LogModuleManager: Display: Found up-to-date module file ../../../Engine/Plugins/Media/WmfMedia/Binaries/Win64/UE4Editor-WmfMediaEditor.dll (API version 3944462).
LogModuleManager: Display: Found up-to-date module file ../../../Engine/Plugins/Media/WmfMedia/Binaries/Win64/UE4Editor-WmfMediaFactory.dll (API version 3944462).
LogModuleManager: Display: Found up-to-date module file ../../../Engine/Plugins/Media/WmfMedia/Binaries/Win64/UE4Editor-WmfMediaFactory.dll (API version 3944462).
LogModuleManager: Display: Found up-to-date module file ../../../Engine/Plugins/Messaging/TcpMessaging/Binaries/Win64/UE4Editor-TcpMessaging.dll (API version 3944462).
LogModuleManager: Display: Found up-to-date module file ../../../Engine/Plugins/Messaging/UdpMessaging/Binaries/Win64/UE4Editor-UdpMessaging.dll (API version 3944462).
LogModuleManager: Display: Found up-to-date module file ../../../Engine/Plugins/MovieScene/ActorSequence/Binaries/Win64/UE4Editor-ActorSequence.dll (API version 3944462).
LogModuleManager: Display: Found up-to-date module file ../../../Engine/Plugins/MovieScene/LevelSequenceEditor/Binaries/Win64/UE4Editor-LevelSequenceEditor.dll (API version 3944462).
LogModuleManager: Display: Found up-to-date module file ../../../Engine/Plugins/MovieScene/MatineeToLevelSequence/Binaries/Win64/UE4Editor-MatineeToLevelSequence.dll (API version 3944462).
LogModuleManager: Display: Found up-to-date module file ../../../Engine/Plugins/NetcodeUnitTest/NetcodeUnitTest/Binaries/Win64/UE4Editor-NetcodeUnitTest.dll (API version 3944462).
LogModuleManager: Display: Found up-to-date module file ../../../Engine/Plugins/NetcodeUnitTest/NUTUnrealEngine4/Binaries/Win64/UE4Editor-NUTUnrealEngine4.dll (API version 3944462).
LogModuleManager: Display: Found up-to-date module file ../../../Engine/Plugins/Online/OnlineSubsystem/Binaries/Win64/UE4Editor-OnlineSubsystem.dll (API version 3944462).
LogModuleManager: Display: Found up-to-date module file ../../../Engine/Plugins/Runtime/AndroidPermission/Binaries/Win64/UE4Editor-AndroidPermission.dll (API version 3944462).
LogModuleManager: Display: Found up-to-date module file ../../../Engine/Plugins/Online/OnlineSubsystemNull/Binaries/Win64/UE4Editor-OnlineSubsystemNull.dll (API version 3944462).
LogModuleManager: Display: Found up-to-date module file ../../../Engine/Plugins/Online/OnlineSubsystemUtils/Binaries/Win64/UE4Editor-OnlineSubsystemUtils.dll (API version 3944462).
LogModuleManager: Display: Found up-to-date module file ../../../Engine/Plugins/Online/OnlineSubsystemUtils/Binaries/Win64/UE4Editor-OnlineBlueprintSupport.dll (API version 3944462).
LogModuleManager: Display: Found up-to-date module file ../../../Engine/Plugins/Runtime/AndroidDeviceProfileSelector/Binaries/Win64/UE4Editor-AndroidDeviceProfileSelector.dll (API version 3944462).
LogModuleManager: Display: Found up-to-date module file ../../../Engine/Plugins/Runtime/AppleARKit/Binaries/Win64/UE4Editor-AppleARKit.dll (API version 3944462).
LogModuleManager: Display: Found up-to-date module file ../../../Engine/Plugins/Runtime/ProceduralMeshComponent/Binaries/Win64/UE4Editor-ProceduralMeshComponent.dll (API version 3944462).
LogModuleManager: Display: Found up-to-date module file ../../../Engine/Plugins/Runtime/ProceduralMeshComponent/Binaries/Win64/UE4Editor-ProceduralMeshComponentEditor.dll (API version 3944462).
LogModuleManager: Display: Found up-to-date module file ../../../Engine/Plugins/Animation/LiveLink/Binaries/Win64/UE4Editor-LiveLink.dll (API version 3944462).
LogModuleManager: Display: Found up-to-date module file ../../../Engine/Plugins/Animation/LiveLink/Binaries/Win64/UE4Editor-LiveLinkEditor.dll (API version 3944462).
LogModuleManager: Display: Found up-to-date module file ../../../Engine/Plugins/Runtime/ArchVisCharacter/Binaries/Win64/UE4Editor-ArchVisCharacter.dll (API version 3944462).
LogModuleManager: Display: Found up-to-date module file ../../../Engine/Plugins/Runtime/AudioCapture/Binaries/Win64/UE4Editor-AudioCapture.dll (API version 3944462).
LogModuleManager: Display: Found up-to-date module file ../../../Engine/Plugins/Runtime/AudioCapture/Binaries/Win64/UE4Editor-AudioCaptureEditor.dll (API version 3944462).
LogModuleManager: Display: Found up-to-date module file ../../../Engine/Plugins/Runtime/CableComponent/Binaries/Win64/UE4Editor-CableComponent.dll (API version 3944462).
LogModuleManager: Display: Found up-to-date module file ../../../Engine/Plugins/Runtime/CustomMeshComponent/Binaries/Win64/UE4Editor-CustomMeshComponent.dll (API version 3944462).
LogModuleManager: Display: Found up-to-date module file ../../../Engine/Plugins/Runtime/ExampleDeviceProfileSelector/Binaries/Win64/UE4Editor-ExampleDeviceProfileSelector.dll (API version 3944462).
LogModuleManager: Display: Found up-to-date module file ../../../Engine/Plugins/Runtime/ImmediatePhysics/Binaries/Win64/UE4Editor-ImmediatePhysics.dll (API version 3944462).
LogModuleManager: Display: Found up-to-date module file ../../../Engine/Plugins/Runtime/ImmediatePhysics/Binaries/Win64/UE4Editor-ImmediatePhysicsEditor.dll (API version 3944462).
LogModuleManager: Display: Found up-to-date module file ../../../Engine/Plugins/Runtime/LocationServicesBPLibrary/Binaries/Win64/UE4Editor-LocationServicesBPLibrary.dll (API version 3944462).
LogModuleManager: Display: Found up-to-date module file ../../../Engine/Plugins/Runtime/MobilePatchingUtils/Binaries/Win64/UE4Editor-MobilePatchingUtils.dll (API version 3944462).
LogModuleManager: Display: Found up-to-date module file ../../../Engine/Plugins/Runtime/Oculus/OculusVR/Binaries/Win64/UE4Editor-OculusHMD.dll (API version 3944462).
LogModuleManager: Display: Found up-to-date module file ../../../Engine/Plugins/Runtime/Oculus/OculusVR/Binaries/Win64/UE4Editor-OculusInput.dll (API version 3944462).
LogModuleManager: Display: Found up-to-date module file ../../../Engine/Plugins/Runtime/Oculus/OculusVR/Binaries/Win64/UE4Editor-OculusEditor.dll (API version 3944462).
LogModuleManager: Display: Found up-to-date module file ../../../Engine/Plugins/Runtime/PhysXVehicles/Binaries/Win64/UE4Editor-PhysXVehicles.dll (API version 3944462).
LogModuleManager: Display: Found up-to-date module file ../../../Engine/Plugins/Runtime/PhysXVehicles/Binaries/Win64/UE4Editor-PhysXVehiclesEditor.dll (API version 3944462).
LogModuleManager: Display: Found up-to-date module file ../../../Engine/Plugins/Runtime/RuntimePhysXCooking/Binaries/Win64/UE4Editor-RuntimePhysXCooking.dll (API version 3944462).
LogModuleManager: Display: Found up-to-date module file ../../../Engine/Plugins/Runtime/Steam/SteamVR/Binaries/Win64/UE4Editor-SteamVR.dll (API version 3944462).
LogModuleManager: Display: Found up-to-date module file ../../../Engine/Plugins/Runtime/Steam/SteamVR/Binaries/Win64/UE4Editor-SteamVRController.dll (API version 3944462).
LogModuleManager: Display: Found up-to-date module file ../../../Engine/Plugins/Runtime/WindowsMoviePlayer/Binaries/Win64/UE4Editor-WindowsMoviePlayer.dll (API version 3944462).
LogPluginManager: Mounting plugin Paper2D
LogPluginManager: Mounting plugin LiveLink
LogPluginManager: Mounting plugin LightPropagationVolume
LogPluginManager: Mounting plugin CLionSourceCodeAccess
LogPluginManager: Mounting plugin CodeLiteSourceCodeAccess
LogPluginManager: Mounting plugin GitSourceControl
LogPluginManager: Mounting plugin KDevelopSourceCodeAccess
LogPluginManager: Mounting plugin NullSourceCodeAccess
LogPluginManager: Mounting plugin PerforceSourceControl
LogPluginManager: Mounting plugin SubversionSourceControl
LogPluginManager: Mounting plugin UObjectPlugin
LogPluginManager: Mounting plugin VisualStudioCodeSourceCodeAccess
LogPluginManager: Mounting plugin VisualStudioSourceCodeAccess
LogPluginManager: Mounting plugin XCodeSourceCodeAccess
LogPluginManager: Mounting plugin AssetManagerEditor
LogPluginManager: Mounting plugin CryptoKeys
LogPluginManager: Mounting plugin DataValidation
LogPluginManager: Mounting plugin FacialAnimation
LogPluginManager: Mounting plugin GameplayTagsEditor
LogPluginManager: Mounting plugin MobileLauncherProfileWizard
LogPluginManager: Mounting plugin PluginBrowser
LogPluginManager: Mounting plugin SpeedTreeImporter
LogPluginManager: Mounting plugin DatasmithContent
LogPluginManager: Mounting plugin AlembicImporter
LogPluginManager: Mounting plugin CharacterAI
LogPluginManager: Mounting plugin HTML5Networking
LogPluginManager: Mounting plugin AndroidMedia
LogPluginManager: Mounting plugin AvfMedia
LogPluginManager: Mounting plugin ImgMedia
LogPluginManager: Mounting plugin LinearTimecode
LogPluginManager: Mounting plugin MediaCompositing
LogPluginManager: Mounting plugin MediaPlayerEditor
LogPluginManager: Mounting plugin WmfMedia
LogPluginManager: Mounting plugin TcpMessaging
LogPluginManager: Mounting plugin UdpMessaging
LogPluginManager: Mounting plugin ActorSequence
LogPluginManager: Mounting plugin LevelSequenceEditor
LogPluginManager: Mounting plugin MatineeToLevelSequence
LogPluginManager: Mounting plugin NetcodeUnitTest
LogPluginManager: Mounting plugin NUTUnrealEngine4
LogPluginManager: Mounting plugin OnlineSubsystemGooglePlay
LogPluginManager: Mounting plugin OnlineSubsystemIOS
LogPluginManager: Mounting plugin OnlineSubsystem
LogPluginManager: Mounting plugin OnlineSubsystemNull
LogPluginManager: Mounting plugin OnlineSubsystemUtils
LogPluginManager: Mounting plugin AndroidDeviceProfileSelector
LogPluginManager: Mounting plugin AndroidMoviePlayer
LogPluginManager: Mounting plugin AndroidPermission
LogPluginManager: Mounting plugin AppleARKit
LogPluginManager: Mounting plugin AppleMoviePlayer
LogPluginManager: Mounting plugin ArchVisCharacter
LogPluginManager: Mounting plugin AudioCapture
LogPluginManager: Mounting plugin CableComponent
LogPluginManager: Mounting plugin CustomMeshComponent
LogPluginManager: Mounting plugin ExampleDeviceProfileSelector
LogPluginManager: Mounting plugin GoogleCloudMessaging
LogPluginManager: Mounting plugin ImmediatePhysics
LogPluginManager: Mounting plugin IOSDeviceProfileSelector
LogPluginManager: Mounting plugin LinuxDeviceProfileSelector
LogPluginManager: Mounting plugin LocationServicesBPLibrary
LogPluginManager: Mounting plugin MobilePatchingUtils
LogPluginManager: Mounting plugin OculusVR
LogPluginManager: Plugin shader directory ../../../Engine/Plugins/Runtime/Oculus/OculusVR/Shaders found
LogPluginManager: Mapping shader source directory ../../../Engine/Plugins/Runtime/Oculus/OculusVR/Shaders to virtual directory /Plugin/OculusVR
LogPluginManager: Mounting plugin PhysXVehicles
LogPluginManager: Mounting plugin ProceduralMeshComponent
LogPluginManager: Mounting plugin RuntimePhysXCooking
LogPluginManager: Mounting plugin SteamVR
LogPluginManager: Mounting plugin WindowsMoviePlayer
LogStreaming: Display: Took  0.866s to configure plugins.
LogInit: Using libcurl 7.47.1
LogInit:  - built for x86_64-pc-win32
LogInit:  - supports SSL with OpenSSL/1.0.2g
LogInit:  - supports HTTP deflate (compression) using libz 1.2.8
LogInit:  - other features:
LogInit:      CURL_VERSION_SSL
LogInit:      CURL_VERSION_LIBZ
LogInit:      CURL_VERSION_IPV6
LogInit:      CURL_VERSION_ASYNCHDNS
LogInit:      CURL_VERSION_LARGEFILE
LogInit:      CURL_VERSION_IDN
LogInit:  CurlRequestOptions (configurable via config and command line):
LogInit:  - bVerifyPeer = false  - Libcurl will NOT verify peer certificate
LogInit:  - bUseHttpProxy = false  - Libcurl will NOT use HTTP proxy
LogInit:  - bDontReuseConnections = false  - Libcurl will reuse connections
LogInit:  - CertBundlePath = nullptr  - Libcurl will use whatever was configured at build time.
LogInit:  - MaxHostConnections = 16  - Libcurl will limit the number of connections to a host
LogInit:  - LocalHostAddr = Default
LogInit: WinSock: version 1.1 (2.2), MaxSocks=32767, MaxUdp=65467
LogInit: WinSock: I am DESKTOP-KP09GBP (172.20.220.176:0)
LogInit: Build: ++UE4+Release-4.19-CL-4033788
LogInit: Engine Version: 4.19.2-4033788+++UE4+Release-4.19
LogInit: Compatible Engine Version: 4.19.0-3944462+++UE4+Release-4.19
LogInit: Net CL: 3944462
LogDevObjectVersion: Number of dev versions registered: 18
LogDevObjectVersion:   Dev-Blueprints (B0D832E4-1F89-4F0D-ACCF-7EB736FD4AA2): 10
LogDevObjectVersion:   Dev-Build (E1C64328-A22C-4D53-A36C-8E866417BD8C): 0
LogDevObjectVersion:   Dev-Core (375EC13C-06E4-48FB-B500-84F0262A717E): 2
LogDevObjectVersion:   Dev-Editor (E4B068ED-F494-42E9-A231-DA0B2E46BB41): 23
LogDevObjectVersion:   Dev-Framework (CFFC743F-43B0-4480-9391-14DF171D2073): 33
LogDevObjectVersion:   Dev-Mobile (B02B49B5-BB20-44E9-A304-32B752E40360): 2
LogDevObjectVersion:   Dev-Networking (A4E4105C-59A1-49B5-A7C5-40C4547EDFEE): 0
LogDevObjectVersion:   Dev-Online (39C831C9-5AE6-47DC-9A44-9C173E1C8E7C): 0
LogDevObjectVersion:   Dev-Physics (78F01B33-EBEA-4F98-B9B4-84EACCB95AA2): 0
LogDevObjectVersion:   Dev-Platform (6631380F-2D4D-43E0-8009-CF276956A95A): 0
LogDevObjectVersion:   Dev-Rendering (12F88B9F-8875-4AFC-A67C-D90C383ABD29): 25
LogDevObjectVersion:   Dev-Sequencer (7B5AE74C-D270-4C10-A958-57980B212A5A): 6
LogDevObjectVersion:   Dev-VR (D7296918-1DD6-4BDD-9DE2-64A83CC13884): 1
LogDevObjectVersion:   Dev-LoadTimes (C2A15278-BFE7-4AFE-6C17-90FF531DF755): 1
LogDevObjectVersion:   Private-Geometry (6EACA3D4-40EC-4CC1-B786-8BED09428FC5): 2
LogDevObjectVersion:   Dev-AnimPhys (29E575DD-E0A3-4627-9D10-D276232CDCEA): 16
LogDevObjectVersion:   Dev-ReflectionCapture (6B266CEC-1EC7-4B8F-A30B-E4D90942FC07): 1
LogDevObjectVersion:   Dev-Automation (0DF73D61-A23F-47EA-B727-89E90C41499A): 1
LogInit: Compiled (64-bit): Apr 27 2018 02:06:57
LogInit: Compiled with Visual C++: 19.00.24215.01
LogInit: Build Configuration: Development
LogInit: Branch Name: ++UE4+Release-4.19
LogInit: Command Line: 
LogInit: Base Directory: D:/Programs/Game Engines/UE_4.19/Engine/Binaries/Win64/
LogInit: Installed Engine Build: 1
LogStreaming: Display: Took  0.001s to delete old logs.
LogInit: Presizing for max 8388607 objects, including 0 objects not considered by GC, pre-allocating 0 bytes for permanent pool.
LogInit: Object subsystem initialized
[2019.10.17-22.41.39:733][  0]LogInit: Selected Device Profile: [Windows]
[2019.10.17-22.41.39:733][  0]LogInit: Applying CVar settings loaded from the selected device profile: [Windows]
[2019.10.17-22.41.39:746][  0]LogInit: Computer: DESKTOP-KP09GBP
[2019.10.17-22.41.39:746][  0]LogInit: User: james
[2019.10.17-22.41.39:746][  0]LogInit: CPU Page size=4096, Cores=6
[2019.10.17-22.41.39:746][  0]LogInit: High frequency timer resolution =10.000000 MHz
[2019.10.17-22.41.39:746][  0]LogMemory: Memory total: Physical=15.9GB (16GB approx)
[2019.10.17-22.41.39:746][  0]LogMemory: Platform Memory Stats for Windows
[2019.10.17-22.41.39:746][  0]LogMemory: Process Physical Memory: 276.95 MB used, 276.95 MB peak
[2019.10.17-22.41.39:746][  0]LogMemory: Process Virtual Memory: 272.92 MB used, 272.92 MB peak
[2019.10.17-22.41.39:746][  0]LogMemory: Physical Memory: 7185.46 MB used,  9047.36 MB free, 16232.82 MB total
[2019.10.17-22.41.39:746][  0]LogMemory: Virtual Memory: 4791.80 MB used,  9047.36 MB free, 134217728.00 MB total
[2019.10.17-22.41.39:764][  0]LogInit: Using OS detected language (en-US).
[2019.10.17-22.41.39:764][  0]LogInit: Using OS detected locale (en-US).
[2019.10.17-22.41.39:767][  0]LogTextLocalizationManager: No specific localization for 'en-US' exists, so the 'en' localization will be used.
[2019.10.17-22.41.40:128][  0]LogStreaming: Display: Took  0.364s to EndInitTextLocalization.
[2019.10.17-22.41.40:128][  0]LogInit: Setting process to per monitor DPI aware
[2019.10.17-22.41.40:157][  0]LogSlate: New Slate User Created.  User Index 0, Is Virtual User: 0
[2019.10.17-22.41.40:157][  0]LogSlate: Slate User Registered.  User Index 0, Is Virtual User: 0
[2019.10.17-22.41.40:382][  0]LogD3D11RHI: D3D11 adapters:
[2019.10.17-22.41.40:440][  0]LogD3D11RHI:    0. 'NVIDIA GeForce GTX 1060' (Feature Level 11_0)
[2019.10.17-22.41.40:440][  0]LogD3D11RHI:       6052/0/8116 MB DedicatedVideo/DedicatedSystem/SharedSystem, Outputs:1, VendorId:0x10de
[2019.10.17-22.41.40:455][  0]LogD3D11RHI:    1. 'Intel(R) UHD Graphics 630' (Feature Level 11_0)
[2019.10.17-22.41.40:455][  0]LogD3D11RHI:       128/0/8116 MB DedicatedVideo/DedicatedSystem/SharedSystem, Outputs:0, VendorId:0x8086
[2019.10.17-22.41.40:459][  0]LogD3D11RHI:    2. 'Microsoft Basic Render Driver' (Feature Level 11_0)
[2019.10.17-22.41.40:459][  0]LogD3D11RHI:       0/0/8116 MB DedicatedVideo/DedicatedSystem/SharedSystem, Outputs:0, VendorId:0x1414
[2019.10.17-22.41.40:459][  0]LogD3D11RHI: Chosen D3D11 Adapter: 0
[2019.10.17-22.41.40:493][  0]LogD3D11RHI: Creating new Direct3DDevice
[2019.10.17-22.41.40:493][  0]LogD3D11RHI:     GPU DeviceId: 0x1c20 (for the marketing name, search the web for "GPU Device Id")
[2019.10.17-22.41.40:493][  0]LogWindows: EnumDisplayDevices:
[2019.10.17-22.41.40:494][  0]LogWindows:    0. 'Intel(R) UHD Graphics 630' (P:1 D:1)
[2019.10.17-22.41.40:494][  0]LogWindows:    1. 'Intel(R) UHD Graphics 630' (P:0 D:0)
[2019.10.17-22.41.40:494][  0]LogWindows:    2. 'Intel(R) UHD Graphics 630' (P:0 D:0)
[2019.10.17-22.41.40:495][  0]LogWindows:    3. 'NVIDIA GeForce GTX 1060' (P:0 D:0)
[2019.10.17-22.41.40:495][  0]LogWindows:    4. 'NVIDIA GeForce GTX 1060' (P:0 D:0)
[2019.10.17-22.41.40:495][  0]LogWindows:    5. 'NVIDIA GeForce GTX 1060' (P:0 D:0)
[2019.10.17-22.41.40:495][  0]LogWindows:    6. 'NVIDIA GeForce GTX 1060' (P:0 D:0)
[2019.10.17-22.41.40:495][  0]LogWindows: DebugString: GetVideoDriverDetailsInvalid PrimaryIsNotTheChoosenAdapter GetVideoDriverDetailsInvalid PrimaryIsNotTheChoosenAdapter GetVideoDriverDetailsInvalid PrimaryIsNotTheChoosenAdapter GetVideoDriverDetailsInvalid PrimaryIsNotTheChoosenAdapter GetVideoDriverDetailsInvalid PrimaryIsNotTheChoosenAdapter GetVideoDriverDetailsInvalid PrimaryIsNotTheChoosenAdapter GetVideoDriverDetailsInvalid PrimaryIsNotTheChoosenAdapter FoundDriverCount:0 
[2019.10.17-22.41.40:495][  0]LogD3D11RHI:     Adapter Name: NVIDIA GeForce GTX 1060
[2019.10.17-22.41.40:495][  0]LogD3D11RHI:   Driver Version: Unknown (internal:Unknown, unified:Unknown)
[2019.10.17-22.41.40:495][  0]LogD3D11RHI:      Driver Date: Unknown
[2019.10.17-22.41.40:495][  0]LogRHI: Texture pool is 4236 MB (70% of 6052 MB)
[2019.10.17-22.41.40:539][  0]LogD3D11RHI: [Aftermath] Aftermath enabled and primed
[2019.10.17-22.41.40:539][  0]LogD3D11RHI: [Aftermath] Aftermath enabled and primed
[2019.10.17-22.41.40:539][  0]LogD3D11RHI: Async texture creation enabled
[2019.10.17-22.41.40:552][  0]LogD3D11RHI: GPU Timing Frequency: 1000.000000 (Debug: 2 1)
[2019.10.17-22.41.40:554][  0]LogShaderCompilers: Guid format shader working directory is -6 characters bigger than the processId version (../../../../../../UE Projects/Horror Game/HorrorGame/Intermediate/Shaders/WorkingDirectory/4604/).
[2019.10.17-22.41.40:554][  0]LogShaderCompilers: Cleaned the shader compiler working directory 'C:/Users/james/AppData/Local/Temp/UnrealShaderWorkingDir/AB6E90024DEE1C1584D872BEB8F4D22A/'.
[2019.10.17-22.41.40:918][  0]LogTemp: Display: Loaded TP AllDesktopTargetPlatform
[2019.10.17-22.41.40:929][  0]LogTemp: Display: Loaded TP MacClientTargetPlatform
[2019.10.17-22.41.40:940][  0]LogTemp: Display: Loaded TP MacNoEditorTargetPlatform
[2019.10.17-22.41.40:950][  0]LogTemp: Display: Loaded TP MacServerTargetPlatform
[2019.10.17-22.41.40:961][  0]LogTemp: Display: Loaded TP MacTargetPlatform
[2019.10.17-22.41.40:971][  0]LogTemp: Display: Loaded TP WindowsClientTargetPlatform
[2019.10.17-22.41.40:982][  0]LogTemp: Display: Loaded TP WindowsNoEditorTargetPlatform
[2019.10.17-22.41.40:992][  0]LogTemp: Display: Loaded TP WindowsServerTargetPlatform
[2019.10.17-22.41.40:997][  0]LogTemp: Display: Loaded TP WindowsTargetPlatform
[2019.10.17-22.41.41:006][  0]LogTemp: Display: Loaded TP Android_ASTCTargetPlatform
[2019.10.17-22.41.41:016][  0]LogTemp: Display: Loaded TP Android_ATCTargetPlatform
[2019.10.17-22.41.41:027][  0]LogTemp: Display: Loaded TP Android_DXTTargetPlatform
[2019.10.17-22.41.41:041][  0]LogTemp: Display: Loaded TP Android_ETC1aTargetPlatform
[2019.10.17-22.41.41:054][  0]LogTemp: Display: Loaded TP Android_ETC1TargetPlatform
[2019.10.17-22.41.41:064][  0]LogTemp: Display: Loaded TP Android_ETC2TargetPlatform
[2019.10.17-22.41.41:088][  0]LogTemp: Display: Loaded TP Android_MultiTargetPlatform
[2019.10.17-22.41.41:088][  0]LogTemp: Display: Loaded TP Android_PVRTCTargetPlatform
[2019.10.17-22.41.41:098][  0]LogTemp: Display: Loaded TP AndroidTargetPlatform
[2019.10.17-22.41.41:099][  0]LogTemp: Display: Loaded TP HTML5TargetPlatform
[2019.10.17-22.41.41:133][  0]LogTemp: Display: Loaded TP IOSTargetPlatform
[2019.10.17-22.41.41:143][  0]LogTemp: Display: Loaded TP TVOSTargetPlatform
[2019.10.17-22.41.41:153][  0]LogTemp: Display: Loaded TP LinuxClientTargetPlatform
[2019.10.17-22.41.41:164][  0]LogTemp: Display: Loaded TP LinuxNoEditorTargetPlatform
[2019.10.17-22.41.41:176][  0]LogTemp: Display: Loaded TP LinuxServerTargetPlatform
[2019.10.17-22.41.41:187][  0]LogTemp: Display: Loaded TP LinuxTargetPlatform
[2019.10.17-22.41.41:187][  0]LogTargetPlatformManager: Display: Building Assets For Windows
[2019.10.17-22.41.41:276][  0]LogXGEController: Cannot use XGE Controller as Incredibuild is not installed on this machine.
[2019.10.17-22.41.41:277][  0]LogShaderCompilers: Cannot use XGE Shader Compiler as Incredibuild is not installed on this machine.
[2019.10.17-22.41.41:277][  0]LogShaderCompilers: Display: Using Local Shader Compiler.
[2019.10.17-22.41.41:873][  0]LogDerivedDataCache: Display: Max Cache Size: 512 MB
[2019.10.17-22.41.41:936][  0]LogDerivedDataCache: Loaded boot cache 0.06s 74MB C:/Users/james/AppData/Local/UnrealEngine/4.19/DerivedDataCache/Boot.ddc.
[2019.10.17-22.41.41:936][  0]LogDerivedDataCache: Display: Loaded Boot cache: C:/Users/james/AppData/Local/UnrealEngine/4.19/DerivedDataCache/Boot.ddc
[2019.10.17-22.41.41:936][  0]LogDerivedDataCache: FDerivedDataBackendGraph:  Pak pak cache file ../../../../../../UE Projects/Horror Game/HorrorGame/DerivedDataCache/DDC.ddp not found, will not use a pak cache.
[2019.10.17-22.41.41:936][  0]LogDerivedDataCache: Unable to find inner node Pak for hierarchical cache Hierarchy.
[2019.10.17-22.41.41:936][  0]LogDerivedDataCache: FDerivedDataBackendGraph:  CompressedPak pak cache file ../../../../../../UE Projects/Horror Game/HorrorGame/DerivedDataCache/Compressed.ddp not found, will not use a pak cache.
[2019.10.17-22.41.41:936][  0]LogDerivedDataCache: Unable to find inner node CompressedPak for hierarchical cache Hierarchy.
[2019.10.17-22.41.41:951][  0]LogDerivedDataCache: Display: Pak cache opened for reading ../../../Engine/DerivedDataCache/Compressed.ddp.
[2019.10.17-22.41.41:964][  0]LogDerivedDataCache: Using Local data cache path C:/Users/james/AppData/Local/UnrealEngine/Common/DerivedDataCache: Writable
[2019.10.17-22.41.41:964][  0]LogDerivedDataCache: Shared data cache path not found in *engine.ini, will not use an Shared cache.
[2019.10.17-22.41.41:964][  0]LogDerivedDataCache: Unable to find inner node Shared for hierarchical cache Hierarchy.
[2019.10.17-22.41.41:974][  0]LogMaterial: Verifying Global Shaders for PCD3D_SM5
[2019.10.17-22.41.41:975][  0]LogSlate: Using Freetype 2.6.0
[2019.10.17-22.41.41:975][  0]LogSlate: SlateFontCache - WITH_FREETYPE: 1, WITH_HARFBUZZ: 1
[2019.10.17-22.41.41:975][  0]LogSlate: SlateFontCache - WITH_FREETYPE: 1, WITH_HARFBUZZ: 1
[2019.10.17-22.41.42:085][  0]LogAssetRegistry: FAssetRegistry took 0.0255 seconds to start up
[2019.10.17-22.41.42:353][  0]LogInit: Selected Device Profile: [Windows]
[2019.10.17-22.41.42:485][  0]LogSimplygon: Simplygon DLL not present - disabling.
[2019.10.17-22.41.42:487][  0]LogMeshReduction: Using SimplygonSwarm for distributed automatic mesh merging
[2019.10.17-22.41.42:487][  0]LogMeshReduction: Using QuadricMeshReduction for automatic static mesh reduction
[2019.10.17-22.41.42:487][  0]LogMeshReduction: No automatic skeletal mesh reduction module available
[2019.10.17-22.41.42:487][  0]LogMeshReduction: No automatic mesh merging module available
[2019.10.17-22.41.42:487][  0]LogMeshMerging: No automatic mesh merging module available
[2019.10.17-22.41.42:514][  0]LogNetVersion: HorrorGame , NetCL: 3944462, EngineNetVer: 2, GameNetVer: 0 (Checksum: 4288917511)
[2019.10.17-22.41.42:942][  0]LogPackageLocalizationCache: Processed 9 localized package path(s) for 2 prioritized culture(s) in 0.098620 seconds
[2019.10.17-22.41.42:947][  0]LogUObjectArray: 36728 objects as part of root set at end of initial load.
[2019.10.17-22.41.42:947][  0]LogUObjectAllocator: 7314312 out of 0 bytes used by permanent object pool.
[2019.10.17-22.41.42:947][  0]LogUObjectArray: CloseDisregardForGC: 0/0 objects in disregard for GC pool
[2019.10.17-22.41.44:320][  0]LogTcpMessaging: Initializing TcpMessaging bridge
[2019.10.17-22.41.44:348][  0]LogUdpMessaging: Initializing bridge on interface 0.0.0.0:0 to multicast group 230.0.0.1:6666.
[2019.10.17-22.41.44:639][  0]SourceControl: Source control is disabled
[2019.10.17-22.41.44:639][  0]SourceControl: Source control is disabled
[2019.10.17-22.41.44:653][  0]SourceControl: Source control is disabled
[2019.10.17-22.41.44:666][  0]SourceControl: Source control is disabled
[2019.10.17-22.41.45:056][  0]LogAndroidPermission: UAndroidPermissionCallbackProxy::GetInstance
[2019.10.17-22.41.45:191][  0]LogOcInput: OculusInput pre-init called
[2019.10.17-22.41.45:278][  0]LogEngine: Initializing Engine...
[2019.10.17-22.41.45:279][  0]LogHMD: Failed to initialize OpenVR with code 110
[2019.10.17-22.41.45:280][  0]LogStats: UGameplayTagsManager::ConstructGameplayTagTree: Construct from data asset -  0.000 s
[2019.10.17-22.41.45:280][  0]LogStats: UGameplayTagsManager::ConstructGameplayTagTree: GameplayTagTreeChangedEvent.Broadcast -  0.000 s
[2019.10.17-22.41.45:479][  0]LogAIModule: Creating AISystem for world Untitled
[2019.10.17-22.41.45:512][  0]LogInit: XAudio2 using 'Focusrite USB (2- Focusrite USB Audio)' : 2 channels at 48 kHz using 16 bits per sample (channel mask 0x3)
[2019.10.17-22.41.45:543][  0]LogInit: FAudioDevice initialized.
[2019.10.17-22.41.45:617][  0]LogDerivedDataCache: Saved boot cache 0.07s 74MB C:/Users/james/AppData/Local/UnrealEngine/4.19/DerivedDataCache/Boot.ddc.
[2019.10.17-22.41.45:626][  0]LogInit: Texture streaming: Enabled
[2019.10.17-22.41.45:640][  0]LogEngineSessionManager: EngineSessionManager initialized
[2019.10.17-22.41.45:652][  0]LogInit: Transaction tracking system initialized
[2019.10.17-22.41.45:667][  0]BlueprintLog: New page: Editor Load
[2019.10.17-22.41.45:717][  0]LocalizationService: Localization service is disabled
[2019.10.17-22.41.45:807][  0]LogConsoleResponse: Display: 
[2019.10.17-22.41.45:972][  0]LogCook: Display: Max memory allowance for cook 16384mb min free memory 0mb
[2019.10.17-22.41.45:972][  0]LogCook: Display: Mobile HDR setting 1
[2019.10.17-22.41.45:972][  0]LogGameplayTags: Display: UGameplayTagsManager::DoneAddingNativeTags. DelegateIsBound: 0
[2019.10.17-22.41.45:972][  0]LogStats: UGameplayTagsManager::ConstructGameplayTagTree: Construct from data asset -  0.000 s
[2019.10.17-22.41.45:972][  0]LogStats: UGameplayTagsManager::ConstructGameplayTagTree: GameplayTagTreeChangedEvent.Broadcast -  0.000 s
[2019.10.17-22.41.46:087][  0]LogFileCache: Scanning file cache for directory 'D:/UE Projects/Horror Game/HorrorGame/Content/' took 0.02s
[2019.10.17-22.41.46:262][  0]SourceControl: Source control is disabled
[2019.10.17-22.41.46:263][  0]Cmd: MAP LOAD FILE="../../../../../../UE Projects/Horror Game/HorrorGame/Content/FirstPersonBP/Maps/FirstPersonExampleMap.umap" TEMPLATE=0 SHOWPROGRESS=1 FEATURELEVEL=3
[2019.10.17-22.41.46:263][  0]LightingResults: New page: Lighting Build
[2019.10.17-22.41.46:264][  0]MapCheck: New page: Map Check
[2019.10.17-22.41.46:264][  0]LightingResults: New page: Lighting Build
[2019.10.17-22.41.46:437][  0]LogUObjectGlobals: Created PersistentFrame Addr=0x000001cb5160e700, Size=72, Default__FirstPerson_AnimBP_C Function /Game/FirstPerson/Animations/FirstPerson_AnimBP.FirstPerson_AnimBP_C:ExecuteUbergraph_FirstPerson_AnimBP
[2019.10.17-22.41.46:465][  0]LogUObjectGlobals: Destroyed PersistentFrame Addr=0x000001cb5160e700, Size=72
[2019.10.17-22.41.46:465][  0]LogUObjectGlobals: Created PersistentFrame Addr=0x000001cb5158bba0, Size=72, Default__FirstPerson_AnimBP_C Function /Engine/Transient.REINST_FirstPerson_AnimBP_C_0:ExecuteUbergraph_FirstPerson_AnimBP
[2019.10.17-22.41.46:493][  0]LogUObjectGlobals: Created PersistentFrame Addr=0x000001cb559e99e0, Size=72, Default__FirstPerson_AnimBP_C Function /Game/FirstPerson/Animations/FirstPerson_AnimBP.FirstPerson_AnimBP_C:ExecuteUbergraph_FirstPerson_AnimBP
[2019.10.17-22.41.46:571][  0]LogUObjectGlobals: Created PersistentFrame Addr=0x000001cb559d3700, Size=256, Default__FirstPersonProjectile_C Function /Game/FirstPersonBP/Blueprints/FirstPersonProjectile.FirstPersonProjectile_C:ExecuteUbergraph_FirstPersonProjectile
[2019.10.17-22.41.46:574][  0]LogUObjectGlobals: Destroyed PersistentFrame Addr=0x000001cb559d3700, Size=256
[2019.10.17-22.41.46:574][  0]LogUObjectGlobals: Created PersistentFrame Addr=0x000001cb559d3700, Size=256, Default__FirstPersonProjectile_C Function /Engine/Transient.REINST_FirstPersonProjectile_C_4:ExecuteUbergraph_FirstPersonProjectile
[2019.10.17-22.41.46:576][  0]LogUObjectGlobals: Created PersistentFrame Addr=0x000001cb559d0d00, Size=256, Default__FirstPersonProjectile_C Function /Game/FirstPersonBP/Blueprints/FirstPersonProjectile.FirstPersonProjectile_C:ExecuteUbergraph_FirstPersonProjectile
[2019.10.17-22.41.47:363][  0]LogUObjectGlobals: Created PersistentFrame Addr=0x000001cb55948d00, Size=656, Default__FirstPersonCharacter_C Function /Game/FirstPersonBP/Blueprints/FirstPersonCharacter.FirstPersonCharacter_C:ExecuteUbergraph_FirstPersonCharacter
[2019.10.17-22.41.47:372][  0]LogUObjectGlobals: Destroyed PersistentFrame Addr=0x000001cb55948d00, Size=656
[2019.10.17-22.41.47:372][  0]LogUObjectGlobals: Created PersistentFrame Addr=0x000001cb55619c00, Size=656, Default__FirstPersonCharacter_C Function /Engine/Transient.REINST_FirstPersonCharacter_C_6:ExecuteUbergraph_FirstPersonCharacter
[2019.10.17-22.41.47:377][  0]LogUObjectGlobals: Created PersistentFrame Addr=0x000001cb55940b80, Size=264, Default__FirstPersonCharacter_C Function /Game/FirstPersonBP/Blueprints/FirstPersonCharacter.FirstPersonCharacter_C:ExecuteUbergraph_FirstPersonCharacter
[2019.10.17-22.41.47:504][  0]LogUObjectGlobals: Created PersistentFrame Addr=0x000001cb4823fdd0, Size=52, Default__FirstPersonHUD_C Function /Game/FirstPersonBP/Blueprints/FirstPersonHUD.FirstPersonHUD_C:ExecuteUbergraph_FirstPersonHUD
[2019.10.17-22.41.47:506][  0]LogUObjectGlobals: Destroyed PersistentFrame Addr=0x000001cb4823fdd0, Size=52
[2019.10.17-22.41.47:506][  0]LogUObjectGlobals: Created PersistentFrame Addr=0x000001cb4823fdd0, Size=52, Default__FirstPersonHUD_C Function /Engine/Transient.REINST_FirstPersonHUD_C_10:ExecuteUbergraph_FirstPersonHUD
[2019.10.17-22.41.47:508][  0]LogUObjectGlobals: Created PersistentFrame Addr=0x000001cb4823f8c8, Size=52, Default__FirstPersonHUD_C Function /Game/FirstPersonBP/Blueprints/FirstPersonHUD.FirstPersonHUD_C:ExecuteUbergraph_FirstPersonHUD
[2019.10.17-22.41.48:649][  0]LogTexture: Display: Building textures: HQ_Lightmap1_6 (AutoDXT, 64X64)
[2019.10.17-22.41.48:649][  0]LogTexture: Display: Building textures: LQ_Lightmap_1_3 (DXT1, 1024X1024)
[2019.10.17-22.41.48:649][  0]LogTexture: Display: Building textures: LQ_Lightmap_1_4 (DXT1, 1024X1024)
[2019.10.17-22.41.48:649][  0]LogTexture: Display: Building textures: HQ_Lightmap1_4 (AutoDXT, 1024X1024)
[2019.10.17-22.41.48:649][  0]LogTexture: Display: Building textures: LQ_Lightmap_1_2 (DXT1, 1024X1024)
[2019.10.17-22.41.48:649][  0]LogTexture: Display: Building textures: HQ_Lightmap1_5 (AutoDXT, 1024X1024)
[2019.10.17-22.41.48:649][  0]LogTexture: Display: Building textures: HQ_Lightmap1_2 (AutoDXT, 1024X1024)
[2019.10.17-22.41.48:649][  0]LogTexture: Display: Building textures: HQ_Lightmap1_3 (AutoDXT, 1024X1024)
[2019.10.17-22.41.48:649][  0]LogTexture: Display: Building textures: LQ_Lightmap_1_6 (DXT1, 64X64)
[2019.10.17-22.41.48:649][  0]LogTexture: Display: Building textures: LQ_Lightmap_1_1 (DXT1, 2048X2048)
[2019.10.17-22.41.48:649][  0]LogTexture: Display: Building textures: LQ_Lightmap_1_5 (DXT1, 1024X1024)
[2019.10.17-22.41.49:914][  0]LogTexture: Display: Building textures: SkyOcclusion1_1 (AutoDXT, 2048X1024)
[2019.10.17-22.41.49:914][  0]LogTexture: Display: Building textures: HQ_Lightmap1_1 (AutoDXT, 2048X2048)
[2019.10.17-22.41.49:914][  0]LogTexture: Display: Building textures: SkyOcclusion1_2 (AutoDXT, 1024X512)
[2019.10.17-22.41.49:914][  0]LogTexture: Display: Building textures: SkyOcclusion1_3 (AutoDXT, 1024X512)
[2019.10.17-22.41.49:914][  0]LogTexture: Display: Building textures: SkyOcclusion1_4 (AutoDXT, 1024X512)
[2019.10.17-22.41.49:914][  0]LogTexture: Display: Building textures: SkyOcclusion1_5 (AutoDXT, 1024X512)
[2019.10.17-22.41.49:914][  0]LogTexture: Display: Building textures: SkyOcclusion1_6 (AutoDXT, 64X32)
[2019.10.17-22.41.50:201][  0]LogSkeletalMesh: Skeletal Mesh found in DDC [21.681400ms] /Game/FirstPerson/FPWeapon/Mesh/SK_FPGun.SK_FPGun
[2019.10.17-22.41.50:326][  0]LogSkeletalMesh: Skeletal Mesh found in DDC [16.316000ms] /Game/FirstPerson/Character/Mesh/SK_Mannequin_Arms.SK_Mannequin_Arms
[2019.10.17-22.41.50:380][  0]LogAIModule: Creating AISystem for world FirstPersonExampleMap
[2019.10.17-22.41.50:441][  0]LogEditorServer: Finished looking for orphan Actors (0.000 secs)
[2019.10.17-22.41.50:450][  0]LogUObjectGlobals: Destroyed PersistentFrame Addr=0x000001cb5158bba0, Size=72
[2019.10.17-22.41.50:451][  0]LogUObjectGlobals: Destroyed PersistentFrame Addr=0x000001cb559d3700, Size=256
[2019.10.17-22.41.50:451][  0]LogUObjectGlobals: Destroyed PersistentFrame Addr=0x000001cb55619c00, Size=656
[2019.10.17-22.41.50:451][  0]LogUObjectGlobals: Destroyed PersistentFrame Addr=0x000001cb4823fdd0, Size=52
[2019.10.17-22.41.50:451][  0]Cmd: MAP CHECKDEP NOCLEARLOG
[2019.10.17-22.41.50:503][  0]MapCheck: Map check complete: 0 Error(s), 0 Warning(s), took 51.017ms to complete.
[2019.10.17-22.41.50:503][  0]LogFileHelpers: Loading map 'FirstPersonExampleMap' took 4.241
[2019.10.17-22.41.50:937][  0]LogCollectionManager: Loaded 0 collections in 0.001246 seconds
[2019.10.17-22.41.51:067][  0]LogFileCache: Scanning file cache for directory 'D:/UE Projects/Horror Game/HorrorGame/Saved/Collections/' took 0.01s
[2019.10.17-22.41.51:067][  0]LogFileCache: Scanning file cache for directory 'D:/UE Projects/Horror Game/HorrorGame/Content/Developers/james/Collections/' took 0.01s
[2019.10.17-22.41.51:067][  0]LogFileCache: Scanning file cache for directory 'D:/UE Projects/Horror Game/HorrorGame/Content/Collections/' took 0.01s
[2019.10.17-22.41.51:067][  0]LogCollectionManager: Rebuilt the GUID cache for 0 collections in 0.000000 seconds
[2019.10.17-22.41.51:077][  0]LogContentBrowser: Native class hierarchy populated in 0.0083 seconds. Added 2452 classes and 558 folders.
[2019.10.17-22.41.51:115][  0]LogContentBrowser: Native class hierarchy updated for 'WidgetCarousel' in 0.0002 seconds. Added 0 classes and 0 folders.
[2019.10.17-22.41.52:056][  0]LogContentBrowser: Native class hierarchy updated for 'AddContentDialog' in 0.0002 seconds. Added 0 classes and 0 folders.
[2019.10.17-22.41.52:110][  0]LogContentBrowser: Native class hierarchy updated for 'SceneOutliner' in 0.0002 seconds. Added 1 classes and 2 folders.
[2019.10.17-22.41.52:726][  0]LogSlate: Took 0.000228 seconds to synchronously load lazily loaded font '../../../Engine/Content/Slate/Fonts/Roboto-Regular.ttf' (155K)
[2019.10.17-22.41.52:729][  0]LogSlate: Took 0.000257 seconds to synchronously load lazily loaded font '../../../Engine/Content/Slate/Fonts/Roboto-Bold.ttf' (160K)
[2019.10.17-22.41.52:768][  0]LogSlate: Took 0.011054 seconds to synchronously load lazily loaded font '../../../Engine/Content/Editor/Slate/Fonts/FontAwesome.ttf' (139K)
[2019.10.17-22.41.53:027][  0]LogRenderer: Reallocating scene render targets to support 1028x576 Format 10 NumSamples 1 (Frame:1).
[2019.10.17-22.41.53:355][  0]LogContentBrowser: Native class hierarchy updated for 'HierarchicalLODOutliner' in 0.0002 seconds. Added 0 classes and 0 folders.
[2019.10.17-22.41.53:355][  0]LogLoad: (Engine Initialization) Total time: 16.09 seconds
[2019.10.17-22.41.53:355][  0]LogLoad: (Engine Initialization) Total Blueprint compile time: 0.00 seconds
[2019.10.17-22.41.53:391][  0]LogAssetRegistry: Asset discovery search completed in 11.3290 seconds
[2019.10.17-22.41.53:393][  0]LogCollectionManager: Rebuilt the object cache for 0 collections in 0.000000 seconds (found 0 objects)
[2019.10.17-22.41.53:393][  0]LogCollectionManager: Fixed up redirectors for 0 collections in 0.000059 seconds (updated 0 objects)
[2019.10.17-22.41.53:411][  0]LogContentStreaming: Texture pool size now 1000 MB
[2019.10.17-22.41.53:473][  0]LogSlate: Took 0.015272 seconds to synchronously load lazily loaded font '../../../Engine/Content/Slate/Fonts/Roboto-Light.ttf' (167K)
[2019.10.17-22.42.52:224][499]LogSlate: FSceneViewport::OnFocusLost() reason 0
[2019.10.17-22.43.55:276][176]LogSlate: FSceneViewport::OnFocusLost() reason 2
[2019.10.17-22.44.17:443][500]LogSlate: FSceneViewport::OnFocusLost() reason 0
[2019.10.17-22.44.25:375][951]LogSlate: FSceneViewport::OnFocusLost() reason 0
[2019.10.17-22.44.25:474][957]LogTemp: Repeating last play command: Selected Viewport
[2019.10.17-22.44.25:517][957]LogBlueprintUserMessages: Early PlayInEditor Detection: Level '/Game/FirstPersonBP/Maps/FirstPersonExampleMap.FirstPersonExampleMap:PersistentLevel' has LevelScriptBlueprint '/Game/FirstPersonBP/Maps/FirstPersonExampleMap.FirstPersonExampleMap:PersistentLevel.FirstPersonExampleMap' with GeneratedClass '/Game/FirstPersonBP/Maps/FirstPersonExampleMap.FirstPersonExampleMap_C' with ClassGeneratedBy '/Game/FirstPersonBP/Maps/FirstPersonExampleMap.FirstPersonExampleMap:PersistentLevel.FirstPersonExampleMap'
[2019.10.17-22.44.25:517][957]LogPlayLevel: PlayLevel: No blueprints needed recompiling
[2019.10.17-22.44.25:536][957]PIE: New page: PIE session: FirstPersonExampleMap (Oct 17, 2019, 12:44:25 PM)
[2019.10.17-22.44.25:536][957]LogPlayLevel: Creating play world package: /Game/FirstPersonBP/Maps/UEDPIE_0_FirstPersonExampleMap
[2019.10.17-22.44.25:583][957]LogPlayLevel: PIE: StaticDuplicateObject took: (0.045850s)
[2019.10.17-22.44.25:585][957]LogAIModule: Creating AISystem for world FirstPersonExampleMap
[2019.10.17-22.44.25:585][957]LogPlayLevel: PIE: World Init took: (0.001737s)
[2019.10.17-22.44.25:585][957]LogPlayLevel: PIE: Created PIE world by copying editor world from /Game/FirstPersonBP/Maps/FirstPersonExampleMap.FirstPersonExampleMap to /Game/FirstPersonBP/Maps/UEDPIE_0_FirstPersonExampleMap.FirstPersonExampleMap (0.047869s)
[2019.10.17-22.44.25:621][957]LogInit: XAudio2 using 'Focusrite USB (2- Focusrite USB Audio)' : 2 channels at 48 kHz using 16 bits per sample (channel mask 0x3)
[2019.10.17-22.44.25:629][957]LogInit: FAudioDevice initialized.
[2019.10.17-22.44.25:675][957]LogLoad: Game class is 'FirstPersonGameMode_C'
[2019.10.17-22.44.25:684][957]LogWorld: Bringing World /Game/FirstPersonBP/Maps/UEDPIE_0_FirstPersonExampleMap.FirstPersonExampleMap up for play (max tick rate 60) at 2019.10.17-17.44.25
[2019.10.17-22.44.25:685][957]LogWorld: Bringing up level for play took: 0.007297
[2019.10.17-22.44.25:734][957]LogContentBrowser: Native class hierarchy updated for 'MovieSceneCapture' in 0.0002 seconds. Added 11 classes and 0 folders.
[2019.10.17-22.44.25:735][957]PIE: Play in editor start time for /Game/FirstPersonBP/Maps/UEDPIE_0_FirstPersonExampleMap -0.199
[2019.10.17-22.44.25:735][957]LogBlueprintUserMessages: Late PlayInEditor Detection: Level '/Game/FirstPersonBP/Maps/FirstPersonExampleMap.FirstPersonExampleMap:PersistentLevel' has LevelScriptBlueprint '/Game/FirstPersonBP/Maps/FirstPersonExampleMap.FirstPersonExampleMap:PersistentLevel.FirstPersonExampleMap' with GeneratedClass '/Game/FirstPersonBP/Maps/FirstPersonExampleMap.FirstPersonExampleMap_C' with ClassGeneratedBy '/Game/FirstPersonBP/Maps/FirstPersonExampleMap.FirstPersonExampleMap:PersistentLevel.FirstPersonExampleMap'
[2019.10.17-22.44.36:684][604]LogBlueprintUserMessages: Early EndPlayMap Detection: Level '/Game/FirstPersonBP/Maps/FirstPersonExampleMap.FirstPersonExampleMap:PersistentLevel' has LevelScriptBlueprint '/Game/FirstPersonBP/Maps/FirstPersonExampleMap.FirstPersonExampleMap:PersistentLevel.FirstPersonExampleMap' with GeneratedClass '/Game/FirstPersonBP/Maps/FirstPersonExampleMap.FirstPersonExampleMap_C' with ClassGeneratedBy '/Game/FirstPersonBP/Maps/FirstPersonExampleMap.FirstPersonExampleMap:PersistentLevel.FirstPersonExampleMap'
[2019.10.17-22.44.36:718][604]LogBlueprintUserMessages: Late EndPlayMap Detection: Level '/Game/FirstPersonBP/Maps/FirstPersonExampleMap.FirstPersonExampleMap:PersistentLevel' has LevelScriptBlueprint '/Game/FirstPersonBP/Maps/FirstPersonExampleMap.FirstPersonExampleMap:PersistentLevel.FirstPersonExampleMap' with GeneratedClass '/Game/FirstPersonBP/Maps/FirstPersonExampleMap.FirstPersonExampleMap_C' with ClassGeneratedBy '/Game/FirstPersonBP/Maps/FirstPersonExampleMap.FirstPersonExampleMap:PersistentLevel.FirstPersonExampleMap'
[2019.10.17-22.45.21:124][266]LogSlate: FSceneViewport::OnFocusLost() reason 0
[2019.10.17-22.45.21:347][279]LogActorFactory: Actor Factory created Cube
[2019.10.17-22.45.22:279][335]LogActorFactory: Actor Factory created Cube
[2019.10.17-22.45.31:155][838]LogEditorViewport: Clicking on Actor (LMB): StaticMeshActor (Cube49)
[2019.10.17-22.45.52:547][117]LogEditorViewport: Clicking on Actor (LMB): StaticMeshActor (Floor_400x404)
[2019.10.17-22.45.54:645][240]LogEditorViewport: Clicking on Actor (LMB): StaticMeshActor (Cube49)
[2019.10.17-22.45.57:857][430]LogSlate: FSceneViewport::OnFocusLost() reason 0
[2019.10.17-22.45.57:940][435]LogTemp: Repeating last play command: Selected Viewport
[2019.10.17-22.45.57:952][435]LogBlueprintUserMessages: Early PlayInEditor Detection: Level '/Game/FirstPersonBP/Maps/FirstPersonExampleMap.FirstPersonExampleMap:PersistentLevel' has LevelScriptBlueprint '/Game/FirstPersonBP/Maps/FirstPersonExampleMap.FirstPersonExampleMap:PersistentLevel.FirstPersonExampleMap' with GeneratedClass '/Game/FirstPersonBP/Maps/FirstPersonExampleMap.FirstPersonExampleMap_C' with ClassGeneratedBy '/Game/FirstPersonBP/Maps/FirstPersonExampleMap.FirstPersonExampleMap:PersistentLevel.FirstPersonExampleMap'
[2019.10.17-22.45.57:952][435]LogPlayLevel: PlayLevel: No blueprints needed recompiling
[2019.10.17-22.45.57:952][435]PIE: New page: PIE session: FirstPersonExampleMap (Oct 17, 2019, 12:45:57 PM)
[2019.10.17-22.45.57:952][435]LogPlayLevel: Creating play world package: /Game/FirstPersonBP/Maps/UEDPIE_0_FirstPersonExampleMap
[2019.10.17-22.45.57:972][435]LogPlayLevel: PIE: StaticDuplicateObject took: (0.019350s)
[2019.10.17-22.45.57:973][435]LogAIModule: Creating AISystem for world FirstPersonExampleMap
[2019.10.17-22.45.57:973][435]LogPlayLevel: PIE: World Init took: (0.000938s)
[2019.10.17-22.45.57:973][435]LogPlayLevel: PIE: Created PIE world by copying editor world from /Game/FirstPersonBP/Maps/FirstPersonExampleMap.FirstPersonExampleMap to /Game/FirstPersonBP/Maps/UEDPIE_0_FirstPersonExampleMap.FirstPersonExampleMap (0.020601s)
[2019.10.17-22.45.58:001][435]LogInit: XAudio2 using 'Focusrite USB (2- Focusrite USB Audio)' : 2 channels at 48 kHz using 16 bits per sample (channel mask 0x3)
[2019.10.17-22.45.58:009][435]LogInit: FAudioDevice initialized.
[2019.10.17-22.45.58:045][435]LogLoad: Game class is 'FirstPersonGameMode_C'
[2019.10.17-22.45.58:051][435]LogWorld: Bringing World /Game/FirstPersonBP/Maps/UEDPIE_0_FirstPersonExampleMap.FirstPersonExampleMap up for play (max tick rate 60) at 2019.10.17-17.45.58
[2019.10.17-22.45.58:051][435]LogWorld: Bringing up level for play took: 0.004758
[2019.10.17-22.45.58:052][435]PIE: Play in editor start time for /Game/FirstPersonBP/Maps/UEDPIE_0_FirstPersonExampleMap 0.119
[2019.10.17-22.45.58:052][435]LogBlueprintUserMessages: Late PlayInEditor Detection: Level '/Game/FirstPersonBP/Maps/FirstPersonExampleMap.FirstPersonExampleMap:PersistentLevel' has LevelScriptBlueprint '/Game/FirstPersonBP/Maps/FirstPersonExampleMap.FirstPersonExampleMap:PersistentLevel.FirstPersonExampleMap' with GeneratedClass '/Game/FirstPersonBP/Maps/FirstPersonExampleMap.FirstPersonExampleMap_C' with ClassGeneratedBy '/Game/FirstPersonBP/Maps/FirstPersonExampleMap.FirstPersonExampleMap:PersistentLevel.FirstPersonExampleMap'
[2019.10.17-22.46.06:833][960]LogBlueprintUserMessages: Early EndPlayMap Detection: Level '/Game/FirstPersonBP/Maps/FirstPersonExampleMap.FirstPersonExampleMap:PersistentLevel' has LevelScriptBlueprint '/Game/FirstPersonBP/Maps/FirstPersonExampleMap.FirstPersonExampleMap:PersistentLevel.FirstPersonExampleMap' with GeneratedClass '/Game/FirstPersonBP/Maps/FirstPersonExampleMap.FirstPersonExampleMap_C' with ClassGeneratedBy '/Game/FirstPersonBP/Maps/FirstPersonExampleMap.FirstPersonExampleMap:PersistentLevel.FirstPersonExampleMap'
[2019.10.17-22.46.06:868][960]LogBlueprintUserMessages: Late EndPlayMap Detection: Level '/Game/FirstPersonBP/Maps/FirstPersonExampleMap.FirstPersonExampleMap:PersistentLevel' has LevelScriptBlueprint '/Game/FirstPersonBP/Maps/FirstPersonExampleMap.FirstPersonExampleMap:PersistentLevel.FirstPersonExampleMap' with GeneratedClass '/Game/FirstPersonBP/Maps/FirstPersonExampleMap.FirstPersonExampleMap_C' with ClassGeneratedBy '/Game/FirstPersonBP/Maps/FirstPersonExampleMap.FirstPersonExampleMap:PersistentLevel.FirstPersonExampleMap'
[2019.10.17-22.46.08:345][ 47]LogEditorViewport: Clicking on Actor (LMB): StaticMeshActor (Cube49)
[2019.10.17-22.46.14:918][438]LogSlate: FSceneViewport::OnFocusLost() reason 2
[2019.10.17-22.46.24:646][ 20]LogSlate: Took 0.000239 seconds to synchronously load lazily loaded font '../../../Engine/Content/Slate/Fonts/Roboto-Light.ttf' (167K)
[2019.10.17-22.47.13:990][882]Cmd: DELETE
[2019.10.17-22.47.13:990][882]Cmd: ACTOR DELETE
[2019.10.17-22.47.14:056][882]LogEditorActor: Deleted Actor: DirectionalLight
[2019.10.17-22.47.14:064][882]LogEditorActor: Deleted 1 Actors (0.059 secs)
[2019.10.17-22.47.14:752][919]LogSlate: FSceneViewport::OnFocusLost() reason 0
[2019.10.17-22.47.36:802][230]LogSlate: FSceneViewport::OnFocusLost() reason 0
[2019.10.17-22.47.36:869][234]LogTemp: Repeating last play command: Selected Viewport
[2019.10.17-22.47.36:880][234]LogBlueprintUserMessages: Early PlayInEditor Detection: Level '/Game/FirstPersonBP/Maps/FirstPersonExampleMap.FirstPersonExampleMap:PersistentLevel' has LevelScriptBlueprint '/Game/FirstPersonBP/Maps/FirstPersonExampleMap.FirstPersonExampleMap:PersistentLevel.FirstPersonExampleMap' with GeneratedClass '/Game/FirstPersonBP/Maps/FirstPersonExampleMap.FirstPersonExampleMap_C' with ClassGeneratedBy '/Game/FirstPersonBP/Maps/FirstPersonExampleMap.FirstPersonExampleMap:PersistentLevel.FirstPersonExampleMap'
[2019.10.17-22.47.36:880][234]LogPlayLevel: PlayLevel: No blueprints needed recompiling
[2019.10.17-22.47.36:880][234]PIE: New page: PIE session: FirstPersonExampleMap (Oct 17, 2019, 12:47:36 PM)
[2019.10.17-22.47.36:880][234]LogPlayLevel: Creating play world package: /Game/FirstPersonBP/Maps/UEDPIE_0_FirstPersonExampleMap
[2019.10.17-22.47.36:901][234]LogPlayLevel: PIE: StaticDuplicateObject took: (0.020093s)
[2019.10.17-22.47.36:901][234]LogAIModule: Creating AISystem for world FirstPersonExampleMap
[2019.10.17-22.47.36:902][234]LogPlayLevel: PIE: World Init took: (0.000912s)
[2019.10.17-22.47.36:902][234]LogPlayLevel: PIE: Created PIE world by copying editor world from /Game/FirstPersonBP/Maps/FirstPersonExampleMap.FirstPersonExampleMap to /Game/FirstPersonBP/Maps/UEDPIE_0_FirstPersonExampleMap.FirstPersonExampleMap (0.021258s)
[2019.10.17-22.47.36:930][234]LogInit: XAudio2 using 'Focusrite USB (2- Focusrite USB Audio)' : 2 channels at 48 kHz using 16 bits per sample (channel mask 0x3)
[2019.10.17-22.47.36:936][234]LogInit: FAudioDevice initialized.
[2019.10.17-22.47.36:970][234]LogLoad: Game class is 'FirstPersonGameMode_C'
[2019.10.17-22.47.36:976][234]LogWorld: Bringing World /Game/FirstPersonBP/Maps/UEDPIE_0_FirstPersonExampleMap.FirstPersonExampleMap up for play (max tick rate 60) at 2019.10.17-17.47.36
[2019.10.17-22.47.36:976][234]LogWorld: Bringing up level for play took: 0.004820
[2019.10.17-22.47.36:977][234]PIE: Play in editor start time for /Game/FirstPersonBP/Maps/UEDPIE_0_FirstPersonExampleMap 1.044
[2019.10.17-22.47.36:977][234]LogBlueprintUserMessages: Late PlayInEditor Detection: Level '/Game/FirstPersonBP/Maps/FirstPersonExampleMap.FirstPersonExampleMap:PersistentLevel' has LevelScriptBlueprint '/Game/FirstPersonBP/Maps/FirstPersonExampleMap.FirstPersonExampleMap:PersistentLevel.FirstPersonExampleMap' with GeneratedClass '/Game/FirstPersonBP/Maps/FirstPersonExampleMap.FirstPersonExampleMap_C' with ClassGeneratedBy '/Game/FirstPersonBP/Maps/FirstPersonExampleMap.FirstPersonExampleMap:PersistentLevel.FirstPersonExampleMap'
[2019.10.17-22.47.56:468][402]LogBlueprintUserMessages: Early EndPlayMap Detection: Level '/Game/FirstPersonBP/Maps/FirstPersonExampleMap.FirstPersonExampleMap:PersistentLevel' has LevelScriptBlueprint '/Game/FirstPersonBP/Maps/FirstPersonExampleMap.FirstPersonExampleMap:PersistentLevel.FirstPersonExampleMap' with GeneratedClass '/Game/FirstPersonBP/Maps/FirstPersonExampleMap.FirstPersonExampleMap_C' with ClassGeneratedBy '/Game/FirstPersonBP/Maps/FirstPersonExampleMap.FirstPersonExampleMap:PersistentLevel.FirstPersonExampleMap'
[2019.10.17-22.47.56:502][402]LogBlueprintUserMessages: Late EndPlayMap Detection: Level '/Game/FirstPersonBP/Maps/FirstPersonExampleMap.FirstPersonExampleMap:PersistentLevel' has LevelScriptBlueprint '/Game/FirstPersonBP/Maps/FirstPersonExampleMap.FirstPersonExampleMap:PersistentLevel.FirstPersonExampleMap' with GeneratedClass '/Game/FirstPersonBP/Maps/FirstPersonExampleMap.FirstPersonExampleMap_C' with ClassGeneratedBy '/Game/FirstPersonBP/Maps/FirstPersonExampleMap.FirstPersonExampleMap:PersistentLevel.FirstPersonExampleMap'
[2019.10.17-22.48.33:743][634]LogSlate: FSceneViewport::OnFocusLost() reason 0
[2019.10.17-22.48.47:494][440]LogActorFactory: Actor Factory created SM_Door
[2019.10.17-22.48.48:558][496]LogActorFactory: Actor Factory created SM_Door
[2019.10.17-22.50.44:134][400]LogSlate: FSceneViewport::OnFocusLost() reason 0
[2019.10.17-22.50.44:201][404]LogTemp: Repeating last play command: Selected Viewport
[2019.10.17-22.50.44:212][404]LogBlueprintUserMessages: Early PlayInEditor Detection: Level '/Game/FirstPersonBP/Maps/FirstPersonExampleMap.FirstPersonExampleMap:PersistentLevel' has LevelScriptBlueprint '/Game/FirstPersonBP/Maps/FirstPersonExampleMap.FirstPersonExampleMap:PersistentLevel.FirstPersonExampleMap' with GeneratedClass '/Game/FirstPersonBP/Maps/FirstPersonExampleMap.FirstPersonExampleMap_C' with ClassGeneratedBy '/Game/FirstPersonBP/Maps/FirstPersonExampleMap.FirstPersonExampleMap:PersistentLevel.FirstPersonExampleMap'
[2019.10.17-22.50.44:212][404]LogPlayLevel: PlayLevel: No blueprints needed recompiling
[2019.10.17-22.50.44:213][404]PIE: New page: PIE session: FirstPersonExampleMap (Oct 17, 2019, 12:50:44 PM)
[2019.10.17-22.50.44:213][404]LogPlayLevel: Creating play world package: /Game/FirstPersonBP/Maps/UEDPIE_0_FirstPersonExampleMap
[2019.10.17-22.50.44:233][404]LogPlayLevel: PIE: StaticDuplicateObject took: (0.019776s)
[2019.10.17-22.50.44:233][404]LogAIModule: Creating AISystem for world FirstPersonExampleMap
[2019.10.17-22.50.44:234][404]LogPlayLevel: PIE: World Init took: (0.001014s)
[2019.10.17-22.50.44:234][404]LogPlayLevel: PIE: Created PIE world by copying editor world from /Game/FirstPersonBP/Maps/FirstPersonExampleMap.FirstPersonExampleMap to /Game/FirstPersonBP/Maps/UEDPIE_0_FirstPersonExampleMap.FirstPersonExampleMap (0.021080s)
[2019.10.17-22.50.44:262][404]LogInit: XAudio2 using 'Focusrite USB (2- Focusrite USB Audio)' : 2 channels at 48 kHz using 16 bits per sample (channel mask 0x3)
[2019.10.17-22.50.44:269][404]LogInit: FAudioDevice initialized.
[2019.10.17-22.50.44:303][404]LogLoad: Game class is 'FirstPersonGameMode_C'
[2019.10.17-22.50.44:309][404]LogWorld: Bringing World /Game/FirstPersonBP/Maps/UEDPIE_0_FirstPersonExampleMap.FirstPersonExampleMap up for play (max tick rate 60) at 2019.10.17-17.50.44
[2019.10.17-22.50.44:309][404]LogWorld: Bringing up level for play took: 0.004882
[2019.10.17-22.50.44:310][404]PIE: Play in editor start time for /Game/FirstPersonBP/Maps/UEDPIE_0_FirstPersonExampleMap 0.376
[2019.10.17-22.50.44:310][404]LogBlueprintUserMessages: Late PlayInEditor Detection: Level '/Game/FirstPersonBP/Maps/FirstPersonExampleMap.FirstPersonExampleMap:PersistentLevel' has LevelScriptBlueprint '/Game/FirstPersonBP/Maps/FirstPersonExampleMap.FirstPersonExampleMap:PersistentLevel.FirstPersonExampleMap' with GeneratedClass '/Game/FirstPersonBP/Maps/FirstPersonExampleMap.FirstPersonExampleMap_C' with ClassGeneratedBy '/Game/FirstPersonBP/Maps/FirstPersonExampleMap.FirstPersonExampleMap:PersistentLevel.FirstPersonExampleMap'
[2019.10.17-22.50.53:517][955]LogBlueprintUserMessages: Early EndPlayMap Detection: Level '/Game/FirstPersonBP/Maps/FirstPersonExampleMap.FirstPersonExampleMap:PersistentLevel' has LevelScriptBlueprint '/Game/FirstPersonBP/Maps/FirstPersonExampleMap.FirstPersonExampleMap:PersistentLevel.FirstPersonExampleMap' with GeneratedClass '/Game/FirstPersonBP/Maps/FirstPersonExampleMap.FirstPersonExampleMap_C' with ClassGeneratedBy '/Game/FirstPersonBP/Maps/FirstPersonExampleMap.FirstPersonExampleMap:PersistentLevel.FirstPersonExampleMap'
[2019.10.17-22.50.53:553][955]LogBlueprintUserMessages: Late EndPlayMap Detection: Level '/Game/FirstPersonBP/Maps/FirstPersonExampleMap.FirstPersonExampleMap:PersistentLevel' has LevelScriptBlueprint '/Game/FirstPersonBP/Maps/FirstPersonExampleMap.FirstPersonExampleMap:PersistentLevel.FirstPersonExampleMap' with GeneratedClass '/Game/FirstPersonBP/Maps/FirstPersonExampleMap.FirstPersonExampleMap_C' with ClassGeneratedBy '/Game/FirstPersonBP/Maps/FirstPersonExampleMap.FirstPersonExampleMap:PersistentLevel.FirstPersonExampleMap'
[2019.10.17-22.50.54:847][ 31]LogEditorViewport: Clicking on Actor (LMB): StaticMeshActor (SM_Door)
[2019.10.17-22.51.10:557][970]LogSlate: FSceneViewport::OnFocusLost() reason 2
[2019.10.17-22.51.22:105][557]LogTemp: Repeating last play command: Selected Viewport
[2019.10.17-22.51.22:115][557]LogBlueprintUserMessages: Early PlayInEditor Detection: Level '/Game/FirstPersonBP/Maps/FirstPersonExampleMap.FirstPersonExampleMap:PersistentLevel' has LevelScriptBlueprint '/Game/FirstPersonBP/Maps/FirstPersonExampleMap.FirstPersonExampleMap:PersistentLevel.FirstPersonExampleMap' with GeneratedClass '/Game/FirstPersonBP/Maps/FirstPersonExampleMap.FirstPersonExampleMap_C' with ClassGeneratedBy '/Game/FirstPersonBP/Maps/FirstPersonExampleMap.FirstPersonExampleMap:PersistentLevel.FirstPersonExampleMap'
[2019.10.17-22.51.22:115][557]LogPlayLevel: PlayLevel: No blueprints needed recompiling
[2019.10.17-22.51.22:115][557]PIE: New page: PIE session: FirstPersonExampleMap (Oct 17, 2019, 12:51:22 PM)
[2019.10.17-22.51.22:115][557]LogPlayLevel: Creating play world package: /Game/FirstPersonBP/Maps/UEDPIE_0_FirstPersonExampleMap
[2019.10.17-22.51.22:135][557]LogPlayLevel: PIE: StaticDuplicateObject took: (0.019520s)
[2019.10.17-22.51.22:136][557]LogAIModule: Creating AISystem for world FirstPersonExampleMap
[2019.10.17-22.51.22:136][557]LogPlayLevel: PIE: World Init took: (0.001059s)
[2019.10.17-22.51.22:136][557]LogPlayLevel: PIE: Created PIE world by copying editor world from /Game/FirstPersonBP/Maps/FirstPersonExampleMap.FirstPersonExampleMap to /Game/FirstPersonBP/Maps/UEDPIE_0_FirstPersonExampleMap.FirstPersonExampleMap (0.020921s)
[2019.10.17-22.51.22:157][557]LogInit: XAudio2 using 'Focusrite USB (2- Focusrite USB Audio)' : 2 channels at 48 kHz using 16 bits per sample (channel mask 0x3)
[2019.10.17-22.51.22:164][557]LogInit: FAudioDevice initialized.
[2019.10.17-22.51.22:193][557]LogLoad: Game class is 'FirstPersonGameMode_C'
[2019.10.17-22.51.22:199][557]LogWorld: Bringing World /Game/FirstPersonBP/Maps/UEDPIE_0_FirstPersonExampleMap.FirstPersonExampleMap up for play (max tick rate 60) at 2019.10.17-17.51.22
[2019.10.17-22.51.22:200][557]LogWorld: Bringing up level for play took: 0.004839
[2019.10.17-22.51.22:200][557]PIE: Play in editor start time for /Game/FirstPersonBP/Maps/UEDPIE_0_FirstPersonExampleMap 0.266
[2019.10.17-22.51.22:200][557]LogBlueprintUserMessages: Late PlayInEditor Detection: Level '/Game/FirstPersonBP/Maps/FirstPersonExampleMap.FirstPersonExampleMap:PersistentLevel' has LevelScriptBlueprint '/Game/FirstPersonBP/Maps/FirstPersonExampleMap.FirstPersonExampleMap:PersistentLevel.FirstPersonExampleMap' with GeneratedClass '/Game/FirstPersonBP/Maps/FirstPersonExampleMap.FirstPersonExampleMap_C' with ClassGeneratedBy '/Game/FirstPersonBP/Maps/FirstPersonExampleMap.FirstPersonExampleMap:PersistentLevel.FirstPersonExampleMap'
[2019.10.17-22.51.33:336][224]LogBlueprintUserMessages: Early EndPlayMap Detection: Level '/Game/FirstPersonBP/Maps/FirstPersonExampleMap.FirstPersonExampleMap:PersistentLevel' has LevelScriptBlueprint '/Game/FirstPersonBP/Maps/FirstPersonExampleMap.FirstPersonExampleMap:PersistentLevel.FirstPersonExampleMap' with GeneratedClass '/Game/FirstPersonBP/Maps/FirstPersonExampleMap.FirstPersonExampleMap_C' with ClassGeneratedBy '/Game/FirstPersonBP/Maps/FirstPersonExampleMap.FirstPersonExampleMap:PersistentLevel.FirstPersonExampleMap'
[2019.10.17-22.51.33:368][224]LogBlueprintUserMessages: Late EndPlayMap Detection: Level '/Game/FirstPersonBP/Maps/FirstPersonExampleMap.FirstPersonExampleMap:PersistentLevel' has LevelScriptBlueprint '/Game/FirstPersonBP/Maps/FirstPersonExampleMap.FirstPersonExampleMap:PersistentLevel.FirstPersonExampleMap' with GeneratedClass '/Game/FirstPersonBP/Maps/FirstPersonExampleMap.FirstPersonExampleMap_C' with ClassGeneratedBy '/Game/FirstPersonBP/Maps/FirstPersonExampleMap.FirstPersonExampleMap:PersistentLevel.FirstPersonExampleMap'
[2019.10.17-22.51.33:962][258]LogEditorViewport: Clicking on Actor (LMB): StaticMeshActor (SM_Door)
[2019.10.17-22.51.41:023][678]LogSlate: FSceneViewport::OnFocusLost() reason 2
[2019.10.17-22.51.50:019][218]LogSlate: FSceneViewport::OnFocusLost() reason 0
[2019.10.17-22.51.50:102][223]LogTemp: Repeating last play command: Selected Viewport
[2019.10.17-22.51.50:113][223]LogBlueprintUserMessages: Early PlayInEditor Detection: Level '/Game/FirstPersonBP/Maps/FirstPersonExampleMap.FirstPersonExampleMap:PersistentLevel' has LevelScriptBlueprint '/Game/FirstPersonBP/Maps/FirstPersonExampleMap.FirstPersonExampleMap:PersistentLevel.FirstPersonExampleMap' with GeneratedClass '/Game/FirstPersonBP/Maps/FirstPersonExampleMap.FirstPersonExampleMap_C' with ClassGeneratedBy '/Game/FirstPersonBP/Maps/FirstPersonExampleMap.FirstPersonExampleMap:PersistentLevel.FirstPersonExampleMap'
[2019.10.17-22.51.50:113][223]LogPlayLevel: PlayLevel: No blueprints needed recompiling
[2019.10.17-22.51.50:113][223]PIE: New page: PIE session: FirstPersonExampleMap (Oct 17, 2019, 12:51:50 PM)
[2019.10.17-22.51.50:113][223]LogPlayLevel: Creating play world package: /Game/FirstPersonBP/Maps/UEDPIE_0_FirstPersonExampleMap
[2019.10.17-22.51.50:134][223]LogPlayLevel: PIE: StaticDuplicateObject took: (0.021175s)
[2019.10.17-22.51.50:135][223]LogAIModule: Creating AISystem for world FirstPersonExampleMap
[2019.10.17-22.51.50:136][223]LogPlayLevel: PIE: World Init took: (0.001051s)
[2019.10.17-22.51.50:136][223]LogPlayLevel: PIE: Created PIE world by copying editor world from /Game/FirstPersonBP/Maps/FirstPersonExampleMap.FirstPersonExampleMap to /Game/FirstPersonBP/Maps/UEDPIE_0_FirstPersonExampleMap.FirstPersonExampleMap (0.022621s)
[2019.10.17-22.51.50:155][223]LogInit: XAudio2 using 'Focusrite USB (2- Focusrite USB Audio)' : 2 channels at 48 kHz using 16 bits per sample (channel mask 0x3)
[2019.10.17-22.51.50:161][223]LogInit: FAudioDevice initialized.
[2019.10.17-22.51.50:195][223]LogLoad: Game class is 'FirstPersonGameMode_C'
[2019.10.17-22.51.50:200][223]LogWorld: Bringing World /Game/FirstPersonBP/Maps/UEDPIE_0_FirstPersonExampleMap.FirstPersonExampleMap up for play (max tick rate 60) at 2019.10.17-17.51.50
[2019.10.17-22.51.50:201][223]LogWorld: Bringing up level for play took: 0.004746
[2019.10.17-22.51.50:202][223]PIE: Play in editor start time for /Game/FirstPersonBP/Maps/UEDPIE_0_FirstPersonExampleMap 0.268
[2019.10.17-22.51.50:202][223]LogBlueprintUserMessages: Late PlayInEditor Detection: Level '/Game/FirstPersonBP/Maps/FirstPersonExampleMap.FirstPersonExampleMap:PersistentLevel' has LevelScriptBlueprint '/Game/FirstPersonBP/Maps/FirstPersonExampleMap.FirstPersonExampleMap:PersistentLevel.FirstPersonExampleMap' with GeneratedClass '/Game/FirstPersonBP/Maps/FirstPersonExampleMap.FirstPersonExampleMap_C' with ClassGeneratedBy '/Game/FirstPersonBP/Maps/FirstPersonExampleMap.FirstPersonExampleMap:PersistentLevel.FirstPersonExampleMap'
[2019.10.17-22.52.02:704][972]LogBlueprintUserMessages: Early EndPlayMap Detection: Level '/Game/FirstPersonBP/Maps/FirstPersonExampleMap.FirstPersonExampleMap:PersistentLevel' has LevelScriptBlueprint '/Game/FirstPersonBP/Maps/FirstPersonExampleMap.FirstPersonExampleMap:PersistentLevel.FirstPersonExampleMap' with GeneratedClass '/Game/FirstPersonBP/Maps/FirstPersonExampleMap.FirstPersonExampleMap_C' with ClassGeneratedBy '/Game/FirstPersonBP/Maps/FirstPersonExampleMap.FirstPersonExampleMap:PersistentLevel.FirstPersonExampleMap'
[2019.10.17-22.52.02:740][972]LogBlueprintUserMessages: Late EndPlayMap Detection: Level '/Game/FirstPersonBP/Maps/FirstPersonExampleMap.FirstPersonExampleMap:PersistentLevel' has LevelScriptBlueprint '/Game/FirstPersonBP/Maps/FirstPersonExampleMap.FirstPersonExampleMap:PersistentLevel.FirstPersonExampleMap' with GeneratedClass '/Game/FirstPersonBP/Maps/FirstPersonExampleMap.FirstPersonExampleMap_C' with ClassGeneratedBy '/Game/FirstPersonBP/Maps/FirstPersonExampleMap.FirstPersonExampleMap:PersistentLevel.FirstPersonExampleMap'
[2019.10.17-22.52.34:511][876]LogEditorViewport: Clicking on Actor (LMB): StaticMeshActor (SM_Door)
[2019.10.17-22.52.41:100][268]LogSlate: FSceneViewport::OnFocusLost() reason 0
[2019.10.17-22.54.25:675][369]LogSlate: Warning: Slate: Had to block on waiting for a draw buffer
[2019.10.17-22.54.26:268][369]LogUObjectGlobals: Created PersistentFrame Addr=0x000001cba53683a0, Size=88, Default__Landscape_Painting_Mode_C Function /Engine/Tutorial/Landscape/Landscape_Painting_Mode.Landscape_Painting_Mode_C:ExecuteUbergraph_Landscape_Painting_Mode
[2019.10.17-22.54.26:270][369]LogUObjectGlobals: Destroyed PersistentFrame Addr=0x000001cba53683a0, Size=88
[2019.10.17-22.54.26:270][369]LogUObjectGlobals: Created PersistentFrame Addr=0x000001cb0d0a24a0, Size=88, Default__Landscape_Painting_Mode_C Function /Engine/Transient.REINST_Landscape_Painting_Mode_C_16:ExecuteUbergraph_Landscape_Painting_Mode
[2019.10.17-22.54.26:272][369]LogUObjectGlobals: Created PersistentFrame Addr=0x000001cba5e22d90, Size=80, Default__Landscape_Painting_Mode_C Function /Engine/Tutorial/Landscape/Landscape_Painting_Mode.Landscape_Painting_Mode_C:ExecuteUbergraph_Landscape_Painting_Mode
[2019.10.17-22.54.26:292][369]LogUObjectGlobals: Created PersistentFrame Addr=0x000001cb0d0a22c0, Size=88, Default__Landscape_Sculpt_Mode_C Function /Engine/Tutorial/Landscape/Landscape_Sculpt_Mode.Landscape_Sculpt_Mode_C:ExecuteUbergraph_Landscape_Sculpt_Mode
[2019.10.17-22.54.26:294][369]LogUObjectGlobals: Destroyed PersistentFrame Addr=0x000001cb0d0a22c0, Size=88
[2019.10.17-22.54.26:294][369]LogUObjectGlobals: Created PersistentFrame Addr=0x000001cb0d0a22c0, Size=88, Default__Landscape_Sculpt_Mode_C Function /Engine/Transient.REINST_Landscape_Sculpt_Mode_C_18:ExecuteUbergraph_Landscape_Sculpt_Mode
[2019.10.17-22.54.26:296][369]LogUObjectGlobals: Created PersistentFrame Addr=0x000001cba5e20130, Size=80, Default__Landscape_Sculpt_Mode_C Function /Engine/Tutorial/Landscape/Landscape_Sculpt_Mode.Landscape_Sculpt_Mode_C:ExecuteUbergraph_Landscape_Sculpt_Mode
[2019.10.17-22.54.26:372][369]LogUObjectGlobals: Created PersistentFrame Addr=0x000001cba5defec0, Size=64, Default__CreatingSigningCertAndProvisionTutorial_C Function /Engine/Tutorial/Mobile/CreatingSigningCertAndProvisionTutorial.CreatingSigningCertAndProvisionTutorial_C:ExecuteUbergraph_CreatingSigningCertAndProvisionTutorial
[2019.10.17-22.54.26:378][369]LogUObjectGlobals: Destroyed PersistentFrame Addr=0x000001cba5defec0, Size=64
[2019.10.17-22.54.26:378][369]LogUObjectGlobals: Created PersistentFrame Addr=0x000001cba5dee980, Size=64, Default__CreatingSigningCertAndProvisionTutorial_C Function /Engine/Transient.REINST_CreatingSigningCertAndProvisionTutorial_C_20:ExecuteUbergraph_CreatingSigningCertAndProvisionTutorial
[2019.10.17-22.54.26:380][369]LogUObjectGlobals: Created PersistentFrame Addr=0x000001cba5ded280, Size=64, Default__CreatingSigningCertAndProvisionTutorial_C Function /Engine/Tutorial/Mobile/CreatingSigningCertAndProvisionTutorial.CreatingSigningCertAndProvisionTutorial_C:ExecuteUbergraph_CreatingSigningCertAndProvisionTutorial
[2019.10.17-22.54.26:526][369]LogSlate: Window 'Tutorials' being destroyed
[2019.10.17-22.54.26:583][370]LogRenderer: Reallocating scene render targets to support 1028x608 Format 10 NumSamples 1 (Frame:1).
[2019.10.17-22.54.33:571][761]LogSlate: FSceneViewport::OnFocusLost() reason 2
[2019.10.17-22.54.41:733][215]LogSlate: FSceneViewport::OnFocusLost() reason 2
[2019.10.17-22.55.16:867][196]LogSlate: FSceneViewport::OnFocusLost() reason 0
[2019.10.17-22.55.19:872][362]LogSlate: FSceneViewport::OnFocusLost() reason 2
[2019.10.17-22.55.24:968][667]LogSlate: FSceneViewport::OnFocusLost() reason 2
[2019.10.17-22.55.31:882][ 78]LogSlate: FSceneViewport::OnFocusLost() reason 2
[2019.10.17-22.55.37:117][390]LogSlate: FSceneViewport::OnFocusLost() reason 2
[2019.10.17-22.55.42:228][696]LogSlate: FSceneViewport::OnFocusLost() reason 0
[2019.10.17-22.55.42:340][700]Cmd: OBJ SAVEPACKAGE PACKAGE="/Game/StarterContent/Props/SM_Door" FILE="../../../../../../UE Projects/Horror Game/HorrorGame/Content/StarterContent/Props/SM_Door.uasset" SILENT=true
[2019.10.17-22.55.42:453][700]LogSavePackage: Save=32.95ms
[2019.10.17-22.55.42:453][700]LogSavePackage: Moving '../../../../../../UE Projects/Horror Game/HorrorGame/Saved/SM_DoorB87357AD4642BD31AEF6838090E8BD7C.tmp' to '../../../../../../UE Projects/Horror Game/HorrorGame/Content/StarterContent/Props/SM_Door.uasset'
[2019.10.17-22.55.42:472][700]LogSavePackage: Display: Finished SavePackage ../../../../../../UE Projects/Horror Game/HorrorGame/Content/StarterContent/Props/SM_Door.uasset
[2019.10.17-22.55.45:815][892]LogSlate: Window 'SM_Door' being destroyed
[2019.10.17-22.55.46:797][936]LogTemp: Repeating last play command: Selected Viewport
[2019.10.17-22.55.46:807][936]LogBlueprintUserMessages: Early PlayInEditor Detection: Level '/Game/FirstPersonBP/Maps/FirstPersonExampleMap.FirstPersonExampleMap:PersistentLevel' has LevelScriptBlueprint '/Game/FirstPersonBP/Maps/FirstPersonExampleMap.FirstPersonExampleMap:PersistentLevel.FirstPersonExampleMap' with GeneratedClass '/Game/FirstPersonBP/Maps/FirstPersonExampleMap.FirstPersonExampleMap_C' with ClassGeneratedBy '/Game/FirstPersonBP/Maps/FirstPersonExampleMap.FirstPersonExampleMap:PersistentLevel.FirstPersonExampleMap'
[2019.10.17-22.55.46:807][936]LogPlayLevel: PlayLevel: No blueprints needed recompiling
[2019.10.17-22.55.46:808][936]PIE: New page: PIE session: FirstPersonExampleMap (Oct 17, 2019, 12:55:46 PM)
[2019.10.17-22.55.46:808][936]LogPlayLevel: Creating play world package: /Game/FirstPersonBP/Maps/UEDPIE_0_FirstPersonExampleMap
[2019.10.17-22.55.46:826][936]LogPlayLevel: PIE: StaticDuplicateObject took: (0.019032s)
[2019.10.17-22.55.46:827][936]LogAIModule: Creating AISystem for world FirstPersonExampleMap
[2019.10.17-22.55.46:827][936]LogPlayLevel: PIE: World Init took: (0.001103s)
[2019.10.17-22.55.46:827][936]LogPlayLevel: PIE: Created PIE world by copying editor world from /Game/FirstPersonBP/Maps/FirstPersonExampleMap.FirstPersonExampleMap to /Game/FirstPersonBP/Maps/UEDPIE_0_FirstPersonExampleMap.FirstPersonExampleMap (0.020440s)
[2019.10.17-22.55.46:837][936]LogUObjectGlobals: Destroyed PersistentFrame Addr=0x000001cba5dee980, Size=64
[2019.10.17-22.55.46:837][936]LogUObjectGlobals: Destroyed PersistentFrame Addr=0x000001cb0d0a22c0, Size=88
[2019.10.17-22.55.46:837][936]LogUObjectGlobals: Destroyed PersistentFrame Addr=0x000001cb0d0a24a0, Size=88
[2019.10.17-22.55.46:854][936]LogInit: XAudio2 using 'Focusrite USB (2- Focusrite USB Audio)' : 2 channels at 48 kHz using 16 bits per sample (channel mask 0x3)
[2019.10.17-22.55.46:861][936]LogInit: FAudioDevice initialized.
[2019.10.17-22.55.46:890][936]LogLoad: Game class is 'FirstPersonGameMode_C'
[2019.10.17-22.55.46:895][936]LogWorld: Bringing World /Game/FirstPersonBP/Maps/UEDPIE_0_FirstPersonExampleMap.FirstPersonExampleMap up for play (max tick rate 60) at 2019.10.17-17.55.46
[2019.10.17-22.55.46:896][936]LogWorld: Bringing up level for play took: 0.004811
[2019.10.17-22.55.46:896][936]PIE: Play in editor start time for /Game/FirstPersonBP/Maps/UEDPIE_0_FirstPersonExampleMap 0.963
[2019.10.17-22.55.46:897][936]LogBlueprintUserMessages: Late PlayInEditor Detection: Level '/Game/FirstPersonBP/Maps/FirstPersonExampleMap.FirstPersonExampleMap:PersistentLevel' has LevelScriptBlueprint '/Game/FirstPersonBP/Maps/FirstPersonExampleMap.FirstPersonExampleMap:PersistentLevel.FirstPersonExampleMap' with GeneratedClass '/Game/FirstPersonBP/Maps/FirstPersonExampleMap.FirstPersonExampleMap_C' with ClassGeneratedBy '/Game/FirstPersonBP/Maps/FirstPersonExampleMap.FirstPersonExampleMap:PersistentLevel.FirstPersonExampleMap'
[2019.10.17-22.56.06:902][135]LogBlueprintUserMessages: Early EndPlayMap Detection: Level '/Game/FirstPersonBP/Maps/FirstPersonExampleMap.FirstPersonExampleMap:PersistentLevel' has LevelScriptBlueprint '/Game/FirstPersonBP/Maps/FirstPersonExampleMap.FirstPersonExampleMap:PersistentLevel.FirstPersonExampleMap' with GeneratedClass '/Game/FirstPersonBP/Maps/FirstPersonExampleMap.FirstPersonExampleMap_C' with ClassGeneratedBy '/Game/FirstPersonBP/Maps/FirstPersonExampleMap.FirstPersonExampleMap:PersistentLevel.FirstPersonExampleMap'
[2019.10.17-22.56.06:936][135]LogBlueprintUserMessages: Late EndPlayMap Detection: Level '/Game/FirstPersonBP/Maps/FirstPersonExampleMap.FirstPersonExampleMap:PersistentLevel' has LevelScriptBlueprint '/Game/FirstPersonBP/Maps/FirstPersonExampleMap.FirstPersonExampleMap:PersistentLevel.FirstPersonExampleMap' with GeneratedClass '/Game/FirstPersonBP/Maps/FirstPersonExampleMap.FirstPersonExampleMap_C' with ClassGeneratedBy '/Game/FirstPersonBP/Maps/FirstPersonExampleMap.FirstPersonExampleMap:PersistentLevel.FirstPersonExampleMap'
[2019.10.17-22.56.07:980][196]LogEditorViewport: Clicking on Actor (LMB): StaticMeshActor (Cube49)
[2019.10.17-22.56.10:313][329]LogEditorViewport: Clicking on Actor (LMB): StaticMeshActor (SM_Door)
[2019.10.17-22.56.12:266][443]LogEditorViewport: Clicking on Actor (LMB): StaticMeshActor (Cube49)
[2019.10.17-22.56.18:721][825]LogSlate: FSceneViewport::OnFocusLost() reason 0
[2019.10.17-22.56.40:578][ 89]Cmd: OBJ SAVEPACKAGE PACKAGE="/Engine/BasicShapes/Cube" FILE="../../../Engine/Content/BasicShapes/Cube.uasset" SILENT=true
[2019.10.17-22.56.40:593][ 89]LogSavePackage: Save=10.65ms
[2019.10.17-22.56.40:593][ 89]LogSavePackage: Moving '../../../../../../UE Projects/Horror Game/HorrorGame/Saved/Cube6E1E2E804D05C269BFAFB8B7362CDED9.tmp' to '../../../Engine/Content/BasicShapes/Cube.uasset'
[2019.10.17-22.56.40:594][ 89]LogSavePackage: Display: Finished SavePackage ../../../Engine/Content/BasicShapes/Cube.uasset
[2019.10.17-22.56.41:829][163]LogSlate: Window 'Cube' being destroyed
[2019.10.17-22.56.41:835][163]LogSlate: Window 'Cube' being destroyed
[2019.10.17-22.56.44:156][294]LogTemp: Repeating last play command: Selected Viewport
[2019.10.17-22.56.44:166][294]LogBlueprintUserMessages: Early PlayInEditor Detection: Level '/Game/FirstPersonBP/Maps/FirstPersonExampleMap.FirstPersonExampleMap:PersistentLevel' has LevelScriptBlueprint '/Game/FirstPersonBP/Maps/FirstPersonExampleMap.FirstPersonExampleMap:PersistentLevel.FirstPersonExampleMap' with GeneratedClass '/Game/FirstPersonBP/Maps/FirstPersonExampleMap.FirstPersonExampleMap_C' with ClassGeneratedBy '/Game/FirstPersonBP/Maps/FirstPersonExampleMap.FirstPersonExampleMap:PersistentLevel.FirstPersonExampleMap'
[2019.10.17-22.56.44:167][294]LogPlayLevel: PlayLevel: No blueprints needed recompiling
[2019.10.17-22.56.44:167][294]PIE: New page: PIE session: FirstPersonExampleMap (Oct 17, 2019, 12:56:44 PM)
[2019.10.17-22.56.44:167][294]LogPlayLevel: Creating play world package: /Game/FirstPersonBP/Maps/UEDPIE_0_FirstPersonExampleMap
[2019.10.17-22.56.44:186][294]LogPlayLevel: PIE: StaticDuplicateObject took: (0.019097s)
[2019.10.17-22.56.44:187][294]LogAIModule: Creating AISystem for world FirstPersonExampleMap
[2019.10.17-22.56.44:187][294]LogPlayLevel: PIE: World Init took: (0.000992s)
[2019.10.17-22.56.44:187][294]LogPlayLevel: PIE: Created PIE world by copying editor world from /Game/FirstPersonBP/Maps/FirstPersonExampleMap.FirstPersonExampleMap to /Game/FirstPersonBP/Maps/UEDPIE_0_FirstPersonExampleMap.FirstPersonExampleMap (0.020371s)
[2019.10.17-22.56.44:213][294]LogInit: XAudio2 using 'Focusrite USB (2- Focusrite USB Audio)' : 2 channels at 48 kHz using 16 bits per sample (channel mask 0x3)
[2019.10.17-22.56.44:220][294]LogInit: FAudioDevice initialized.
[2019.10.17-22.56.44:254][294]LogLoad: Game class is 'FirstPersonGameMode_C'
[2019.10.17-22.56.44:260][294]LogWorld: Bringing World /Game/FirstPersonBP/Maps/UEDPIE_0_FirstPersonExampleMap.FirstPersonExampleMap up for play (max tick rate 60) at 2019.10.17-17.56.44
[2019.10.17-22.56.44:260][294]LogWorld: Bringing up level for play took: 0.004823
[2019.10.17-22.56.44:261][294]PIE: Play in editor start time for /Game/FirstPersonBP/Maps/UEDPIE_0_FirstPersonExampleMap 0.327
[2019.10.17-22.56.44:261][294]LogBlueprintUserMessages: Late PlayInEditor Detection: Level '/Game/FirstPersonBP/Maps/FirstPersonExampleMap.FirstPersonExampleMap:PersistentLevel' has LevelScriptBlueprint '/Game/FirstPersonBP/Maps/FirstPersonExampleMap.FirstPersonExampleMap:PersistentLevel.FirstPersonExampleMap' with GeneratedClass '/Game/FirstPersonBP/Maps/FirstPersonExampleMap.FirstPersonExampleMap_C' with ClassGeneratedBy '/Game/FirstPersonBP/Maps/FirstPersonExampleMap.FirstPersonExampleMap:PersistentLevel.FirstPersonExampleMap'
[2019.10.17-22.58.05:282][154]LogBlueprintUserMessages: Early EndPlayMap Detection: Level '/Game/FirstPersonBP/Maps/FirstPersonExampleMap.FirstPersonExampleMap:PersistentLevel' has LevelScriptBlueprint '/Game/FirstPersonBP/Maps/FirstPersonExampleMap.FirstPersonExampleMap:PersistentLevel.FirstPersonExampleMap' with GeneratedClass '/Game/FirstPersonBP/Maps/FirstPersonExampleMap.FirstPersonExampleMap_C' with ClassGeneratedBy '/Game/FirstPersonBP/Maps/FirstPersonExampleMap.FirstPersonExampleMap:PersistentLevel.FirstPersonExampleMap'
[2019.10.17-22.58.05:317][154]LogBlueprintUserMessages: Late EndPlayMap Detection: Level '/Game/FirstPersonBP/Maps/FirstPersonExampleMap.FirstPersonExampleMap:PersistentLevel' has LevelScriptBlueprint '/Game/FirstPersonBP/Maps/FirstPersonExampleMap.FirstPersonExampleMap:PersistentLevel.FirstPersonExampleMap' with GeneratedClass '/Game/FirstPersonBP/Maps/FirstPersonExampleMap.FirstPersonExampleMap_C' with ClassGeneratedBy '/Game/FirstPersonBP/Maps/FirstPersonExampleMap.FirstPersonExampleMap:PersistentLevel.FirstPersonExampleMap'
[2019.10.17-22.58.06:075][197]LogSlate: FSceneViewport::OnFocusLost() reason 2
[2019.10.17-22.58.06:676][197]LogSavePackage: Save=565.60ms
[2019.10.17-22.58.06:676][197]LogSavePackage: Moving '../../../../../../UE Projects/Horror Game/HorrorGame/Saved/FirstPersonExampleMap1273D6F64B07F2D393BFF09CEA87D372.tmp' to '../../../../../../UE Projects/Horror Game/HorrorGame/Content/FirstPersonBP/Maps/FirstPersonExampleMap.umap'
[2019.10.17-22.58.06:680][197]LogSavePackage: Display: Finished SavePackage ../../../../../../UE Projects/Horror Game/HorrorGame/Content/FirstPersonBP/Maps/FirstPersonExampleMap.umap
[2019.10.17-22.58.07:452][197]LogSavePackage: Save=723.26ms
[2019.10.17-22.58.07:453][197]LogSavePackage: Moving '../../../../../../UE Projects/Horror Game/HorrorGame/Saved/FirstPersonExampleMap_BuiltDataB52A05004D8AB8A7B0CB5EA052EECADD.tmp' to '../../../../../../UE Projects/Horror Game/HorrorGame/Content/FirstPersonBP/Maps/FirstPersonExampleMap_BuiltData.uasset'
[2019.10.17-22.58.07:455][197]LogSavePackage: Display: Finished SavePackage ../../../../../../UE Projects/Horror Game/HorrorGame/Content/FirstPersonBP/Maps/FirstPersonExampleMap_BuiltData.uasset
